#
# A fatal error has been detected by the Java Runtime Environment:
#
#  SIGSEGV (0xb) at pc=0x00007fba5e7d4da2, pid=8893, tid=140439958226688
#
# JRE version: Java(TM) SE Runtime Environment (8.0_51-b16) (build 1.8.0_51-b16)
# Java VM: Java HotSpot(TM) 64-Bit Server VM (25.51-b03 mixed mode linux-amd64 compressed oops)
# Problematic frame:
# C  [i965_dri.so+0x2feda2]
#
# Failed to write core dump. Core dumps have been disabled. To enable core dumping, try "ulimit -c unlimited" before starting Java again
#
# If you would like to submit a bug report, please visit:
#   http://bugreport.java.com/bugreport/crash.jsp
# The crash happened outside the Java Virtual Machine in native code.
# See problematic frame for where to report the bug.
#

---------------  T H R E A D  ---------------

Current thread (0x00007fba70003000):  JavaThread "AWT-EventQueue-1" [_thread_in_native, id=8920, stack(0x00007fbab9c28000,0x00007fbab9d29000)]

siginfo: si_signo: 11 (SIGSEGV), si_code: 1 (SEGV_MAPERR), si_addr: 0x000000000000c540

Registers:
RAX=0x00007fbab89f3640, RBX=0x000000000000c000, RCX=0x0000000000000000, RDX=0x0000000000000001
RSP=0x00007fbab9d26610, RBP=0x0000000000000000, RSI=0x00007fba6cfc8d10, RDI=0x0000000100000000
R8 =0x00007fba5ec2e660, R9 =0x00007fbab87a8df0, R10=0x00007fbac5015968, R11=0x00007fbadc32e090
R12=0x0000000000000000, R13=0x0000000000000000, R14=0xffffffffffffff68, R15=0x00007fba6cfc8c20
RIP=0x00007fba5e7d4da2, EFLAGS=0x0000000000010206, CSGSFS=0x0000000000000033, ERR=0x0000000000000004
  TRAPNO=0x000000000000000e

Top of Stack: (sp=0x00007fbab9d26610)
0x00007fbab9d26610:   00007fbab9d267b0 00007fba608c6240
0x00007fbab9d26620:   0000000000000000 0000000000000000
0x00007fbab9d26630:   0000000000000000 00007fbab87a8e63
0x00007fbab9d26640:   0000000002e0004f 00000000b8777c21
0x00007fbab9d26650:   00007fba60be1320 00007fbab89f3640
0x00007fbab9d26660:   0000000002e0004f 00007fbab8a81320
0x00007fbab9d26670:   00007fbab9d266e0 0000000000000000
0x00007fbab9d26680:   00007fbab8a81320 00007fbab9d267b0
0x00007fbab9d26690:   00007fba70003000 00007fba5fb79849
0x00007fbab9d266a0:   0000000000000000 00007fbab8777c50
0x00007fbab9d266b0:   0000000002e0004f 00007fba60bf3e50
0x00007fbab9d266c0:   00007fbab9d26778 00007fba700031f8
0x00007fbab9d266d0:   ffffffffd741f068 00007fbab8777c50
0x00007fbab9d266e0:   00007fbab9d26768 00007fbac5015994
0x00007fbab9d266f0:   00007fbab8b92828 0000000000000000
0x00007fbab9d26700:   00007fbab8b920c0 0000000000000000
0x00007fbab9d26710:   00007fbab9d26840 00007fbac5011f4d
0x00007fbab9d26720:   00007fbac50055d0 00007fbab9d26728
0x00007fbab9d26730:   0000000000000000 00007fbab9d267b0
0x00007fbab9d26740:   00007fbab8a829c0 0000000000000000
0x00007fbab9d26750:   00007fbab8a81320 0000000000000000
0x00007fbab9d26760:   00007fbab9d26788 00007fbab9d267f8
0x00007fbab9d26770:   00007fbac5007c4d 0000000086dfd8a0
0x00007fbab9d26780:   00007fbac500f578 00007fbab8777c50
0x00007fbab9d26790:   00007fba70003000 0000000002e0004f
0x00007fbab9d267a0:   00007fbab9d267a0 00007fba60bf3e50
0x00007fbab9d267b0:   0000000086dfdbd8 00007fbab9d267b8
0x00007fbab9d267c0:   00007fbab8a81271 00007fbab9d26830
0x00007fbab9d267d0:   00007fbab8a829c0 0000000000000000
0x00007fbab9d267e0:   00007fbab8a81280 00007fbab9d26788
0x00007fbab9d267f0:   00007fbab9d26818 00007fbab9d26878
0x00007fbab9d26800:   00007fbac5007c4d 00007fbab8777c50 

Instructions: (pc=0x00007fba5e7d4da2)
0x00007fba5e7d4d82:   41 5c c3 66 66 2e 0f 1f 84 00 00 00 00 00 41 55
0x00007fba5e7d4d92:   41 54 55 53 48 83 ec 08 48 8b 1f 48 85 db 74 41
0x00007fba5e7d4da2:   f6 83 40 05 00 00 01 89 cd 41 89 d5 49 89 f4 75
0x00007fba5e7d4db2:   75 41 83 e5 01 75 5f 83 e5 fd 74 32 48 8d 35 54 

Register to memory mapping:

RAX=0x00007fbab89f3640: <offset 0x298640> in /lib64/libGL.so.1 at 0x00007fbab875b000
RBX=0x000000000000c000 is an unknown value
RCX=0x0000000000000000 is an unknown value
RDX=0x0000000000000001 is an unknown value
RSP=0x00007fbab9d26610 is pointing into the stack for thread: 0x00007fba70003000
RBP=0x0000000000000000 is an unknown value
RSI=0x00007fba6cfc8d10 is an unknown value
RDI=0x0000000100000000 is pointing into metadata
R8 =0x00007fba5ec2e660: <offset 0x758660> in /usr/lib64/dri/i965_dri.so at 0x00007fba5e4d6000
R9 =0x00007fbab87a8df0: <offset 0x4ddf0> in /lib64/libGL.so.1 at 0x00007fbab875b000
R10=0x00007fbac5015968 is at code_begin+808 in an Interpreter codelet
method entry point (kind = native)  [0x00007fbac5015640, 0x00007fbac5015f40]  2304 bytes
R11=0x00007fbadc32e090: <offset 0x9ad090> in /usr/java/jdk1.8.0_51/jre/lib/amd64/server/libjvm.so at 0x00007fbadb981000
R12=0x0000000000000000 is an unknown value
R13=0x0000000000000000 is an unknown value
R14=0xffffffffffffff68 is an unknown value
R15=0x00007fba6cfc8c20 is an unknown value


Stack: [0x00007fbab9c28000,0x00007fbab9d29000],  sp=0x00007fbab9d26610,  free space=1017k
Native frames: (J=compiled Java code, j=interpreted, Vv=VM code, C=native code)
C  [i965_dri.so+0x2feda2]

Java frames: (J=compiled Java code, j=interpreted, Vv=VM code)
j  jogamp.opengl.x11.glx.GLX.dispatch_glXSwapBuffers0(JJJ)V+0
j  jogamp.opengl.x11.glx.GLX.glXSwapBuffers(JJ)V+41
j  jogamp.opengl.x11.glx.X11GLXDrawable.swapBuffersImpl(Z)V+17
j  jogamp.opengl.GLDrawableImpl.swapBuffers()V+67
j  javax.media.opengl.awt.GLCanvas$12.run()V+45
j  java.awt.event.InvocationEvent.dispatch()V+11
j  java.awt.EventQueue.dispatchEventImpl(Ljava/awt/AWTEvent;Ljava/lang/Object;)V+21
j  java.awt.EventQueue.access$500(Ljava/awt/EventQueue;Ljava/awt/AWTEvent;Ljava/lang/Object;)V+3
j  java.awt.EventQueue$3.run()Ljava/lang/Void;+32
j  java.awt.EventQueue$3.run()Ljava/lang/Object;+1
v  ~StubRoutines::call_stub
J 635  java.security.AccessController.doPrivileged(Ljava/security/PrivilegedAction;Ljava/security/AccessControlContext;)Ljava/lang/Object; (0 bytes) @ 0x00007fbac52aaca3 [0x00007fbac52aac40+0x63]
J 2017 C1 java.awt.EventQueue.dispatchEvent(Ljava/awt/AWTEvent;)V (80 bytes) @ 0x00007fbac5759c84 [0x00007fbac57593e0+0x8a4]
j  java.awt.EventDispatchThread.pumpOneEventForFilters(I)V+245
j  java.awt.EventDispatchThread.pumpEventsForFilter(ILjava/awt/Conditional;Ljava/awt/EventFilter;)V+35
j  java.awt.EventDispatchThread.pumpEventsForHierarchy(ILjava/awt/Conditional;Ljava/awt/Component;)V+11
j  java.awt.EventDispatchThread.pumpEvents(ILjava/awt/Conditional;)V+4
j  java.awt.EventDispatchThread.pumpEvents(Ljava/awt/Conditional;)V+3
j  java.awt.EventDispatchThread.run()V+9
v  ~StubRoutines::call_stub

---------------  P R O C E S S  ---------------

Java Threads: ( => current thread )
  0x00007fba6d472000 JavaThread "Thread-19" [_thread_blocked, id=8952, stack(0x00007fba53dfe000,0x00007fba53eff000)]
  0x00007fba48003800 JavaThread "Image Fetcher 3" daemon [_thread_blocked, id=8939, stack(0x00007fba530a6000,0x00007fba531a7000)]
  0x00007fba40006800 JavaThread "Image Fetcher 2" daemon [_thread_blocked, id=8938, stack(0x00007fba531a7000,0x00007fba532a8000)]
  0x00007fba4c00a800 JavaThread "Image Fetcher 1" daemon [_thread_blocked, id=8937, stack(0x00007fba532a8000,0x00007fba533a9000)]
  0x00007fba54001000 JavaThread "Image Fetcher 0" daemon [_thread_blocked, id=8936, stack(0x00007fba533a9000,0x00007fba534aa000)]
  0x00007fba54003000 JavaThread "Keep-Alive-Timer" daemon [_thread_blocked, id=8935, stack(0x00007fba534aa000,0x00007fba535ab000)]
  0x00007fba60112800 JavaThread "Animation Thread-SharedResourceRunner" daemon [_thread_blocked, id=8930, stack(0x00007fbab9826000,0x00007fbab9927000)]
  0x00007fba600a3800 JavaThread "process reaper" daemon [_thread_blocked, id=8925, stack(0x00007fbad8009000,0x00007fbad8042000)]
=>0x00007fba70003000 JavaThread "AWT-EventQueue-1" [_thread_in_native, id=8920, stack(0x00007fbab9c28000,0x00007fbab9d29000)]
  0x00007fbad4009800 JavaThread "DestroyJavaVM" [_thread_blocked, id=8895, stack(0x00007fbadd435000,0x00007fbadd536000)]
  0x00007fbad4344000 JavaThread "AWT-EventQueue-0" [_thread_blocked, id=8917, stack(0x00007fbaba5d1000,0x00007fbaba6d2000)]
  0x00007fbad4341800 JavaThread "AWT-Shutdown" [_thread_blocked, id=8916, stack(0x00007fbaba6d2000,0x00007fbaba7d3000)]
  0x00007fbad432a000 JavaThread "thread applet-com.airport.AirportMap.class" [_thread_blocked, id=8915, stack(0x00007fbaba7d3000,0x00007fbaba8d4000)]
  0x00007fbad431d000 JavaThread "AWT-XAWT" daemon [_thread_blocked, id=8913, stack(0x00007fbaba8d4000,0x00007fbaba9d5000)]
  0x00007fbad42f7000 JavaThread "Java2D Disposer" daemon [_thread_blocked, id=8912, stack(0x00007fbac0018000,0x00007fbac0119000)]
  0x00007fbad40c2800 JavaThread "Service Thread" daemon [_thread_blocked, id=8910, stack(0x00007fbac0957000,0x00007fbac0a58000)]
  0x00007fbad40bd000 JavaThread "C1 CompilerThread2" daemon [_thread_blocked, id=8909, stack(0x00007fbac0a58000,0x00007fbac0b59000)]
  0x00007fbad40bb800 JavaThread "C2 CompilerThread1" daemon [_thread_blocked, id=8908, stack(0x00007fbac0b59000,0x00007fbac0c5a000)]
  0x00007fbad40b8800 JavaThread "C2 CompilerThread0" daemon [_thread_blocked, id=8907, stack(0x00007fbac0c5a000,0x00007fbac0d5b000)]
  0x00007fbad40b7000 JavaThread "Signal Dispatcher" daemon [_thread_blocked, id=8906, stack(0x00007fbac0d5b000,0x00007fbac0e5c000)]
  0x00007fbad407e800 JavaThread "Finalizer" daemon [_thread_blocked, id=8905, stack(0x00007fbac0e5c000,0x00007fbac0f5d000)]
  0x00007fbad407c800 JavaThread "Reference Handler" daemon [_thread_blocked, id=8904, stack(0x00007fbac0f5d000,0x00007fbac105e000)]

Other Threads:
  0x00007fbad4077800 VMThread [stack: 0x00007fbac105e000,0x00007fbac115f000] [id=8903]
  0x00007fbad40c5000 WatcherThread [stack: 0x00007fbac0856000,0x00007fbac0957000] [id=8911]

VM state:not at safepoint (normal execution)

VM Mutex/Monitor currently owned by a thread: None

Heap:
 PSYoungGen      total 153600K, used 17967K [0x00000000d6f00000, 0x00000000e2100000, 0x0000000100000000)
  eden space 126976K, 7% used [0x00000000d6f00000,0x00000000d782a738,0x00000000deb00000)
  from space 26624K, 32% used [0x00000000e0700000,0x00000000e0f615e0,0x00000000e2100000)
  to   space 27648K, 0% used [0x00000000deb00000,0x00000000deb00000,0x00000000e0600000)
 ParOldGen       total 84992K, used 48318K [0x0000000084c00000, 0x0000000089f00000, 0x00000000d6f00000)
  object space 84992K, 56% used [0x0000000084c00000,0x0000000087b2f800,0x0000000089f00000)
 Metaspace       used 19606K, capacity 19849K, committed 20224K, reserved 1067008K
  class space    used 1885K, capacity 1954K, committed 2048K, reserved 1048576K

Card table byte_map: [0x00007fbada473000,0x00007fbada84e000] byte_map_base: 0x00007fbada04d000

Marking Bits: (ParMarkBitMap*) 0x00007fbadc91f660
 Begin Bits: [0x00007fbac1260000, 0x00007fbac3130000)
 End Bits:   [0x00007fbac3130000, 0x00007fbac5000000)

Polling page: 0x00007fbadd558000

CodeCache: size=245760Kb used=7825Kb max_used=7831Kb free=237934Kb
 bounds [0x00007fbac5000000, 0x00007fbac57b0000, 0x00007fbad4000000]
 total_blobs=3086 nmethods=2116 adapters=883
 compilation: enabled

Compilation events (10 events):
Event: 4.123 Thread 0x00007fbad40bd000 nmethod 2122 0x00007fbac579d390 code [0x00007fbac579d500, 0x00007fbac579d6f0]
Event: 4.123 Thread 0x00007fbad40bd000 2123   !   3       jogamp.nativewindow.jawt.JAWTUtil::isJava2DQueueFlusherThread (32 bytes)
Event: 4.123 Thread 0x00007fbad40bd000 nmethod 2123 0x00007fbac57aa3d0 code [0x00007fbac57aa560, 0x00007fbac57aa928]
Event: 4.125 Thread 0x00007fbad40bd000 2124       3       sun.awt.X11.XBaseWindow::awtLock (4 bytes)
Event: 4.125 Thread 0x00007fbad40bb800 2126       4       java.lang.StrictMath::floorOrCeil (128 bytes)
Event: 4.125 Thread 0x00007fbad40b8800 2127       4       java.lang.Math::floor (5 bytes)
Event: 4.125 Thread 0x00007fbad40bd000 nmethod 2124 0x00007fbac57a9d50 code [0x00007fbac57a9ee0, 0x00007fbac57aa248]
Event: 4.125 Thread 0x00007fbad40bd000 2125       3       sun.awt.X11.XBaseWindow::awtUnlock (4 bytes)
Event: 4.125 Thread 0x00007fbad40bd000 nmethod 2125 0x00007fbac57a96d0 code [0x00007fbac57a9860, 0x00007fbac57a9bc8]
Event: 4.125 Thread 0x00007fbad40bd000 2128       3       jogamp.opengl.GLDrawableImpl::lockSurface (103 bytes)

GC Heap History (10 events):
Event: 1.306 GC heap before
{Heap before GC invocations=2 (full 0):
 PSYoungGen      total 36864K, used 36360K [0x00000000d6f00000, 0x00000000d9800000, 0x0000000100000000)
  eden space 31744K, 100% used [0x00000000d6f00000,0x00000000d8e00000,0x00000000d8e00000)
  from space 5120K, 90% used [0x00000000d8e00000,0x00000000d9282178,0x00000000d9300000)
  to   space 5120K, 0% used [0x00000000d9300000,0x00000000d9300000,0x00000000d9800000)
 ParOldGen       total 84992K, used 16K [0x0000000084c00000, 0x0000000089f00000, 0x00000000d6f00000)
  object space 84992K, 0% used [0x0000000084c00000,0x0000000084c04000,0x0000000089f00000)
 Metaspace       used 18386K, capacity 18603K, committed 18816K, reserved 1067008K
  class space    used 1806K, capacity 1885K, committed 1920K, reserved 1048576K
Event: 1.322 GC heap after
Heap after GC invocations=2 (full 0):
 PSYoungGen      total 36864K, used 5112K [0x00000000d6f00000, 0x00000000db700000, 0x0000000100000000)
  eden space 31744K, 0% used [0x00000000d6f00000,0x00000000d6f00000,0x00000000d8e00000)
  from space 5120K, 99% used [0x00000000d9300000,0x00000000d97fe0c8,0x00000000d9800000)
  to   space 5120K, 0% used [0x00000000d8e00000,0x00000000d8e00000,0x00000000d9300000)
 ParOldGen       total 84992K, used 6167K [0x0000000084c00000, 0x0000000089f00000, 0x00000000d6f00000)
  object space 84992K, 7% used [0x0000000084c00000,0x0000000085205ed0,0x0000000089f00000)
 Metaspace       used 18386K, capacity 18603K, committed 18816K, reserved 1067008K
  class space    used 1806K, capacity 1885K, committed 1920K, reserved 1048576K
}
Event: 1.563 GC heap before
{Heap before GC invocations=3 (full 0):
 PSYoungGen      total 36864K, used 36856K [0x00000000d6f00000, 0x00000000db700000, 0x0000000100000000)
  eden space 31744K, 100% used [0x00000000d6f00000,0x00000000d8e00000,0x00000000d8e00000)
  from space 5120K, 99% used [0x00000000d9300000,0x00000000d97fe0c8,0x00000000d9800000)
  to   space 5120K, 0% used [0x00000000d8e00000,0x00000000d8e00000,0x00000000d9300000)
 ParOldGen       total 84992K, used 6167K [0x0000000084c00000, 0x0000000089f00000, 0x00000000d6f00000)
  object space 84992K, 7% used [0x0000000084c00000,0x0000000085205ed0,0x0000000089f00000)
 Metaspace       used 18431K, capacity 18667K, committed 18816K, reserved 1067008K
  class space    used 1811K, capacity 1885K, committed 1920K, reserved 1048576K
Event: 1.581 GC heap after
Heap after GC invocations=3 (full 0):
 PSYoungGen      total 36864K, used 5111K [0x00000000d6f00000, 0x00000000db700000, 0x0000000100000000)
  eden space 31744K, 0% used [0x00000000d6f00000,0x00000000d6f00000,0x00000000d8e00000)
  from space 5120K, 99% used [0x00000000d8e00000,0x00000000d92fdf30,0x00000000d9300000)
  to   space 5120K, 0% used [0x00000000db200000,0x00000000db200000,0x00000000db700000)
 ParOldGen       total 84992K, used 17995K [0x0000000084c00000, 0x0000000089f00000, 0x00000000d6f00000)
  object space 84992K, 21% used [0x0000000084c00000,0x0000000085d92f10,0x0000000089f00000)
 Metaspace       used 18431K, capacity 18667K, committed 18816K, reserved 1067008K
  class space    used 1811K, capacity 1885K, committed 1920K, reserved 1048576K
}
Event: 1.622 GC heap before
{Heap before GC invocations=4 (full 0):
 PSYoungGen      total 36864K, used 36855K [0x00000000d6f00000, 0x00000000db700000, 0x0000000100000000)
  eden space 31744K, 100% used [0x00000000d6f00000,0x00000000d8e00000,0x00000000d8e00000)
  from space 5120K, 99% used [0x00000000d8e00000,0x00000000d92fdf30,0x00000000d9300000)
  to   space 5120K, 0% used [0x00000000db200000,0x00000000db200000,0x00000000db700000)
 ParOldGen       total 84992K, used 17995K [0x0000000084c00000, 0x0000000089f00000, 0x00000000d6f00000)
  object space 84992K, 21% used [0x0000000084c00000,0x0000000085d92f10,0x0000000089f00000)
 Metaspace       used 18431K, capacity 18667K, committed 18816K, reserved 1067008K
  class space    used 1811K, capacity 1885K, committed 1920K, reserved 1048576K
Event: 1.641 GC heap after
Heap after GC invocations=4 (full 0):
 PSYoungGen      total 68608K, used 5094K [0x00000000d6f00000, 0x00000000db700000, 0x0000000100000000)
  eden space 63488K, 0% used [0x00000000d6f00000,0x00000000d6f00000,0x00000000dad00000)
  from space 5120K, 99% used [0x00000000db200000,0x00000000db6f9b18,0x00000000db700000)
  to   space 5120K, 0% used [0x00000000dad00000,0x00000000dad00000,0x00000000db200000)
 ParOldGen       total 84992K, used 30747K [0x0000000084c00000, 0x0000000089f00000, 0x00000000d6f00000)
  object space 84992K, 36% used [0x0000000084c00000,0x0000000086a06f10,0x0000000089f00000)
 Metaspace       used 18431K, capacity 18667K, committed 18816K, reserved 1067008K
  class space    used 1811K, capacity 1885K, committed 1920K, reserved 1048576K
}
Event: 2.183 GC heap before
{Heap before GC invocations=5 (full 0):
 PSYoungGen      total 68608K, used 68582K [0x00000000d6f00000, 0x00000000db700000, 0x0000000100000000)
  eden space 63488K, 100% used [0x00000000d6f00000,0x00000000dad00000,0x00000000dad00000)
  from space 5120K, 99% used [0x00000000db200000,0x00000000db6f9b18,0x00000000db700000)
  to   space 5120K, 0% used [0x00000000dad00000,0x00000000dad00000,0x00000000db200000)
 ParOldGen       total 84992K, used 30747K [0x0000000084c00000, 0x0000000089f00000, 0x00000000d6f00000)
  object space 84992K, 36% used [0x0000000084c00000,0x0000000086a06f10,0x0000000089f00000)
 Metaspace       used 19301K, capacity 19523K, committed 19712K, reserved 1067008K
  class space    used 1882K, capacity 1953K, committed 2048K, reserved 1048576K
Event: 2.207 GC heap after
Heap after GC invocations=5 (full 0):
 PSYoungGen      total 68608K, used 5109K [0x00000000d6f00000, 0x00000000e2300000, 0x0000000100000000)
  eden space 63488K, 0% used [0x00000000d6f00000,0x00000000d6f00000,0x00000000dad00000)
  from space 5120K, 99% used [0x00000000dad00000,0x00000000db1fd500,0x00000000db200000)
  to   space 28672K, 0% used [0x00000000e0700000,0x00000000e0700000,0x00000000e2300000)
 ParOldGen       total 84992K, used 48310K [0x0000000084c00000, 0x0000000089f00000, 0x00000000d6f00000)
  object space 84992K, 56% used [0x0000000084c00000,0x0000000087b2d800,0x0000000089f00000)
 Metaspace       used 19301K, capacity 19523K, committed 19712K, reserved 1067008K
  class space    used 1882K, capacity 1953K, committed 2048K, reserved 1048576K
}
Event: 3.983 GC heap before
{Heap before GC invocations=6 (full 0):
 PSYoungGen      total 68608K, used 68597K [0x00000000d6f00000, 0x00000000e2300000, 0x0000000100000000)
  eden space 63488K, 100% used [0x00000000d6f00000,0x00000000dad00000,0x00000000dad00000)
  from space 5120K, 99% used [0x00000000dad00000,0x00000000db1fd500,0x00000000db200000)
  to   space 28672K, 0% used [0x00000000e0700000,0x00000000e0700000,0x00000000e2300000)
 ParOldGen       total 84992K, used 48310K [0x0000000084c00000, 0x0000000089f00000, 0x00000000d6f00000)
  object space 84992K, 56% used [0x0000000084c00000,0x0000000087b2d800,0x0000000089f00000)
 Metaspace       used 19575K, capacity 19849K, committed 20224K, reserved 1067008K
  class space    used 1882K, capacity 1954K, committed 2048K, reserved 1048576K
Event: 3.995 GC heap after
Heap after GC invocations=6 (full 0):
 PSYoungGen      total 153600K, used 8581K [0x00000000d6f00000, 0x00000000e2100000, 0x0000000100000000)
  eden space 126976K, 0% used [0x00000000d6f00000,0x00000000d6f00000,0x00000000deb00000)
  from space 26624K, 32% used [0x00000000e0700000,0x00000000e0f615e0,0x00000000e2100000)
  to   space 27648K, 0% used [0x00000000deb00000,0x00000000deb00000,0x00000000e0600000)
 ParOldGen       total 84992K, used 48318K [0x0000000084c00000, 0x0000000089f00000, 0x00000000d6f00000)
  object space 84992K, 56% used [0x0000000084c00000,0x0000000087b2f800,0x0000000089f00000)
 Metaspace       used 19575K, capacity 19849K, committed 20224K, reserved 1067008K
  class space    used 1882K, capacity 1954K, committed 2048K, reserved 1048576K
}

Deoptimization events (10 events):
Event: 1.829 Thread 0x00007fba70003000 Uncommon trap: reason=class_check action=maybe_recompile pc=0x00007fbac54951dc method=java.util.regex.Pattern$Curly.match0(Ljava/util/regex/Matcher;IILjava/lang/CharSequence;)Z @ 31
Event: 1.829 Thread 0x00007fba70003000 Uncommon trap: reason=class_check action=maybe_recompile pc=0x00007fbac54951dc method=java.util.regex.Pattern$Curly.match0(Ljava/util/regex/Matcher;IILjava/lang/CharSequence;)Z @ 31
Event: 1.844 Thread 0x00007fba70003000 Uncommon trap: reason=class_check action=maybe_recompile pc=0x00007fbac54f5098 method=com.jogamp.common.nio.Buffers.getDirectBufferByteOffset(Ljava/lang/Object;)I @ 42
Event: 1.854 Thread 0x00007fba70003000 Uncommon trap: reason=unstable_if action=reinterpret pc=0x00007fbac554e3b0 method=processing.core.PApplet.max(III)I @ 20
Event: 1.855 Thread 0x00007fba70003000 Uncommon trap: reason=class_check action=maybe_recompile pc=0x00007fbac54f5098 method=com.jogamp.common.nio.Buffers.getDirectBufferByteOffset(Ljava/lang/Object;)I @ 42
Event: 1.885 Thread 0x00007fba70003000 Uncommon trap: reason=class_check action=maybe_recompile pc=0x00007fbac54f5098 method=com.jogamp.common.nio.Buffers.getDirectBufferByteOffset(Ljava/lang/Object;)I @ 42
Event: 2.104 Thread 0x00007fba6d406000 Uncommon trap: reason=class_check action=maybe_recompile pc=0x00007fbac54b7b10 method=java.util.Arrays.copyOf([Ljava/lang/Object;ILjava/lang/Class;)[Ljava/lang/Object; @ 24
Event: 2.584 Thread 0x00007fba70003000 Uncommon trap: reason=unstable_if action=reinterpret pc=0x00007fbac55e8914 method=processing.opengl.PGraphicsOpenGL$TessGeometry.polyIndexCheck(I)V @ 13
Event: 4.124 Thread 0x00007fba70003000 Uncommon trap: reason=class_check action=maybe_recompile pc=0x00007fbac54b7b10 method=java.util.Arrays.copyOf([Ljava/lang/Object;ILjava/lang/Class;)[Ljava/lang/Object; @ 24
Event: 4.124 Thread 0x00007fba70003000 Uncommon trap: reason=class_check action=maybe_recompile pc=0x00007fbac54b7b10 method=java.util.Arrays.copyOf([Ljava/lang/Object;ILjava/lang/Class;)[Ljava/lang/Object; @ 24

Internal exceptions (10 events):
Event: 1.083 Thread 0x00007fba70003000 Implicit null exception at 0x00007fbac515f635 to 0x00007fbac515f98d
Event: 1.727 Thread 0x00007fba70003000 Exception <a 'java/lang/reflect/InvocationTargetException'> (0x00000000d870f340) thrown at [/HUDSON/workspace/8-2-build-linux-amd64/jdk8u51/3951/hotspot/src/share/vm/runtime/reflection.cpp, line 1080]
Event: 1.728 Thread 0x00007fba70003000 Exception <a 'java/lang/reflect/InvocationTargetException'> (0x00000000d870f8b0) thrown at [/HUDSON/workspace/8-2-build-linux-amd64/jdk8u51/3951/hotspot/src/share/vm/runtime/reflection.cpp, line 1080]
Event: 1.856 Thread 0x00007fba70003000 Exception <a 'java/lang/reflect/InvocationTargetException'> (0x00000000d99aebf0) thrown at [/HUDSON/workspace/8-2-build-linux-amd64/jdk8u51/3951/hotspot/src/share/vm/runtime/reflection.cpp, line 1080]
Event: 1.856 Thread 0x00007fba70003000 Exception <a 'java/lang/reflect/InvocationTargetException'> (0x00000000d99af000) thrown at [/HUDSON/workspace/8-2-build-linux-amd64/jdk8u51/3951/hotspot/src/share/vm/runtime/reflection.cpp, line 1080]
Event: 1.887 Thread 0x00007fba70003000 Exception <a 'java/lang/reflect/InvocationTargetException'> (0x00000000d9e62e10) thrown at [/HUDSON/workspace/8-2-build-linux-amd64/jdk8u51/3951/hotspot/src/share/vm/runtime/reflection.cpp, line 1080]
Event: 1.887 Thread 0x00007fba70003000 Exception <a 'java/lang/reflect/InvocationTargetException'> (0x00000000d9e63220) thrown at [/HUDSON/workspace/8-2-build-linux-amd64/jdk8u51/3951/hotspot/src/share/vm/runtime/reflection.cpp, line 1080]
Event: 1.919 Thread 0x00007fba70003000 Exception <a 'java/lang/reflect/InvocationTargetException'> (0x00000000da310660) thrown at [/HUDSON/workspace/8-2-build-linux-amd64/jdk8u51/3951/hotspot/src/share/vm/runtime/reflection.cpp, line 1080]
Event: 1.920 Thread 0x00007fba70003000 Exception <a 'java/lang/reflect/InvocationTargetException'> (0x00000000da310a70) thrown at [/HUDSON/workspace/8-2-build-linux-amd64/jdk8u51/3951/hotspot/src/share/vm/runtime/reflection.cpp, line 1080]
Event: 1.946 Thread 0x00007fba70003000 Exception <a 'java/lang/reflect/InvocationTargetException'> (0x00000000da3fca78) thrown at [/HUDSON/workspace/8-2-build-linux-amd64/jdk8u51/3951/hotspot/src/share/vm/runtime/reflection.cpp, line 1080]

Events (10 events):
Event: 4.124 Thread 0x00007fba70003000 DEOPT PACKING pc=0x00007fbac54b7b10 sp=0x00007fbab9d25750
Event: 4.124 Thread 0x00007fba70003000 DEOPT UNPACKING pc=0x00007fbac5005229 sp=0x00007fbab9d25710 mode 2
Event: 4.124 Thread 0x00007fba70003000 Uncommon trap: trap_request=0xffffffde fr.pc=0x00007fbac54b7b10
Event: 4.124 Thread 0x00007fba70003000 DEOPT PACKING pc=0x00007fbac54b7b10 sp=0x00007fbab9d256d0
Event: 4.124 Thread 0x00007fba70003000 DEOPT UNPACKING pc=0x00007fbac5005229 sp=0x00007fbab9d25690 mode 2
Event: 4.124 loading class java/awt/KeyboardFocusManager$2
Event: 4.124 loading class java/awt/KeyboardFocusManager$2 done
Event: 4.124 loading class sun/awt/SunToolkit$1
Event: 4.124 loading class sun/awt/SunToolkit$1 done
Event: 4.125 Thread 0x00007fba7000f000 Thread exited: 0x00007fba7000f000


Dynamic libraries:
00400000-00401000 r-xp 00000000 fd:00 923311                             /usr/java/jdk1.8.0_51/bin/java
00600000-00601000 rw-p 00000000 fd:00 923311                             /usr/java/jdk1.8.0_51/bin/java
01ad7000-01b40000 rw-p 00000000 00:00 0                                  [heap]
84c00000-89f00000 rw-p 00000000 00:00 0 
89f00000-d6f00000 ---p 00000000 00:00 0 
d6f00000-e2100000 rw-p 00000000 00:00 0 
e2100000-100000000 ---p 00000000 00:00 0 
100000000-100200000 rw-p 00000000 00:00 0 
100200000-140000000 ---p 00000000 00:00 0 
7fba30000000-7fba30049000 rw-p 00000000 00:00 0 
7fba30049000-7fba34000000 ---p 00000000 00:00 0 
7fba38000000-7fba38055000 rw-p 00000000 00:00 0 
7fba38055000-7fba3c000000 ---p 00000000 00:00 0 
7fba3c000000-7fba3c053000 rw-p 00000000 00:00 0 
7fba3c053000-7fba40000000 ---p 00000000 00:00 0 
7fba40000000-7fba40021000 rw-p 00000000 00:00 0 
7fba40021000-7fba44000000 ---p 00000000 00:00 0 
7fba44000000-7fba44021000 rw-p 00000000 00:00 0 
7fba44021000-7fba48000000 ---p 00000000 00:00 0 
7fba48000000-7fba48021000 rw-p 00000000 00:00 0 
7fba48021000-7fba4c000000 ---p 00000000 00:00 0 
7fba4c000000-7fba4c021000 rw-p 00000000 00:00 0 
7fba4c021000-7fba50000000 ---p 00000000 00:00 0 
7fba529a6000-7fba52a16000 rw-s 00000000 00:05 74284                      /drm mm object (deleted)
7fba52a16000-7fba52a86000 rw-s 00000000 00:05 74283                      /drm mm object (deleted)
7fba52a86000-7fba52af6000 rw-s 00000000 00:05 74282                      /drm mm object (deleted)
7fba52af6000-7fba52b66000 rw-s 00000000 00:05 74281                      /drm mm object (deleted)
7fba52b66000-7fba52bd6000 rw-s 00000000 00:05 74280                      /drm mm object (deleted)
7fba52bd6000-7fba52c46000 rw-s 00000000 00:05 74279                      /drm mm object (deleted)
7fba52c46000-7fba52cb6000 rw-s 00000000 00:05 74278                      /drm mm object (deleted)
7fba52cb6000-7fba52d26000 rw-s 00000000 00:05 74277                      /drm mm object (deleted)
7fba52d26000-7fba52d96000 rw-s 00000000 00:05 73624                      /drm mm object (deleted)
7fba52d96000-7fba52e06000 rw-s 00000000 00:05 73623                      /drm mm object (deleted)
7fba52e06000-7fba52e76000 rw-s 00000000 00:05 72557                      /drm mm object (deleted)
7fba52e76000-7fba52ee6000 rw-s 00000000 00:05 72556                      /drm mm object (deleted)
7fba52ee6000-7fba52f56000 rw-s 00000000 00:05 72550                      /drm mm object (deleted)
7fba52f56000-7fba52fc6000 rw-s 00000000 00:05 72542                      /drm mm object (deleted)
7fba52fc6000-7fba53036000 rw-s 00000000 00:05 72533                      /drm mm object (deleted)
7fba53036000-7fba530a6000 rw-s 00000000 00:05 72523                      /drm mm object (deleted)
7fba530a6000-7fba530a9000 ---p 00000000 00:00 0 
7fba530a9000-7fba531a7000 rw-p 00000000 00:00 0                          [stack:8939]
7fba531a7000-7fba531aa000 ---p 00000000 00:00 0 
7fba531aa000-7fba532a8000 rw-p 00000000 00:00 0                          [stack:8938]
7fba532a8000-7fba532ab000 ---p 00000000 00:00 0 
7fba532ab000-7fba533a9000 rw-p 00000000 00:00 0                          [stack:8937]
7fba533a9000-7fba533ac000 ---p 00000000 00:00 0 
7fba533ac000-7fba534aa000 rw-p 00000000 00:00 0                          [stack:8936]
7fba534aa000-7fba534ad000 ---p 00000000 00:00 0 
7fba534ad000-7fba535ab000 rw-p 00000000 00:00 0                          [stack:8935]
7fba535ab000-7fba5361b000 rw-s 103281000 00:06 458                       /dev/dri/card0
7fba5361b000-7fba53632000 r-xp 00000000 fd:00 793921                     /usr/lib64/libresolv-2.20.so
7fba53632000-7fba53831000 ---p 00017000 fd:00 793921                     /usr/lib64/libresolv-2.20.so
7fba53831000-7fba53832000 r--p 00016000 fd:00 793921                     /usr/lib64/libresolv-2.20.so
7fba53832000-7fba53833000 rw-p 00017000 fd:00 793921                     /usr/lib64/libresolv-2.20.so
7fba53833000-7fba53835000 rw-p 00000000 00:00 0 
7fba53835000-7fba5383a000 r-xp 00000000 fd:00 793841                     /usr/lib64/libnss_dns-2.20.so
7fba5383a000-7fba53a39000 ---p 00005000 fd:00 793841                     /usr/lib64/libnss_dns-2.20.so
7fba53a39000-7fba53a3a000 r--p 00004000 fd:00 793841                     /usr/lib64/libnss_dns-2.20.so
7fba53a3a000-7fba53a3b000 rw-p 00005000 fd:00 793841                     /usr/lib64/libnss_dns-2.20.so
7fba53a3b000-7fba53a3d000 r-xp 00000000 fd:00 795035                     /usr/lib64/libnss_mdns4_minimal.so.2
7fba53a3d000-7fba53c3c000 ---p 00002000 fd:00 795035                     /usr/lib64/libnss_mdns4_minimal.so.2
7fba53c3c000-7fba53c3d000 r--p 00001000 fd:00 795035                     /usr/lib64/libnss_mdns4_minimal.so.2
7fba53c3d000-7fba53c3e000 rw-p 00002000 fd:00 795035                     /usr/lib64/libnss_mdns4_minimal.so.2
7fba53c3e000-7fba53dfe000 rw-s 00000000 00:05 74269                      /drm mm object (deleted)
7fba53dfe000-7fba53e01000 ---p 00000000 00:00 0 
7fba53e01000-7fba53eff000 rw-p 00000000 00:00 0                          [stack:8952]
7fba53eff000-7fba53f02000 ---p 00000000 00:00 0 
7fba53f02000-7fba54000000 rw-p 00000000 00:00 0 
7fba54000000-7fba54021000 rw-p 00000000 00:00 0 
7fba54021000-7fba58000000 ---p 00000000 00:00 0 
7fba58000000-7fba5aec1000 rw-p 00000000 00:00 0 
7fba5aec1000-7fba5c000000 ---p 00000000 00:00 0 
7fba5c007000-7fba5c00a000 ---p 00000000 00:00 0 
7fba5c00a000-7fba5c108000 rw-p 00000000 00:00 0 
7fba5c108000-7fba5c10b000 ---p 00000000 00:00 0 
7fba5c10b000-7fba5c209000 rw-p 00000000 00:00 0 
7fba5c209000-7fba5c279000 rw-s 103211000 00:06 458                       /dev/dri/card0
7fba5c279000-7fba5c439000 rw-s 00000000 00:05 74950                      /drm mm object (deleted)
7fba5c639000-7fba5c7f9000 rw-p 00000000 00:00 0 
7fba5c7f9000-7fba5c839000 ---p 00000000 00:00 0 
7fba5c839000-7fba5c8d9000 rw-s 103171000 00:06 458                       /dev/dri/card0
7fba5c8d9000-7fba5cad9000 rw-s 00000000 00:05 74937                      /drm mm object (deleted)
7fba5cad9000-7fba5ccd9000 rw-s 00000000 00:05 74936                      /drm mm object (deleted)
7fba5ccd9000-7fba5ccee000 r-xp 00000000 fd:00 795455                     /usr/lib64/libz.so.1.2.8
7fba5ccee000-7fba5ceed000 ---p 00015000 fd:00 795455                     /usr/lib64/libz.so.1.2.8
7fba5ceed000-7fba5ceee000 r--p 00014000 fd:00 795455                     /usr/lib64/libz.so.1.2.8
7fba5ceee000-7fba5ceef000 rw-p 00015000 fd:00 795455                     /usr/lib64/libz.so.1.2.8
7fba5ceef000-7fba5cefe000 r-xp 00000000 fd:00 794528                     /usr/lib64/libbz2.so.1.0.6
7fba5cefe000-7fba5d0fd000 ---p 0000f000 fd:00 794528                     /usr/lib64/libbz2.so.1.0.6
7fba5d0fd000-7fba5d0fe000 r--p 0000e000 fd:00 794528                     /usr/lib64/libbz2.so.1.0.6
7fba5d0fe000-7fba5d0ff000 rw-p 0000f000 fd:00 794528                     /usr/lib64/libbz2.so.1.0.6
7fba5d0ff000-7fba5d123000 r-xp 00000000 fd:00 794956                     /usr/lib64/liblzma.so.5.0.99
7fba5d123000-7fba5d322000 ---p 00024000 fd:00 794956                     /usr/lib64/liblzma.so.5.0.99
7fba5d322000-7fba5d323000 r--p 00023000 fd:00 794956                     /usr/lib64/liblzma.so.5.0.99
7fba5d323000-7fba5d324000 rw-p 00024000 fd:00 794956                     /usr/lib64/liblzma.so.5.0.99
7fba5d324000-7fba5d339000 r-xp 00000000 fd:00 791716                     /usr/lib64/libelf-0.163.so
7fba5d339000-7fba5d539000 ---p 00015000 fd:00 791716                     /usr/lib64/libelf-0.163.so
7fba5d539000-7fba5d53a000 r--p 00015000 fd:00 791716                     /usr/lib64/libelf-0.163.so
7fba5d53a000-7fba5d53b000 rw-p 00016000 fd:00 791716                     /usr/lib64/libelf-0.163.so
7fba5d53b000-7fba5d581000 r-xp 00000000 fd:00 791730                     /usr/lib64/libdw-0.163.so
7fba5d581000-7fba5d781000 ---p 00046000 fd:00 791730                     /usr/lib64/libdw-0.163.so
7fba5d781000-7fba5d783000 r--p 00046000 fd:00 791730                     /usr/lib64/libdw-0.163.so
7fba5d783000-7fba5d784000 rw-p 00048000 fd:00 791730                     /usr/lib64/libdw-0.163.so
7fba5d784000-7fba5d786000 r-xp 00000000 fd:00 794452                     /usr/lib64/libXinerama.so.1.0.0
7fba5d786000-7fba5d985000 ---p 00002000 fd:00 794452                     /usr/lib64/libXinerama.so.1.0.0
7fba5d985000-7fba5d986000 r--p 00001000 fd:00 794452                     /usr/lib64/libXinerama.so.1.0.0
7fba5d986000-7fba5d987000 rw-p 00002000 fd:00 794452                     /usr/lib64/libXinerama.so.1.0.0
7fba5d987000-7fba5d98f000 r-xp 00000000 fd:00 795090                     /usr/lib64/libpciaccess.so.0.11.1
7fba5d98f000-7fba5db8f000 ---p 00008000 fd:00 795090                     /usr/lib64/libpciaccess.so.0.11.1
7fba5db8f000-7fba5db90000 r--p 00008000 fd:00 795090                     /usr/lib64/libpciaccess.so.0.11.1
7fba5db90000-7fba5db91000 rw-p 00009000 fd:00 795090                     /usr/lib64/libpciaccess.so.0.11.1
7fba5db91000-7fba5dc81000 r-xp 00000000 fd:00 794051                     /usr/lib64/libstdc++.so.6.0.20
7fba5dc81000-7fba5de81000 ---p 000f0000 fd:00 794051                     /usr/lib64/libstdc++.so.6.0.20
7fba5de81000-7fba5de89000 r--p 000f0000 fd:00 794051                     /usr/lib64/libstdc++.so.6.0.20
7fba5de89000-7fba5de8b000 rw-p 000f8000 fd:00 794051                     /usr/lib64/libstdc++.so.6.0.20
7fba5de8b000-7fba5dea0000 rw-p 00000000 00:00 0 
7fba5dea0000-7fba5deac000 r-xp 00000000 fd:00 793461                     /usr/lib64/libdrm_radeon.so.1.0.1
7fba5deac000-7fba5e0ab000 ---p 0000c000 fd:00 793461                     /usr/lib64/libdrm_radeon.so.1.0.1
7fba5e0ab000-7fba5e0ac000 r--p 0000b000 fd:00 793461                     /usr/lib64/libdrm_radeon.so.1.0.1
7fba5e0ac000-7fba5e0ad000 rw-p 0000c000 fd:00 793461                     /usr/lib64/libdrm_radeon.so.1.0.1
7fba5e0ad000-7fba5e0b3000 r-xp 00000000 fd:00 793460                     /usr/lib64/libdrm_nouveau.so.2.0.0
7fba5e0b3000-7fba5e2b2000 ---p 00006000 fd:00 793460                     /usr/lib64/libdrm_nouveau.so.2.0.0
7fba5e2b2000-7fba5e2b3000 r--p 00005000 fd:00 793460                     /usr/lib64/libdrm_nouveau.so.2.0.0
7fba5e2b3000-7fba5e2b4000 rw-p 00006000 fd:00 793460                     /usr/lib64/libdrm_nouveau.so.2.0.0
7fba5e2b4000-7fba5e2d5000 r-xp 00000000 fd:00 793459                     /usr/lib64/libdrm_intel.so.1.0.0
7fba5e2d5000-7fba5e4d4000 ---p 00021000 fd:00 793459                     /usr/lib64/libdrm_intel.so.1.0.0
7fba5e4d4000-7fba5e4d5000 r--p 00020000 fd:00 793459                     /usr/lib64/libdrm_intel.so.1.0.0
7fba5e4d5000-7fba5e4d6000 rw-p 00021000 fd:00 793459                     /usr/lib64/libdrm_intel.so.1.0.0
7fba5e4d6000-7fba5ea15000 r-xp 00000000 fd:00 1050474                    /usr/lib64/dri/i965_dri.so
7fba5ea15000-7fba5ec15000 ---p 0053f000 fd:00 1050474                    /usr/lib64/dri/i965_dri.so
7fba5ec15000-7fba5ec30000 r--p 0053f000 fd:00 1050474                    /usr/lib64/dri/i965_dri.so
7fba5ec30000-7fba5ec36000 rw-p 0055a000 fd:00 1050474                    /usr/lib64/dri/i965_dri.so
7fba5ec36000-7fba5ec40000 rw-p 00000000 00:00 0 
7fba5ec40000-7fba5ec46000 r-xp 00000000 fd:00 791009                     /usr/lib64/libGLESv2.so.2.0.0
7fba5ec46000-7fba5ee45000 ---p 00006000 fd:00 791009                     /usr/lib64/libGLESv2.so.2.0.0
7fba5ee45000-7fba5ee46000 r--p 00005000 fd:00 791009                     /usr/lib64/libGLESv2.so.2.0.0
7fba5ee46000-7fba5ee47000 rw-p 00006000 fd:00 791009                     /usr/lib64/libGLESv2.so.2.0.0
7fba5ee47000-7fba5ee8c000 r-xp 00000000 00:25 74867                      /tmp/jogamp_0000/file_cache/jln6000752179379345432/jln5159198813274181038/libjogl_mobile.so
7fba5ee8c000-7fba5f08c000 ---p 00045000 00:25 74867                      /tmp/jogamp_0000/file_cache/jln6000752179379345432/jln5159198813274181038/libjogl_mobile.so
7fba5f08c000-7fba5f08d000 rw-p 00045000 00:25 74867                      /tmp/jogamp_0000/file_cache/jln6000752179379345432/jln5159198813274181038/libjogl_mobile.so
7fba5f08d000-7fba5f094000 r-xp 00000000 fd:00 793503                     /usr/lib64/libffi.so.6.0.2
7fba5f094000-7fba5f293000 ---p 00007000 fd:00 793503                     /usr/lib64/libffi.so.6.0.2
7fba5f293000-7fba5f294000 r--p 00006000 fd:00 793503                     /usr/lib64/libffi.so.6.0.2
7fba5f294000-7fba5f295000 rw-p 00007000 fd:00 793503                     /usr/lib64/libffi.so.6.0.2
7fba5f295000-7fba5f2a4000 r-xp 00000000 fd:00 795338                     /usr/lib64/libwayland-server.so.0.1.0
7fba5f2a4000-7fba5f4a4000 ---p 0000f000 fd:00 795338                     /usr/lib64/libwayland-server.so.0.1.0
7fba5f4a4000-7fba5f4a6000 r--p 0000f000 fd:00 795338                     /usr/lib64/libwayland-server.so.0.1.0
7fba5f4a6000-7fba5f4a7000 rw-p 00011000 fd:00 795338                     /usr/lib64/libwayland-server.so.0.1.0
7fba5f4a7000-7fba5f4b3000 r-xp 00000000 fd:00 795335                     /usr/lib64/libwayland-client.so.0.3.0
7fba5f4b3000-7fba5f6b2000 ---p 0000c000 fd:00 795335                     /usr/lib64/libwayland-client.so.0.3.0
7fba5f6b2000-7fba5f6b4000 r--p 0000b000 fd:00 795335                     /usr/lib64/libwayland-client.so.0.3.0
7fba5f6b4000-7fba5f6b5000 rw-p 0000d000 fd:00 795335                     /usr/lib64/libwayland-client.so.0.3.0
7fba5f6b5000-7fba5f6c2000 r-xp 00000000 fd:00 790748                     /usr/lib64/libgbm.so.1.0.0
7fba5f6c2000-7fba5f8c1000 ---p 0000d000 fd:00 790748                     /usr/lib64/libgbm.so.1.0.0
7fba5f8c1000-7fba5f8c2000 r--p 0000c000 fd:00 790748                     /usr/lib64/libgbm.so.1.0.0
7fba5f8c2000-7fba5f8c3000 rw-p 0000d000 fd:00 790748                     /usr/lib64/libgbm.so.1.0.0
7fba5f8c3000-7fba5f8eb000 r-xp 00000000 fd:00 790750                     /usr/lib64/libEGL.so.1.0.0
7fba5f8eb000-7fba5faea000 ---p 00028000 fd:00 790750                     /usr/lib64/libEGL.so.1.0.0
7fba5faea000-7fba5faeb000 r--p 00027000 fd:00 790750                     /usr/lib64/libEGL.so.1.0.0
7fba5faeb000-7fba5faec000 rw-p 00028000 fd:00 790750                     /usr/lib64/libEGL.so.1.0.0
7fba5faec000-7fba5faed000 rw-p 00000000 00:00 0 
7fba5faed000-7fba5fb92000 r-xp 00000000 00:25 74866                      /tmp/jogamp_0000/file_cache/jln6000752179379345432/jln5159198813274181038/libjogl_desktop.so
7fba5fb92000-7fba5fd92000 ---p 000a5000 00:25 74866                      /tmp/jogamp_0000/file_cache/jln6000752179379345432/jln5159198813274181038/libjogl_desktop.so
7fba5fd92000-7fba5fd93000 rw-p 000a5000 00:25 74866                      /tmp/jogamp_0000/file_cache/jln6000752179379345432/jln5159198813274181038/libjogl_desktop.so
7fba5fd93000-7fba5fdff000 r-xp 00000000 fd:00 789062                     /usr/lib64/libpcre.so.1.2.3
7fba5fdff000-7fba5fffe000 ---p 0006c000 fd:00 789062                     /usr/lib64/libpcre.so.1.2.3
7fba5fffe000-7fba5ffff000 r--p 0006b000 fd:00 789062                     /usr/lib64/libpcre.so.1.2.3
7fba5ffff000-7fba60000000 rw-p 0006c000 fd:00 789062                     /usr/lib64/libpcre.so.1.2.3
7fba60000000-7fba612be000 rw-p 00000000 00:00 0 
7fba612be000-7fba64000000 ---p 00000000 00:00 0 
7fba64000000-7fba64021000 rw-p 00000000 00:00 0 
7fba64021000-7fba68000000 ---p 00000000 00:00 0 
7fba68000000-7fba682c0000 rw-p 00000000 00:00 0 
7fba682c0000-7fba6c000000 ---p 00000000 00:00 0 
7fba6c000000-7fba6e1dd000 rw-p 00000000 00:00 0 
7fba6e1dd000-7fba70000000 ---p 00000000 00:00 0 
7fba70000000-7fba70021000 rw-p 00000000 00:00 0 
7fba70021000-7fba74000000 ---p 00000000 00:00 0 
7fba74000000-7fba74021000 rw-p 00000000 00:00 0 
7fba74021000-7fba78000000 ---p 00000000 00:00 0 
7fba78000000-7fba78021000 rw-p 00000000 00:00 0 
7fba78021000-7fba7c000000 ---p 00000000 00:00 0 
7fba7c000000-7fba7c024000 rw-p 00000000 00:00 0 
7fba7c024000-7fba80000000 ---p 00000000 00:00 0 
7fba80000000-7fba80021000 rw-p 00000000 00:00 0 
7fba80021000-7fba84000000 ---p 00000000 00:00 0 
7fba84000000-7fba84021000 rw-p 00000000 00:00 0 
7fba84021000-7fba88000000 ---p 00000000 00:00 0 
7fba88000000-7fba886b4000 rw-p 00000000 00:00 0 
7fba886b4000-7fba8c000000 ---p 00000000 00:00 0 
7fba8c000000-7fba8c4fd000 rw-p 00000000 00:00 0 
7fba8c4fd000-7fba90000000 ---p 00000000 00:00 0 
7fba90000000-7fba90758000 rw-p 00000000 00:00 0 
7fba90758000-7fba94000000 ---p 00000000 00:00 0 
7fba94029000-7fba94035000 r-xp 00000000 fd:00 793458                     /usr/lib64/libdrm.so.2.4.0
7fba94035000-7fba94234000 ---p 0000c000 fd:00 793458                     /usr/lib64/libdrm.so.2.4.0
7fba94234000-7fba94235000 r--p 0000b000 fd:00 793458                     /usr/lib64/libdrm.so.2.4.0
7fba94235000-7fba94236000 rw-p 0000c000 fd:00 793458                     /usr/lib64/libdrm.so.2.4.0
7fba94236000-7fba94237000 r-xp 00000000 fd:00 794265                     /usr/lib64/libxshmfence.so.1.0.0
7fba94237000-7fba94437000 ---p 00001000 fd:00 794265                     /usr/lib64/libxshmfence.so.1.0.0
7fba94437000-7fba94438000 r--p 00001000 fd:00 794265                     /usr/lib64/libxshmfence.so.1.0.0
7fba94438000-7fba94439000 rw-p 00002000 fd:00 794265                     /usr/lib64/libxshmfence.so.1.0.0
7fba94439000-7fba9443e000 r-xp 00000000 fd:00 794231                     /usr/lib64/libxcb-sync.so.1.0.0
7fba9443e000-7fba9463e000 ---p 00005000 fd:00 794231                     /usr/lib64/libxcb-sync.so.1.0.0
7fba9463e000-7fba9463f000 r--p 00005000 fd:00 794231                     /usr/lib64/libxcb-sync.so.1.0.0
7fba9463f000-7fba94640000 rw-p 00006000 fd:00 794231                     /usr/lib64/libxcb-sync.so.1.0.0
7fba94640000-7fba94643000 r-xp 00000000 fd:00 794228                     /usr/lib64/libxcb-shape.so.0.0.0
7fba94643000-7fba94842000 ---p 00003000 fd:00 794228                     /usr/lib64/libxcb-shape.so.0.0.0
7fba94842000-7fba94843000 r--p 00002000 fd:00 794228                     /usr/lib64/libxcb-shape.so.0.0.0
7fba94843000-7fba94844000 rw-p 00003000 fd:00 794228                     /usr/lib64/libxcb-shape.so.0.0.0
7fba94844000-7fba9484d000 r-xp 00000000 fd:00 794224                     /usr/lib64/libxcb-render.so.0.0.0
7fba9484d000-7fba94a4c000 ---p 00009000 fd:00 794224                     /usr/lib64/libxcb-render.so.0.0.0
7fba94a4c000-7fba94a4d000 r--p 00008000 fd:00 794224                     /usr/lib64/libxcb-render.so.0.0.0
7fba94a4d000-7fba94a4e000 rw-p 00009000 fd:00 794224                     /usr/lib64/libxcb-render.so.0.0.0
7fba94a4e000-7fba94a54000 r-xp 00000000 fd:00 794237                     /usr/lib64/libxcb-xfixes.so.0.0.0
7fba94a54000-7fba94c54000 ---p 00006000 fd:00 794237                     /usr/lib64/libxcb-xfixes.so.0.0.0
7fba94c54000-7fba94c55000 r--p 00006000 fd:00 794237                     /usr/lib64/libxcb-xfixes.so.0.0.0
7fba94c55000-7fba94c56000 rw-p 00007000 fd:00 794237                     /usr/lib64/libxcb-xfixes.so.0.0.0
7fba94c56000-7fba94c62000 r-xp 00000000 fd:00 794219                     /usr/lib64/libxcb-randr.so.0.1.0
7fba94c62000-7fba94e62000 ---p 0000c000 fd:00 794219                     /usr/lib64/libxcb-randr.so.0.1.0
7fba94e62000-7fba94e63000 r--p 0000c000 fd:00 794219                     /usr/lib64/libxcb-randr.so.0.1.0
7fba94e63000-7fba94e64000 rw-p 0000d000 fd:00 794219                     /usr/lib64/libxcb-randr.so.0.1.0
7fba94e64000-7fba94e66000 r-xp 00000000 fd:00 794218                     /usr/lib64/libxcb-present.so.0.0.0
7fba94e66000-7fba95065000 ---p 00002000 fd:00 794218                     /usr/lib64/libxcb-present.so.0.0.0
7fba95065000-7fba95066000 r--p 00001000 fd:00 794218                     /usr/lib64/libxcb-present.so.0.0.0
7fba95066000-7fba95067000 rw-p 00002000 fd:00 794218                     /usr/lib64/libxcb-present.so.0.0.0
7fba95067000-7fba95069000 r-xp 00000000 fd:00 794210                     /usr/lib64/libxcb-dri3.so.0.0.0
7fba95069000-7fba95268000 ---p 00002000 fd:00 794210                     /usr/lib64/libxcb-dri3.so.0.0.0
7fba95268000-7fba95269000 r--p 00001000 fd:00 794210                     /usr/lib64/libxcb-dri3.so.0.0.0
7fba95269000-7fba9526a000 rw-p 00002000 fd:00 794210                     /usr/lib64/libxcb-dri3.so.0.0.0
7fba9526a000-7fba9526e000 r-xp 00000000 fd:00 794208                     /usr/lib64/libxcb-dri2.so.0.0.0
7fba9526e000-7fba9546d000 ---p 00004000 fd:00 794208                     /usr/lib64/libxcb-dri2.so.0.0.0
7fba9546d000-7fba9546e000 r--p 00003000 fd:00 794208                     /usr/lib64/libxcb-dri2.so.0.0.0
7fba9546e000-7fba9546f000 rw-p 00004000 fd:00 794208                     /usr/lib64/libxcb-dri2.so.0.0.0
7fba9546f000-7fba95486000 r-xp 00000000 fd:00 794213                     /usr/lib64/libxcb-glx.so.0.0.0
7fba95486000-7fba95685000 ---p 00017000 fd:00 794213                     /usr/lib64/libxcb-glx.so.0.0.0
7fba95685000-7fba95687000 r--p 00016000 fd:00 794213                     /usr/lib64/libxcb-glx.so.0.0.0
7fba95687000-7fba95688000 rw-p 00018000 fd:00 794213                     /usr/lib64/libxcb-glx.so.0.0.0
7fba95688000-7fba95689000 r-xp 00000000 fd:00 794438                     /usr/lib64/libX11-xcb.so.1.0.0
7fba95689000-7fba95888000 ---p 00001000 fd:00 794438                     /usr/lib64/libX11-xcb.so.1.0.0
7fba95888000-7fba95889000 r--p 00000000 fd:00 794438                     /usr/lib64/libX11-xcb.so.1.0.0
7fba95889000-7fba9588a000 rw-p 00001000 fd:00 794438                     /usr/lib64/libX11-xcb.so.1.0.0
7fba9588a000-7fba9588c000 r-xp 00000000 fd:00 794444                     /usr/lib64/libXdamage.so.1.1.0
7fba9588c000-7fba95a8b000 ---p 00002000 fd:00 794444                     /usr/lib64/libXdamage.so.1.1.0
7fba95a8b000-7fba95a8c000 r--p 00001000 fd:00 794444                     /usr/lib64/libXdamage.so.1.1.0
7fba95a8c000-7fba95a8d000 rw-p 00002000 fd:00 794444                     /usr/lib64/libXdamage.so.1.1.0
7fba95a8d000-7fba9c000000 r--p 00000000 fd:00 796295                     /usr/lib/locale/locale-archive
7fba9c000000-7fba9c021000 rw-p 00000000 00:00 0 
7fba9c021000-7fbaa0000000 ---p 00000000 00:00 0 
7fbaa0000000-7fbaa0021000 rw-p 00000000 00:00 0 
7fbaa0021000-7fbaa4000000 ---p 00000000 00:00 0 
7fbaa4000000-7fbaa4021000 rw-p 00000000 00:00 0 
7fbaa4021000-7fbaa8000000 ---p 00000000 00:00 0 
7fbaa8000000-7fbaa8021000 rw-p 00000000 00:00 0 
7fbaa8021000-7fbaac000000 ---p 00000000 00:00 0 
7fbaac000000-7fbaac021000 rw-p 00000000 00:00 0 
7fbaac021000-7fbab0000000 ---p 00000000 00:00 0 
7fbab0000000-7fbab0021000 rw-p 00000000 00:00 0 
7fbab0021000-7fbab4000000 ---p 00000000 00:00 0 
7fbab4000000-7fbab4021000 rw-p 00000000 00:00 0 
7fbab4021000-7fbab8000000 ---p 00000000 00:00 0 
7fbab8001000-7fbab8009000 rw-s 00000000 00:05 72520                      /drm mm object (deleted)
7fbab8009000-7fbab80a9000 rw-s 1030d1000 00:06 458                       /dev/dri/card0
7fbab80a9000-7fbab80b1000 rw-s 00000000 00:05 74927                      /drm mm object (deleted)
7fbab80b1000-7fbab80b9000 rw-s 00000000 00:05 74926                      /drm mm object (deleted)
7fbab80b9000-7fbab80c1000 rw-s 00000000 00:05 72517                      /drm mm object (deleted)
7fbab80c1000-7fbab80c9000 rw-s 00000000 00:05 74917                      /drm mm object (deleted)
7fbab80c9000-7fbab80d1000 rw-s 00000000 00:05 74913                      /drm mm object (deleted)
7fbab80d1000-7fbab80e0000 r-xp 00000000 fd:00 794095                     /usr/lib64/libudev.so.1.6.1
7fbab80e0000-7fbab80e1000 r--p 0000e000 fd:00 794095                     /usr/lib64/libudev.so.1.6.1
7fbab80e1000-7fbab80e2000 rw-p 0000f000 fd:00 794095                     /usr/lib64/libudev.so.1.6.1
7fbab80e2000-7fbab8103000 r-xp 00000000 fd:00 794341                     /usr/lib64/libselinux.so.1
7fbab8103000-7fbab8303000 ---p 00021000 fd:00 794341                     /usr/lib64/libselinux.so.1
7fbab8303000-7fbab8304000 r--p 00021000 fd:00 794341                     /usr/lib64/libselinux.so.1
7fbab8304000-7fbab8305000 rw-p 00022000 fd:00 794341                     /usr/lib64/libselinux.so.1
7fbab8305000-7fbab8307000 rw-p 00000000 00:00 0 
7fbab8307000-7fbab832c000 r-xp 00000000 fd:00 790371                     /usr/lib64/libglapi.so.0.0.0
7fbab832c000-7fbab852c000 ---p 00025000 fd:00 790371                     /usr/lib64/libglapi.so.0.0.0
7fbab852c000-7fbab852f000 r--p 00025000 fd:00 790371                     /usr/lib64/libglapi.so.0.0.0
7fbab852f000-7fbab8530000 rw-p 00028000 fd:00 790371                     /usr/lib64/libglapi.so.0.0.0
7fbab8530000-7fbab8531000 rw-p 00000000 00:00 0 
7fbab8531000-7fbab8557000 r-xp 00000000 fd:00 794665                     /usr/lib64/libexpat.so.1.6.0
7fbab8557000-7fbab8757000 ---p 00026000 fd:00 794665                     /usr/lib64/libexpat.so.1.6.0
7fbab8757000-7fbab875a000 r--p 00026000 fd:00 794665                     /usr/lib64/libexpat.so.1.6.0
7fbab875a000-7fbab875b000 rw-p 00029000 fd:00 794665                     /usr/lib64/libexpat.so.1.6.0
7fbab875b000-7fbab87f1000 r-xp 00000000 fd:00 790746                     /usr/lib64/libGL.so.1.2.0
7fbab87f1000-7fbab89f0000 ---p 00096000 fd:00 790746                     /usr/lib64/libGL.so.1.2.0
7fbab89f0000-7fbab89f3000 r--p 00095000 fd:00 790746                     /usr/lib64/libGL.so.1.2.0
7fbab89f3000-7fbab89f4000 rw-p 00098000 fd:00 790746                     /usr/lib64/libGL.so.1.2.0
7fbab89f4000-7fbab8bf5000 rw-p 00000000 00:00 0 
7fbab8bf5000-7fbab8df5000 rw-p 00000000 00:00 0 
7fbab8df5000-7fbab8dfc000 r-xp 00000000 00:25 74869                      /tmp/jogamp_0000/file_cache/jln6000752179379345432/jln5159198813274181038/libnativewindow_x11.so
7fbab8dfc000-7fbab8ffb000 ---p 00007000 00:25 74869                      /tmp/jogamp_0000/file_cache/jln6000752179379345432/jln5159198813274181038/libnativewindow_x11.so
7fbab8ffb000-7fbab8ffc000 rw-p 00006000 00:25 74869                      /tmp/jogamp_0000/file_cache/jln6000752179379345432/jln5159198813274181038/libnativewindow_x11.so
7fbab8ffc000-7fbab9001000 r-xp 00000000 fd:00 794465                     /usr/lib64/libXxf86vm.so.1.0.0
7fbab9001000-7fbab9200000 ---p 00005000 fd:00 794465                     /usr/lib64/libXxf86vm.so.1.0.0
7fbab9200000-7fbab9201000 r--p 00004000 fd:00 794465                     /usr/lib64/libXxf86vm.so.1.0.0
7fbab9201000-7fbab9202000 rw-p 00005000 fd:00 794465                     /usr/lib64/libXxf86vm.so.1.0.0
7fbab9206000-7fbab9207000 rw-p 00000000 00:00 0 
7fbab9207000-7fbab9208000 rw-s 00000000 00:05 74929                      /memfd:xshmfence (deleted)
7fbab9208000-7fbab9209000 rw-s 00000000 00:05 74923                      /drm mm object (deleted)
7fbab9209000-7fbab9211000 rw-s 00000000 00:05 74922                      /drm mm object (deleted)
7fbab9211000-7fbab9219000 rw-s 00000000 00:05 74903                      /drm mm object (deleted)
7fbab9219000-7fbab9221000 rw-s 00000000 00:05 74899                      /drm mm object (deleted)
7fbab9221000-7fbab9223000 r-xp 00000000 00:25 74868                      /tmp/jogamp_0000/file_cache/jln6000752179379345432/jln5159198813274181038/libnativewindow_awt.so
7fbab9223000-7fbab9422000 ---p 00002000 00:25 74868                      /tmp/jogamp_0000/file_cache/jln6000752179379345432/jln5159198813274181038/libnativewindow_awt.so
7fbab9422000-7fbab9423000 rw-p 00001000 00:25 74868                      /tmp/jogamp_0000/file_cache/jln6000752179379345432/jln5159198813274181038/libnativewindow_awt.so
7fbab9423000-7fbab9424000 r-xp 00000000 fd:00 924971                     /usr/java/jdk1.8.0_51/jre/lib/amd64/libjawt.so
7fbab9424000-7fbab9623000 ---p 00001000 fd:00 924971                     /usr/java/jdk1.8.0_51/jre/lib/amd64/libjawt.so
7fbab9623000-7fbab9624000 rw-p 00000000 fd:00 924971                     /usr/java/jdk1.8.0_51/jre/lib/amd64/libjawt.so
7fbab9624000-7fbab9626000 r-xp 00000000 00:25 74865                      /tmp/jogamp_0000/file_cache/jln6000752179379345432/jln5159198813274181038/libgluegen-rt.so
7fbab9626000-7fbab9825000 ---p 00002000 00:25 74865                      /tmp/jogamp_0000/file_cache/jln6000752179379345432/jln5159198813274181038/libgluegen-rt.so
7fbab9825000-7fbab9826000 rw-p 00001000 00:25 74865                      /tmp/jogamp_0000/file_cache/jln6000752179379345432/jln5159198813274181038/libgluegen-rt.so
7fbab9826000-7fbab9829000 ---p 00000000 00:00 0 
7fbab9829000-7fbab9b27000 rw-p 00000000 00:00 0                          [stack:8930]
7fbab9b27000-7fbab9b2a000 ---p 00000000 00:00 0 
7fbab9b2a000-7fbab9c28000 rw-p 00000000 00:00 0 
7fbab9c28000-7fbab9c2b000 ---p 00000000 00:00 0 
7fbab9c2b000-7fbab9f29000 rw-p 00000000 00:00 0                          [stack:8920]
7fbab9f29000-7fbab9f92000 r-xp 00000000 fd:00 924997                     /usr/java/jdk1.8.0_51/jre/lib/amd64/libt2k.so
7fbab9f92000-7fbaba192000 ---p 00069000 fd:00 924997                     /usr/java/jdk1.8.0_51/jre/lib/amd64/libt2k.so
7fbaba192000-7fbaba199000 rw-p 00069000 fd:00 924997                     /usr/java/jdk1.8.0_51/jre/lib/amd64/libt2k.so
7fbaba199000-7fbaba1a9000 rw-p 00000000 00:00 0 
7fbaba1a9000-7fbaba1ba000 r-xp 00000000 fd:00 924986                     /usr/java/jdk1.8.0_51/jre/lib/amd64/libnio.so
7fbaba1ba000-7fbaba3b9000 ---p 00011000 fd:00 924986                     /usr/java/jdk1.8.0_51/jre/lib/amd64/libnio.so
7fbaba3b9000-7fbaba3ba000 rw-p 00010000 fd:00 924986                     /usr/java/jdk1.8.0_51/jre/lib/amd64/libnio.so
7fbaba3ba000-7fbaba3d0000 r-xp 00000000 fd:00 924985                     /usr/java/jdk1.8.0_51/jre/lib/amd64/libnet.so
7fbaba3d0000-7fbaba5d0000 ---p 00016000 fd:00 924985                     /usr/java/jdk1.8.0_51/jre/lib/amd64/libnet.so
7fbaba5d0000-7fbaba5d1000 rw-p 00016000 fd:00 924985                     /usr/java/jdk1.8.0_51/jre/lib/amd64/libnet.so
7fbaba5d1000-7fbaba5d4000 ---p 00000000 00:00 0 
7fbaba5d4000-7fbaba6d2000 rw-p 00000000 00:00 0                          [stack:8917]
7fbaba6d2000-7fbaba6d5000 ---p 00000000 00:00 0 
7fbaba6d5000-7fbaba7d3000 rw-p 00000000 00:00 0                          [stack:8916]
7fbaba7d3000-7fbaba7d6000 ---p 00000000 00:00 0 
7fbaba7d6000-7fbaba8d4000 rw-p 00000000 00:00 0                          [stack:8915]
7fbaba8d4000-7fbaba8d7000 ---p 00000000 00:00 0 
7fbaba8d7000-7fbaba9d5000 rw-p 00000000 00:00 0                          [stack:8913]
7fbaba9d5000-7fbaba9da000 r-xp 00000000 fd:00 794448                     /usr/lib64/libXfixes.so.3.1.0
7fbaba9da000-7fbababd9000 ---p 00005000 fd:00 794448                     /usr/lib64/libXfixes.so.3.1.0
7fbababd9000-7fbababda000 r--p 00004000 fd:00 794448                     /usr/lib64/libXfixes.so.3.1.0
7fbababda000-7fbababdb000 rw-p 00005000 fd:00 794448                     /usr/lib64/libXfixes.so.3.1.0
7fbababdb000-7fbababe5000 r-xp 00000000 fd:00 794443                     /usr/lib64/libXcursor.so.1.0.2
7fbababe5000-7fbabade4000 ---p 0000a000 fd:00 794443                     /usr/lib64/libXcursor.so.1.0.2
7fbabade4000-7fbabade5000 r--p 00009000 fd:00 794443                     /usr/lib64/libXcursor.so.1.0.2
7fbabade5000-7fbabade6000 rw-p 0000a000 fd:00 794443                     /usr/lib64/libXcursor.so.1.0.2
7fbabade6000-7fbabadfc000 r-xp 00000000 fd:00 796531                     /usr/lib64/libgcc_s-4.9.2-20150212.so.1
7fbabadfc000-7fbabaffb000 ---p 00016000 fd:00 796531                     /usr/lib64/libgcc_s-4.9.2-20150212.so.1
7fbabaffb000-7fbabaffc000 r--p 00015000 fd:00 796531                     /usr/lib64/libgcc_s-4.9.2-20150212.so.1
7fbabaffc000-7fbabaffd000 rw-p 00016000 fd:00 796531                     /usr/lib64/libgcc_s-4.9.2-20150212.so.1
7fbabaffd000-7fbabb063000 r-xp 00000000 fd:00 924954                     /usr/java/jdk1.8.0_51/jre/lib/amd64/libfontmanager.so
7fbabb063000-7fbabb262000 ---p 00066000 fd:00 924954                     /usr/java/jdk1.8.0_51/jre/lib/amd64/libfontmanager.so
7fbabb262000-7fbabb266000 rw-p 00065000 fd:00 924954                     /usr/java/jdk1.8.0_51/jre/lib/amd64/libfontmanager.so
7fbabb266000-7fbabb277000 rw-p 00000000 00:00 0 
7fbabb277000-7fbabb279000 r-xp 00000000 fd:00 794441                     /usr/lib64/libXau.so.6.0.0
7fbabb279000-7fbabb479000 ---p 00002000 fd:00 794441                     /usr/lib64/libXau.so.6.0.0
7fbabb479000-7fbabb47a000 r--p 00002000 fd:00 794441                     /usr/lib64/libXau.so.6.0.0
7fbabb47a000-7fbabb47b000 rw-p 00003000 fd:00 794441                     /usr/lib64/libXau.so.6.0.0
7fbabb47b000-7fbabb49c000 r-xp 00000000 fd:00 794244                     /usr/lib64/libxcb.so.1.1.0
7fbabb49c000-7fbabb69b000 ---p 00021000 fd:00 794244                     /usr/lib64/libxcb.so.1.1.0
7fbabb69b000-7fbabb69c000 r--p 00020000 fd:00 794244                     /usr/lib64/libxcb.so.1.1.0
7fbabb69c000-7fbabb69d000 rw-p 00021000 fd:00 794244                     /usr/lib64/libxcb.so.1.1.0
7fbabb69d000-7fbabb6ac000 r-xp 00000000 fd:00 794451                     /usr/lib64/libXi.so.6.1.0
7fbabb6ac000-7fbabb8ab000 ---p 0000f000 fd:00 794451                     /usr/lib64/libXi.so.6.1.0
7fbabb8ab000-7fbabb8ac000 r--p 0000e000 fd:00 794451                     /usr/lib64/libXi.so.6.1.0
7fbabb8ac000-7fbabb8ad000 rw-p 0000f000 fd:00 794451                     /usr/lib64/libXi.so.6.1.0
7fbabb8ad000-7fbabb8b2000 r-xp 00000000 fd:00 794459                     /usr/lib64/libXtst.so.6.1.0
7fbabb8b2000-7fbabbab1000 ---p 00005000 fd:00 794459                     /usr/lib64/libXtst.so.6.1.0
7fbabbab1000-7fbabbab2000 r--p 00004000 fd:00 794459                     /usr/lib64/libXtst.so.6.1.0
7fbabbab2000-7fbabbab3000 rw-p 00005000 fd:00 794459                     /usr/lib64/libXtst.so.6.1.0
7fbabbab3000-7fbabbabc000 r-xp 00000000 fd:00 794457                     /usr/lib64/libXrender.so.1.3.0
7fbabbabc000-7fbabbcbb000 ---p 00009000 fd:00 794457                     /usr/lib64/libXrender.so.1.3.0
7fbabbcbb000-7fbabbcbc000 r--p 00008000 fd:00 794457                     /usr/lib64/libXrender.so.1.3.0
7fbabbcbc000-7fbabbcbd000 rw-p 00009000 fd:00 794457                     /usr/lib64/libXrender.so.1.3.0
7fbabbcbd000-7fbabbdf9000 r-xp 00000000 fd:00 794439                     /usr/lib64/libX11.so.6.3.0
7fbabbdf9000-7fbabbff8000 ---p 0013c000 fd:00 794439                     /usr/lib64/libX11.so.6.3.0
7fbabbff8000-7fbabbffa000 r--p 0013b000 fd:00 794439                     /usr/lib64/libX11.so.6.3.0
7fbabbffa000-7fbabbfff000 rw-p 0013d000 fd:00 794439                     /usr/lib64/libX11.so.6.3.0
7fbabbfff000-7fbabc000000 rw-p 00000000 00:00 0 
7fbabc000000-7fbabc021000 rw-p 00000000 00:00 0 
7fbabc021000-7fbac0000000 ---p 00000000 00:00 0 
7fbac0000000-7fbac0001000 rw-s 00000000 00:05 72510                      /drm mm object (deleted)
7fbac0001000-7fbac0002000 rw-s 00000000 00:05 72505                      /drm mm object (deleted)
7fbac0002000-7fbac0003000 rw-s 00000000 00:05 74914                      /drm mm object (deleted)
7fbac0003000-7fbac0004000 rw-s 1030d0000 00:06 458                       /dev/dri/card0
7fbac0004000-7fbac0005000 rw-s 00000000 00:05 74906                      /memfd:xshmfence (deleted)
7fbac0005000-7fbac0006000 rw-s 00000000 00:05 74900                      /drm mm object (deleted)
7fbac0006000-7fbac0007000 rwxp 00000000 00:00 0 
7fbac0007000-7fbac000e000 r--s 00000000 fd:00 1050759                    /usr/lib64/gconv/gconv-modules.cache
7fbac000e000-7fbac000f000 rw-s 00000000 00:05 74888                      /drm mm object (deleted)
7fbac000f000-7fbac0017000 rw-s 00000000 00:05 74881                      /drm mm object (deleted)
7fbac0017000-7fbac0018000 rw-s 00000000 00:05 74878                      /drm mm object (deleted)
7fbac0018000-7fbac001b000 ---p 00000000 00:00 0 
7fbac001b000-7fbac0119000 rw-p 00000000 00:00 0                          [stack:8912]
7fbac0119000-7fbac012a000 r-xp 00000000 fd:00 794447                     /usr/lib64/libXext.so.6.4.0
7fbac012a000-7fbac0329000 ---p 00011000 fd:00 794447                     /usr/lib64/libXext.so.6.4.0
7fbac0329000-7fbac032a000 r--p 00010000 fd:00 794447                     /usr/lib64/libXext.so.6.4.0
7fbac032a000-7fbac032b000 rw-p 00011000 fd:00 794447                     /usr/lib64/libXext.so.6.4.0
7fbac032b000-7fbac037f000 r-xp 00000000 fd:00 924948                     /usr/java/jdk1.8.0_51/jre/lib/amd64/libawt_xawt.so
7fbac037f000-7fbac057f000 ---p 00054000 fd:00 924948                     /usr/java/jdk1.8.0_51/jre/lib/amd64/libawt_xawt.so
7fbac057f000-7fbac0583000 rw-p 00054000 fd:00 924948                     /usr/java/jdk1.8.0_51/jre/lib/amd64/libawt_xawt.so
7fbac0583000-7fbac0584000 rw-p 00000000 00:00 0 
7fbac0584000-7fbac0626000 r-xp 00000000 fd:00 924946                     /usr/java/jdk1.8.0_51/jre/lib/amd64/libawt.so
7fbac0626000-7fbac0826000 ---p 000a2000 fd:00 924946                     /usr/java/jdk1.8.0_51/jre/lib/amd64/libawt.so
7fbac0826000-7fbac0832000 rw-p 000a2000 fd:00 924946                     /usr/java/jdk1.8.0_51/jre/lib/amd64/libawt.so
7fbac0832000-7fbac0856000 rw-p 00000000 00:00 0 
7fbac0856000-7fbac0857000 ---p 00000000 00:00 0 
7fbac0857000-7fbac0957000 rw-p 00000000 00:00 0                          [stack:8911]
7fbac0957000-7fbac095a000 ---p 00000000 00:00 0 
7fbac095a000-7fbac0a58000 rw-p 00000000 00:00 0                          [stack:8910]
7fbac0a58000-7fbac0a5b000 ---p 00000000 00:00 0 
7fbac0a5b000-7fbac0b59000 rw-p 00000000 00:00 0                          [stack:8909]
7fbac0b59000-7fbac0b5c000 ---p 00000000 00:00 0 
7fbac0b5c000-7fbac0c5a000 rw-p 00000000 00:00 0                          [stack:8908]
7fbac0c5a000-7fbac0c5d000 ---p 00000000 00:00 0 
7fbac0c5d000-7fbac0d5b000 rw-p 00000000 00:00 0                          [stack:8907]
7fbac0d5b000-7fbac0d5e000 ---p 00000000 00:00 0 
7fbac0d5e000-7fbac0e5c000 rw-p 00000000 00:00 0                          [stack:8906]
7fbac0e5c000-7fbac0e5f000 ---p 00000000 00:00 0 
7fbac0e5f000-7fbac0f5d000 rw-p 00000000 00:00 0                          [stack:8905]
7fbac0f5d000-7fbac0f60000 ---p 00000000 00:00 0 
7fbac0f60000-7fbac105e000 rw-p 00000000 00:00 0                          [stack:8904]
7fbac105e000-7fbac105f000 ---p 00000000 00:00 0 
7fbac105f000-7fbac5000000 rw-p 00000000 00:00 0                          [stack:8903]
7fbac5000000-7fbac57b0000 rwxp 00000000 00:00 0 
7fbac57b0000-7fbad4000000 ---p 00000000 00:00 0 
7fbad4000000-7fbad4365000 rw-p 00000000 00:00 0 
7fbad4365000-7fbad8000000 ---p 00000000 00:00 0 
7fbad8000000-7fbad8001000 rw-s 1030cf000 00:06 458                       /dev/dri/card0
7fbad8001000-7fbad8009000 rw-s 00000000 00:05 74877                      /drm mm object (deleted)
7fbad8009000-7fbad800c000 ---p 00000000 00:00 0 
7fbad800c000-7fbad8042000 rw-p 00000000 00:00 0                          [stack:8925]
7fbad8042000-7fbad8046000 r--s 00094000 fd:00 925091                     /usr/java/jdk1.8.0_51/jre/lib/jsse.jar
7fbad8046000-7fbad8068000 r--s 0038e000 fd:00 1329444                    /usr/java/jdk1.8.0_51/jre/lib/ext/cldrdata.jar
7fbad8068000-7fbad8073000 r--s 0021a000 fd:00 1329550                    /usr/java/jdk1.8.0_51/jre/lib/ext/localedata.jar
7fbad8073000-7fbad80a4000 rw-p 00000000 00:00 0 
7fbad80a4000-7fbad80aa000 r--s 00033000 fd:02 23593367                   /home/hansmelo/workspace/airports-routes-brasil/lib/unfolding.0.9.7-uscd.jar
7fbad80aa000-7fbad80b1000 r--s 00059000 fd:02 23593364                   /home/hansmelo/workspace/airports-routes-brasil/lib/log4j-1.2.15.jar
7fbad80b1000-7fbad80d4000 r--s 002ec000 fd:02 23593356                   /home/hansmelo/workspace/airports-routes-brasil/lib/jogl-all.jar
7fbad80d4000-7fbad8fb5000 rw-p 00000000 00:00 0 
7fbad8fb5000-7fbad918d000 r--s 03cc6000 fd:00 925116                     /usr/java/jdk1.8.0_51/jre/lib/rt.jar
7fbad918d000-7fbad9ddd000 rw-p 00000000 00:00 0 
7fbad9ddd000-7fbad9dde000 ---p 00000000 00:00 0 
7fbad9dde000-7fbad9ede000 rw-p 00000000 00:00 0                          [stack:8902]
7fbad9ede000-7fbad9edf000 ---p 00000000 00:00 0 
7fbad9edf000-7fbad9fdf000 rw-p 00000000 00:00 0                          [stack:8901]
7fbad9fdf000-7fbad9fe0000 ---p 00000000 00:00 0 
7fbad9fe0000-7fbada0e0000 rw-p 00000000 00:00 0                          [stack:8900]
7fbada0e0000-7fbada0e1000 ---p 00000000 00:00 0 
7fbada0e1000-7fbada20b000 rw-p 00000000 00:00 0                          [stack:8899]
7fbada20b000-7fbada473000 ---p 00000000 00:00 0 
7fbada473000-7fbada49d000 rw-p 00000000 00:00 0 
7fbada49d000-7fbada704000 ---p 00000000 00:00 0 
7fbada704000-7fbada75e000 rw-p 00000000 00:00 0 
7fbada75e000-7fbada84d000 ---p 00000000 00:00 0 
7fbada84d000-7fbada86d000 rw-p 00000000 00:00 0 
7fbada86d000-7fbadac0e000 ---p 00000000 00:00 0 
7fbadac0e000-7fbadac28000 r-xp 00000000 fd:00 925000                     /usr/java/jdk1.8.0_51/jre/lib/amd64/libzip.so
7fbadac28000-7fbadae28000 ---p 0001a000 fd:00 925000                     /usr/java/jdk1.8.0_51/jre/lib/amd64/libzip.so
7fbadae28000-7fbadae29000 rw-p 0001a000 fd:00 925000                     /usr/java/jdk1.8.0_51/jre/lib/amd64/libzip.so
7fbadae29000-7fbadae35000 r-xp 00000000 fd:00 793842                     /usr/lib64/libnss_files-2.20.so
7fbadae35000-7fbadb034000 ---p 0000c000 fd:00 793842                     /usr/lib64/libnss_files-2.20.so
7fbadb034000-7fbadb035000 r--p 0000b000 fd:00 793842                     /usr/lib64/libnss_files-2.20.so
7fbadb035000-7fbadb036000 rw-p 0000c000 fd:00 793842                     /usr/lib64/libnss_files-2.20.so
7fbadb036000-7fbadb060000 r-xp 00000000 fd:00 924964                     /usr/java/jdk1.8.0_51/jre/lib/amd64/libjava.so
7fbadb060000-7fbadb260000 ---p 0002a000 fd:00 924964                     /usr/java/jdk1.8.0_51/jre/lib/amd64/libjava.so
7fbadb260000-7fbadb262000 rw-p 0002a000 fd:00 924964                     /usr/java/jdk1.8.0_51/jre/lib/amd64/libjava.so
7fbadb262000-7fbadb26f000 r-xp 00000000 fd:00 924999                     /usr/java/jdk1.8.0_51/jre/lib/amd64/libverify.so
7fbadb26f000-7fbadb46f000 ---p 0000d000 fd:00 924999                     /usr/java/jdk1.8.0_51/jre/lib/amd64/libverify.so
7fbadb46f000-7fbadb471000 rw-p 0000d000 fd:00 924999                     /usr/java/jdk1.8.0_51/jre/lib/amd64/libverify.so
7fbadb471000-7fbadb478000 r-xp 00000000 fd:00 793964                     /usr/lib64/librt-2.20.so
7fbadb478000-7fbadb677000 ---p 00007000 fd:00 793964                     /usr/lib64/librt-2.20.so
7fbadb677000-7fbadb678000 r--p 00006000 fd:00 793964                     /usr/lib64/librt-2.20.so
7fbadb678000-7fbadb679000 rw-p 00007000 fd:00 793964                     /usr/lib64/librt-2.20.so
7fbadb679000-7fbadb780000 r-xp 00000000 fd:00 793447                     /usr/lib64/libm-2.20.so
7fbadb780000-7fbadb97f000 ---p 00107000 fd:00 793447                     /usr/lib64/libm-2.20.so
7fbadb97f000-7fbadb980000 r--p 00106000 fd:00 793447                     /usr/lib64/libm-2.20.so
7fbadb980000-7fbadb981000 rw-p 00107000 fd:00 793447                     /usr/lib64/libm-2.20.so
7fbadb981000-7fbadc62f000 r-xp 00000000 fd:00 925004                     /usr/java/jdk1.8.0_51/jre/lib/amd64/server/libjvm.so
7fbadc62f000-7fbadc82f000 ---p 00cae000 fd:00 925004                     /usr/java/jdk1.8.0_51/jre/lib/amd64/server/libjvm.so
7fbadc82f000-7fbadc906000 rw-p 00cae000 fd:00 925004                     /usr/java/jdk1.8.0_51/jre/lib/amd64/server/libjvm.so
7fbadc906000-7fbadc94a000 rw-p 00000000 00:00 0 
7fbadc94a000-7fbadcafd000 r-xp 00000000 fd:00 793314                     /usr/lib64/libc-2.20.so
7fbadcafd000-7fbadccfd000 ---p 001b3000 fd:00 793314                     /usr/lib64/libc-2.20.so
7fbadccfd000-7fbadcd01000 r--p 001b3000 fd:00 793314                     /usr/lib64/libc-2.20.so
7fbadcd01000-7fbadcd03000 rw-p 001b7000 fd:00 793314                     /usr/lib64/libc-2.20.so
7fbadcd03000-7fbadcd07000 rw-p 00000000 00:00 0 
7fbadcd07000-7fbadcd0a000 r-xp 00000000 fd:00 793424                     /usr/lib64/libdl-2.20.so
7fbadcd0a000-7fbadcf09000 ---p 00003000 fd:00 793424                     /usr/lib64/libdl-2.20.so
7fbadcf09000-7fbadcf0a000 r--p 00002000 fd:00 793424                     /usr/lib64/libdl-2.20.so
7fbadcf0a000-7fbadcf0b000 rw-p 00003000 fd:00 793424                     /usr/lib64/libdl-2.20.so
7fbadcf0b000-7fbadcf20000 r-xp 00000000 fd:00 1057343                    /usr/java/jdk1.8.0_51/lib/amd64/jli/libjli.so
7fbadcf20000-7fbadd120000 ---p 00015000 fd:00 1057343                    /usr/java/jdk1.8.0_51/lib/amd64/jli/libjli.so
7fbadd120000-7fbadd121000 rw-p 00015000 fd:00 1057343                    /usr/java/jdk1.8.0_51/lib/amd64/jli/libjli.so
7fbadd121000-7fbadd138000 r-xp 00000000 fd:00 793846                     /usr/lib64/libpthread-2.20.so
7fbadd138000-7fbadd337000 ---p 00017000 fd:00 793846                     /usr/lib64/libpthread-2.20.so
7fbadd337000-7fbadd338000 r--p 00016000 fd:00 793846                     /usr/lib64/libpthread-2.20.so
7fbadd338000-7fbadd339000 rw-p 00017000 fd:00 793846                     /usr/lib64/libpthread-2.20.so
7fbadd339000-7fbadd33d000 rw-p 00000000 00:00 0 
7fbadd33d000-7fbadd35e000 r-xp 00000000 fd:00 796293                     /usr/lib64/ld-2.20.so
7fbadd35e000-7fbadd35f000 r--p 00000000 00:00 0 
7fbadd35f000-7fbadd364000 r--s 00309000 fd:02 23593366                   /home/hansmelo/workspace/airports-routes-brasil/lib/sqlite-jdbc-3.7.2.jar
7fbadd364000-7fbadd365000 r--s 00005000 fd:02 23593358                   /home/hansmelo/workspace/airports-routes-brasil/lib/libTUIO.jar
7fbadd365000-7fbadd366000 r--s 00007000 fd:02 23593357                   /home/hansmelo/workspace/airports-routes-brasil/lib/json4processing.jar
7fbadd366000-7fbadd367000 r--s 0002d000 fd:02 23593354                   /home/hansmelo/workspace/airports-routes-brasil/lib/jogl-all-natives-windows-i586.jar
7fbadd367000-7fbadd369000 r--s 00034000 fd:02 23593352                   /home/hansmelo/workspace/airports-routes-brasil/lib/jogl-all-natives-windows-amd64.jar
7fbadd369000-7fbadd36a000 r--s 00064000 fd:02 23593350                   /home/hansmelo/workspace/airports-routes-brasil/lib/jogl-all-natives-macosx-universal.jar
7fbadd36a000-7fbadd435000 rw-p 00000000 00:00 0 
7fbadd435000-7fbadd438000 ---p 00000000 00:00 0 
7fbadd438000-7fbadd53a000 rw-p 00000000 00:00 0                          [stack:8895]
7fbadd53a000-7fbadd53b000 r--s 0002d000 fd:02 23593349                   /home/hansmelo/workspace/airports-routes-brasil/lib/jogl-all-natives-linux-i586.jar
7fbadd53b000-7fbadd53c000 r--s 00023000 fd:02 23593347                   /home/hansmelo/workspace/airports-routes-brasil/lib/jogl-all-natives-linux-armv6hf.jar
7fbadd53c000-7fbadd53d000 r--s 0002f000 fd:02 23593346                   /home/hansmelo/workspace/airports-routes-brasil/lib/jogl-all-natives-linux-amd64.jar
7fbadd53d000-7fbadd543000 r--s 00041000 fd:02 23593344                   /home/hansmelo/workspace/airports-routes-brasil/lib/gluegen-rt.jar
7fbadd543000-7fbadd544000 r--s 00001000 fd:02 23593342                   /home/hansmelo/workspace/airports-routes-brasil/lib/gluegen-rt-natives-windows-i586.jar
7fbadd544000-7fbadd545000 r--s 00001000 fd:02 23593333                   /home/hansmelo/workspace/airports-routes-brasil/lib/gluegen-rt-natives-windows-amd64.jar
7fbadd545000-7fbadd546000 r--s 00001000 fd:02 23593331                   /home/hansmelo/workspace/airports-routes-brasil/lib/gluegen-rt-natives-macosx-universal.jar
7fbadd546000-7fbadd548000 r--s 00000000 fd:02 23593329                   /home/hansmelo/workspace/airports-routes-brasil/lib/gluegen-rt-natives-linux-i586.jar
7fbadd548000-7fbadd549000 r--s 00000000 fd:02 23593328                   /home/hansmelo/workspace/airports-routes-brasil/lib/gluegen-rt-natives-linux-armv6hf.jar
7fbadd549000-7fbadd54b000 r--s 00000000 fd:02 23593326                   /home/hansmelo/workspace/airports-routes-brasil/lib/gluegen-rt-natives-linux-amd64.jar
7fbadd54b000-7fbadd54f000 r--s 0009a000 fd:02 23593232                   /home/hansmelo/workspace/airports-routes-brasil/lib/core.jar
7fbadd54f000-7fbadd557000 rw-s 00000000 00:25 73609                      /tmp/hsperfdata_hansmelo/8893
7fbadd557000-7fbadd558000 rw-p 00000000 00:00 0 
7fbadd558000-7fbadd559000 r--p 00000000 00:00 0 
7fbadd559000-7fbadd55a000 rw-p 00000000 00:00 0 
7fbadd55a000-7fbadd55c000 r--p 00000000 00:00 0                          [vvar]
7fbadd55c000-7fbadd55e000 r-xp 00000000 00:00 0                          [vdso]
7fbadd55e000-7fbadd55f000 r--p 00021000 fd:00 796293                     /usr/lib64/ld-2.20.so
7fbadd55f000-7fbadd560000 rw-p 00022000 fd:00 796293                     /usr/lib64/ld-2.20.so
7fbadd560000-7fbadd561000 rw-p 00000000 00:00 0 
7ffe15bdb000-7ffe15bfd000 rw-p 00000000 00:00 0                          [stack]
ffffffffff600000-ffffffffff601000 r-xp 00000000 00:00 0                  [vsyscall]

VM Arguments:
jvm_args: -Djava.security.policy=java.policy.applet -Dfile.encoding=UTF-8 
java_command: sun.applet.AppletViewer com.airport.AirportMap1456606607535.html
java_class_path (initial): /home/hansmelo/workspace/airports-routes-brasil/bin:/home/hansmelo/workspace/airports-routes-brasil/lib/core.jar:/home/hansmelo/workspace/airports-routes-brasil/lib/gluegen-rt-natives-linux-amd64.jar:/home/hansmelo/workspace/airports-routes-brasil/lib/gluegen-rt-natives-linux-armv6hf.jar:/home/hansmelo/workspace/airports-routes-brasil/lib/gluegen-rt-natives-linux-i586.jar:/home/hansmelo/workspace/airports-routes-brasil/lib/gluegen-rt-natives-macosx-universal.jar:/home/hansmelo/workspace/airports-routes-brasil/lib/gluegen-rt-natives-windows-amd64.jar:/home/hansmelo/workspace/airports-routes-brasil/lib/gluegen-rt-natives-windows-i586.jar:/home/hansmelo/workspace/airports-routes-brasil/lib/gluegen-rt.jar:/home/hansmelo/workspace/airports-routes-brasil/lib/jogl-all-natives-linux-amd64.jar:/home/hansmelo/workspace/airports-routes-brasil/lib/jogl-all-natives-linux-armv6hf.jar:/home/hansmelo/workspace/airports-routes-brasil/lib/jogl-all-natives-linux-i586.jar:/home/hansmelo/workspace/airports-routes-brasil/lib/jogl-all-natives-macosx-universal.jar:/home/hansmelo/workspace/airports-routes-brasil/lib/jogl-all-natives-windows-amd64.jar:/home/hansmelo/workspace/airports-routes-brasil/lib/jogl-all-natives-windows-i586.jar:/home/hansmelo/workspace/airports-routes-brasil/lib/jogl-all.jar:/home/hansmelo/workspace/airports-routes-brasil/lib/json4processing.jar:/home/hansmelo/workspace/airports-routes-brasil/lib/libTUIO.jar:/home/hansmelo/workspace/airports-routes-brasil/lib/log4j-1.2.15.jar:/home/hansmelo/workspace/airports-routes-brasil/lib/sqlite-jdbc-3.7.2.jar:/home/hansmelo/workspace/airports-routes-brasil/lib/unfolding.0.9.7-uscd.jar
Launcher Type: SUN_STANDARD

Environment Variables:
PATH=/usr/lib64/qt-3.3/bin:/home/hansmelo/.rvm/gems/ruby-2.2.1/bin:/home/hansmelo/.rvm/gems/ruby-2.2.1@global/bin:/home/hansmelo/.rvm/rubies/ruby-2.2.1/bin:/usr/local/bin:/usr/local/sbin:/usr/bin:/usr/sbin:/bin:/sbin:/home/hansmelo/.rvm/bin:/opt/gradle/latest/bin:/home/hansmelo/.rvm/bin:/home/hansmelo/lein:/home/hansmelo/.local/bin:/home/hansmelo/bin:/opt/gradle/latest/bin:/home/hansmelo/.rvm/bin:/home/hansmelo/lein
USERNAME=hansmelo
SHELL=/bin/bash
DISPLAY=:0

Signal Handlers:
SIGSEGV: [libjvm.so+0xaad540], sa_mask[0]=11111111011111111101111111111110, sa_flags=SA_RESTART|SA_SIGINFO
SIGBUS: [libjvm.so+0xaad540], sa_mask[0]=11111111011111111101111111111110, sa_flags=SA_RESTART|SA_SIGINFO
SIGFPE: [libjvm.so+0x90b6b0], sa_mask[0]=11111111011111111101111111111110, sa_flags=SA_RESTART|SA_SIGINFO
SIGPIPE: [libjvm.so+0x90b6b0], sa_mask[0]=11111111011111111101111111111110, sa_flags=SA_RESTART|SA_SIGINFO
SIGXFSZ: [libjvm.so+0x90b6b0], sa_mask[0]=11111111011111111101111111111110, sa_flags=SA_RESTART|SA_SIGINFO
SIGILL: [libjvm.so+0x90b6b0], sa_mask[0]=11111111011111111101111111111110, sa_flags=SA_RESTART|SA_SIGINFO
SIGUSR1: SIG_DFL, sa_mask[0]=00000000000000000000000000000000, sa_flags=none
SIGUSR2: [libjvm.so+0x90ccf0], sa_mask[0]=00100000000000000000000000000000, sa_flags=SA_RESTART|SA_SIGINFO
SIGHUP: [libjvm.so+0x90e040], sa_mask[0]=11111111011111111101111111111110, sa_flags=SA_RESTART|SA_SIGINFO
SIGINT: [libjvm.so+0x90e040], sa_mask[0]=11111111011111111101111111111110, sa_flags=SA_RESTART|SA_SIGINFO
SIGTERM: [libjvm.so+0x90e040], sa_mask[0]=11111111011111111101111111111110, sa_flags=SA_RESTART|SA_SIGINFO
SIGQUIT: [libjvm.so+0x90e040], sa_mask[0]=11111111011111111101111111111110, sa_flags=SA_RESTART|SA_SIGINFO


---------------  S Y S T E M  ---------------

OS:Fedora release 21 (Twenty One)

uname:Linux 4.1.13-100.fc21.x86_64 #1 SMP Tue Nov 10 13:13:20 UTC 2015 x86_64
libc:glibc 2.20 NPTL 2.20 
rlimit: STACK 8192k, CORE 0k, NPROC 4096, NOFILE 4096, AS infinity
load average:5.13 2.60 1.77

/proc/meminfo:
MemTotal:        8069844 kB
MemFree:         3911652 kB
MemAvailable:    5007256 kB
Buffers:           87144 kB
Cached:          1473136 kB
SwapCached:            0 kB
Active:          2843764 kB
Inactive:        1061984 kB
Active(anon):    2348236 kB
Inactive(anon):   491220 kB
Active(file):     495528 kB
Inactive(file):   570764 kB
Unevictable:          44 kB
Mlocked:              44 kB
SwapTotal:       8126460 kB
SwapFree:        8126460 kB
Dirty:               124 kB
Writeback:             0 kB
AnonPages:       2345564 kB
Mapped:           415180 kB
Shmem:            493996 kB
Slab:             120960 kB
SReclaimable:      71600 kB
SUnreclaim:        49360 kB
KernelStack:        9984 kB
PageTables:        39396 kB
NFS_Unstable:          0 kB
Bounce:                0 kB
WritebackTmp:          0 kB
CommitLimit:    12161380 kB
Committed_AS:    6898764 kB
VmallocTotal:   34359738367 kB
VmallocUsed:      579512 kB
VmallocChunk:   34358423548 kB
HardwareCorrupted:     0 kB
AnonHugePages:         0 kB
HugePages_Total:       0
HugePages_Free:        0
HugePages_Rsvd:        0
HugePages_Surp:        0
Hugepagesize:       2048 kB
DirectMap4k:      156416 kB
DirectMap2M:     3932160 kB
DirectMap1G:     5242880 kB


CPU:total 4 (2 cores per cpu, 2 threads per core) family 6 model 69 stepping 1, cmov, cx8, fxsr, mmx, sse, sse2, sse3, ssse3, sse4.1, sse4.2, popcnt, avx, avx2, aes, clmul, erms, lzcnt, ht, tsc, tscinvbit, bmi1, bmi2

/proc/cpuinfo:
processor	: 0
vendor_id	: GenuineIntel
cpu family	: 6
model		: 69
model name	: Intel(R) Core(TM) i7-4500U CPU @ 1.80GHz
stepping	: 1
microcode	: 0x1c
cpu MHz		: 2495.062
cache size	: 4096 KB
physical id	: 0
siblings	: 4
core id		: 0
cpu cores	: 2
apicid		: 0
initial apicid	: 0
fpu		: yes
fpu_exception	: yes
cpuid level	: 13
wp		: yes
flags		: fpu vme de pse tsc msr pae mce cx8 apic sep mtrr pge mca cmov pat pse36 clflush dts acpi mmx fxsr sse sse2 ss ht tm pbe syscall nx pdpe1gb rdtscp lm constant_tsc arch_perfmon pebs bts rep_good nopl xtopology nonstop_tsc aperfmperf eagerfpu pni pclmulqdq dtes64 monitor ds_cpl vmx est tm2 ssse3 fma cx16 xtpr pdcm pcid sse4_1 sse4_2 movbe popcnt tsc_deadline_timer aes xsave avx f16c rdrand lahf_lm abm ida arat epb pln pts dtherm tpr_shadow vnmi flexpriority ept vpid fsgsbase tsc_adjust bmi1 avx2 smep bmi2 erms invpcid xsaveopt
bugs		:
bogomips	: 4788.83
clflush size	: 64
cache_alignment	: 64
address sizes	: 39 bits physical, 48 bits virtual
power management:

processor	: 1
vendor_id	: GenuineIntel
cpu family	: 6
model		: 69
model name	: Intel(R) Core(TM) i7-4500U CPU @ 1.80GHz
stepping	: 1
microcode	: 0x1c
cpu MHz		: 2676.562
cache size	: 4096 KB
physical id	: 0
siblings	: 4
core id		: 0
cpu cores	: 2
apicid		: 1
initial apicid	: 1
fpu		: yes
fpu_exception	: yes
cpuid level	: 13
wp		: yes
flags		: fpu vme de pse tsc msr pae mce cx8 apic sep mtrr pge mca cmov pat pse36 clflush dts acpi mmx fxsr sse sse2 ss ht tm pbe syscall nx pdpe1gb rdtscp lm constant_tsc arch_perfmon pebs bts rep_good nopl xtopology nonstop_tsc aperfmperf eagerfpu pni pclmulqdq dtes64 monitor ds_cpl vmx est tm2 ssse3 fma cx16 xtpr pdcm pcid sse4_1 sse4_2 movbe popcnt tsc_deadline_timer aes xsave avx f16c rdrand lahf_lm abm ida arat epb pln pts dtherm tpr_shadow vnmi flexpriority ept vpid fsgsbase tsc_adjust bmi1 avx2 smep bmi2 erms invpcid xsaveopt
bugs		:
bogomips	: 4788.83
clflush size	: 64
cache_alignment	: 64
address sizes	: 39 bits physical, 48 bits virtual
power management:

processor	: 2
vendor_id	: GenuineIntel
cpu family	: 6
model		: 69
model name	: Intel(R) Core(TM) i7-4500U CPU @ 1.80GHz
stepping	: 1
microcode	: 0x1c
cpu MHz		: 2785.968
cache size	: 4096 KB
physical id	: 0
siblings	: 4
core id		: 1
cpu cores	: 2
apicid		: 2
initial apicid	: 2
fpu		: yes
fpu_exception	: yes
cpuid level	: 13
wp		: yes
flags		: fpu vme de pse tsc msr pae mce cx8 apic sep mtrr pge mca cmov pat pse36 clflush dts acpi mmx fxsr sse sse2 ss ht tm pbe syscall nx pdpe1gb rdtscp lm constant_tsc arch_perfmon pebs bts rep_good nopl xtopology nonstop_tsc aperfmperf eagerfpu pni pclmulqdq dtes64 monitor ds_cpl vmx est tm2 ssse3 fma cx16 xtpr pdcm pcid sse4_1 sse4_2 movbe popcnt tsc_deadline_timer aes xsave avx f16c rdrand lahf_lm abm ida arat epb pln pts dtherm tpr_shadow vnmi flexpriority ept vpid fsgsbase tsc_adjust bmi1 avx2 smep bmi2 erms invpcid xsaveopt
bugs		:
bogomips	: 4788.83
clflush size	: 64
cache_alignment	: 64
address sizes	: 39 bits physical, 48 bits virtual
power management:

processor	: 3
vendor_id	: GenuineIntel
cpu family	: 6
model		: 69
model name	: Intel(R) Core(TM) i7-4500U CPU @ 1.80GHz
stepping	: 1
microcode	: 0x1c
cpu MHz		: 2590.406
cache size	: 4096 KB
physical id	: 0
siblings	: 4
core id		: 1
cpu cores	: 2
apicid		: 3
initial apicid	: 3
fpu		: yes
fpu_exception	: yes
cpuid level	: 13
wp		: yes
flags		: fpu vme de pse tsc msr pae mce cx8 apic sep mtrr pge mca cmov pat pse36 clflush dts acpi mmx fxsr sse sse2 ss ht tm pbe syscall nx pdpe1gb rdtscp lm constant_tsc arch_perfmon pebs bts rep_good nopl xtopology nonstop_tsc aperfmperf eagerfpu pni pclmulqdq dtes64 monitor ds_cpl vmx est tm2 ssse3 fma cx16 xtpr pdcm pcid sse4_1 sse4_2 movbe popcnt tsc_deadline_timer aes xsave avx f16c rdrand lahf_lm abm ida arat epb pln pts dtherm tpr_shadow vnmi flexpriority ept vpid fsgsbase tsc_adjust bmi1 avx2 smep bmi2 erms invpcid xsaveopt
bugs		:
bogomips	: 4788.83
clflush size	: 64
cache_alignment	: 64
address sizes	: 39 bits physical, 48 bits virtual
power management:



Memory: 4k page, physical 8069844k(3911652k free), swap 8126460k(8126460k free)

vm_info: Java HotSpot(TM) 64-Bit Server VM (25.51-b03) for linux-amd64 JRE (1.8.0_51-b16), built on Jun  8 2015 19:28:07 by "java_re" with gcc 4.3.0 20080428 (Red Hat 4.3.0-8)

time: Sat Feb 27 17:56:51 2016
elapsed time: 4 seconds (0d 0h 0m 4s)

