#
# A fatal error has been detected by the Java Runtime Environment:
#
#  SIGSEGV (0xb) at pc=0x00007f639c921da2, pid=5531, tid=140066895218432
#
# JRE version: Java(TM) SE Runtime Environment (8.0_51-b16) (build 1.8.0_51-b16)
# Java VM: Java HotSpot(TM) 64-Bit Server VM (25.51-b03 mixed mode linux-amd64 compressed oops)
# Problematic frame:
# C  [i965_dri.so+0x2feda2]
#
# Failed to write core dump. Core dumps have been disabled. To enable core dumping, try "ulimit -c unlimited" before starting Java again
#
# If you would like to submit a bug report, please visit:
#   http://bugreport.java.com/bugreport/crash.jsp
# The crash happened outside the Java Virtual Machine in native code.
# See problematic frame for where to report the bug.
#

---------------  T H R E A D  ---------------

Current thread (0x00007f63bc008800):  JavaThread "AWT-EventQueue-1" [_thread_in_native, id=5557, stack(0x00007f63dd78c000,0x00007f63dd88d000)]

siginfo: si_signo: 11 (SIGSEGV), si_code: 1 (SEGV_MAPERR), si_addr: 0x000000000000c540

Registers:
RAX=0x00007f63dc677640, RBX=0x000000000000c000, RCX=0x0000000000000000, RDX=0x0000000000000001
RSP=0x00007f63dd88a2e0, RBP=0x0000000000000000, RSI=0x00007f63a8fc8bd0, RDI=0x0000000100000000
R8 =0x00007f639cd7b660, R9 =0x00007f63dc42cdf0, R10=0x00007f6409860707, R11=0x00007f641c2b3000
R12=0x0000000000000000, R13=0x0000000000000000, R14=0xffffffffffffff68, R15=0x00007f63a8fc8ae0
RIP=0x00007f639c921da2, EFLAGS=0x0000000000010206, CSGSFS=0x0000000000000033, ERR=0x0000000000000004
  TRAPNO=0x000000000000000e

Top of Stack: (sp=0x00007f63dd88a2e0)
0x00007f63dd88a2e0:   00007f63dd88a3f0 00007f63ac8dd5d0
0x00007f63dd88a2f0:   0000000000000000 0000000000000000
0x00007f63dd88a300:   0000000000000000 00007f63dc42ce63
0x00007f63dd88a310:   000000000260004d 00000000dc3fbc21
0x00007f63dd88a320:   00007f63acc0bc20 00007f63dc677640
0x00007f63dd88a330:   000000000260004d 00007f63dc3fbc50
0x00007f63dd88a340:   00007f63dd88a3b0 0000000000000000
0x00007f63dd88a350:   0000000000000001 00007f63dd88a3f0
0x00007f63dd88a360:   00007f63bc008800 00007f639dcc6849
0x00007f63dd88a370:   00007f63dd88a658 00007f63dc3fbc50
0x00007f63dd88a380:   000000000260004d 00007f63acbd4670
0x00007f63dd88a390:   00007f63dd88a3f0 00007f63bc0089f8
0x00007f63dd88a3a0:   00007f6404c06e18 00007f63dc3fbc50
0x00007f63dd88a3b0:   00007f63dd88a400 00007f640986077d
0x00007f63dd88a3c0:   00000000db7a52e8 00000000db7a5338
0x00007f63dd88a3d0:   00000000db7a5328 0000000000000003
0x00007f63dd88a3e0:   00000000db7a5348 00000000db7a5398
0x00007f63dd88a3f0:   00000000879c0e50 00000000db7a53a8
0x00007f63dd88a400:   00007f63dd88a658 00007f6409889a14
0x00007f63dd88a410:   00007f641c2b3000 0000000087932848
0x00007f63dd88a420:   00000000db7a5490 0000000087903068
0x00007f63dd88a430:   00007f63dd88a610 00007f64090210c3
0x00007f63dd88a440:   00007f63dd88a658 00007f6409786af4
0x00007f63dd88a450:   00007f63dd88a658 00007f63dd88a610
0x00007f63dd88a460:   00007f63dd88a610 00007f64090210c3
0x00007f63dd88a470:   00007f64090055d0 0000000000000000
0x00007f63dd88a480:   00007f63dd88a658 00007f63dd88a610
0x00007f63dd88a490:   00007f63dd88a610 00007f64090210c3
0x00007f63dd88a4a0:   00007f64090055d0 00000000878fabe8
0x00007f63dd88a4b0:   00007f6300000001 00007f63dd88a610
0x00007f63dd88a4c0:   00007f63dd88a658 00007f64096c030c
0x00007f63dd88a4d0:   00007f63dc7d2470 00007f63bc008800 

Instructions: (pc=0x00007f639c921da2)
0x00007f639c921d82:   41 5c c3 66 66 2e 0f 1f 84 00 00 00 00 00 41 55
0x00007f639c921d92:   41 54 55 53 48 83 ec 08 48 8b 1f 48 85 db 74 41
0x00007f639c921da2:   f6 83 40 05 00 00 01 89 cd 41 89 d5 49 89 f4 75
0x00007f639c921db2:   75 41 83 e5 01 75 5f 83 e5 fd 74 32 48 8d 35 54 

Register to memory mapping:

RAX=0x00007f63dc677640: <offset 0x298640> in /lib64/libGL.so.1 at 0x00007f63dc3df000
RBX=0x000000000000c000 is an unknown value
RCX=0x0000000000000000 is an unknown value
RDX=0x0000000000000001 is an unknown value
RSP=0x00007f63dd88a2e0 is pointing into the stack for thread: 0x00007f63bc008800
RBP=0x0000000000000000 is an unknown value
RSI=0x00007f63a8fc8bd0 is an unknown value
RDI=0x0000000100000000 is pointing into metadata
R8 =0x00007f639cd7b660: <offset 0x758660> in /usr/lib64/dri/i965_dri.so at 0x00007f639c623000
R9 =0x00007f63dc42cdf0: <offset 0x4ddf0> in /lib64/libGL.so.1 at 0x00007f63dc3df000
R10=0x00007f6409860707 is at entry_point+71 in (nmethod*)0x00007f6409860550
R11=0x00007f641c2b3000 is an unknown value
R12=0x0000000000000000 is an unknown value
R13=0x0000000000000000 is an unknown value
R14=0xffffffffffffff68 is an unknown value
R15=0x00007f63a8fc8ae0 is an unknown value


Stack: [0x00007f63dd78c000,0x00007f63dd88d000],  sp=0x00007f63dd88a2e0,  free space=1016k
Native frames: (J=compiled Java code, j=interpreted, Vv=VM code, C=native code)
C  [i965_dri.so+0x2feda2]

Java frames: (J=compiled Java code, j=interpreted, Vv=VM code)
J 3008  jogamp.opengl.x11.glx.GLX.dispatch_glXSwapBuffers0(JJJ)V (0 bytes) @ 0x00007f6409860707 [0x00007f64098606c0+0x47]
J 3007 C1 jogamp.opengl.x11.glx.GLX.glXSwapBuffers(JJ)V (45 bytes) @ 0x00007f6409889a14 [0x00007f6409889060+0x9b4]
J 3006 C1 jogamp.opengl.x11.glx.X11GLXDrawable.swapBuffersImpl(Z)V (21 bytes) @ 0x00007f6409888bc4 [0x00007f6409888920+0x2a4]
J 3005 C1 jogamp.opengl.GLDrawableImpl.swapBuffers()V (138 bytes) @ 0x00007f6409887554 [0x00007f6409886ea0+0x6b4]
j  javax.media.opengl.awt.GLCanvas$12.run()V+45
J 2164 C1 java.awt.event.InvocationEvent.dispatch()V (69 bytes) @ 0x00007f64097d544c [0x00007f64097d5300+0x14c]
J 2239 C1 java.awt.EventQueue.dispatchEventImpl(Ljava/awt/AWTEvent;Ljava/lang/Object;)V (149 bytes) @ 0x00007f64093aa07c [0x00007f64093a8500+0x1b7c]
J 2237 C1 java.awt.EventQueue$3.run()Ljava/lang/Void; (60 bytes) @ 0x00007f6409153204 [0x00007f6409153000+0x204]
J 2236 C1 java.awt.EventQueue$3.run()Ljava/lang/Object; (5 bytes) @ 0x00007f64094c700c [0x00007f64094c6f80+0x8c]
v  ~StubRoutines::call_stub
J 601  java.security.AccessController.doPrivileged(Ljava/security/PrivilegedAction;Ljava/security/AccessControlContext;)Ljava/lang/Object; (0 bytes) @ 0x00007f640928d323 [0x00007f640928d2c0+0x63]
J 2024 C1 java.awt.EventQueue.dispatchEvent(Ljava/awt/AWTEvent;)V (80 bytes) @ 0x00007f6409765c44 [0x00007f64097653a0+0x8a4]
J 2027 C1 java.awt.EventDispatchThread.pumpOneEventForFilters(I)V (295 bytes) @ 0x00007f6409768c94 [0x00007f6409767140+0x1b54]
j  java.awt.EventDispatchThread.pumpEventsForFilter(ILjava/awt/Conditional;Ljava/awt/EventFilter;)V+35
j  java.awt.EventDispatchThread.pumpEventsForHierarchy(ILjava/awt/Conditional;Ljava/awt/Component;)V+11
j  java.awt.EventDispatchThread.pumpEvents(ILjava/awt/Conditional;)V+4
j  java.awt.EventDispatchThread.pumpEvents(Ljava/awt/Conditional;)V+3
j  java.awt.EventDispatchThread.run()V+9
v  ~StubRoutines::call_stub

---------------  P R O C E S S  ---------------

Java Threads: ( => current thread )
  0x00007f63aa0b3000 JavaThread "Thread-76" [_thread_blocked, id=5646, stack(0x00007f639970e000,0x00007f639980f000)]
  0x00007f63ac101800 JavaThread "Animation Thread-SharedResourceRunner" daemon [_thread_blocked, id=5567, stack(0x00007f63dd48b000,0x00007f63dd58c000)]
  0x00007f63ac093800 JavaThread "process reaper" daemon [_thread_blocked, id=5562, stack(0x00007f63f409c000,0x00007f63f40d5000)]
=>0x00007f63bc008800 JavaThread "AWT-EventQueue-1" [_thread_in_native, id=5557, stack(0x00007f63dd78c000,0x00007f63dd88d000)]
  0x00007f6418009800 JavaThread "DestroyJavaVM" [_thread_blocked, id=5536, stack(0x00007f641f69f000,0x00007f641f7a0000)]
  0x00007f6418334000 JavaThread "AWT-EventQueue-0" [_thread_blocked, id=5555, stack(0x00007f63f487e000,0x00007f63f497f000)]
  0x00007f6418332000 JavaThread "AWT-Shutdown" [_thread_blocked, id=5554, stack(0x00007f63f497f000,0x00007f63f4a80000)]
  0x00007f6418319800 JavaThread "thread applet-com.airport.AirportMap.class" [_thread_blocked, id=5553, stack(0x00007f63f4a80000,0x00007f63f4b81000)]
  0x00007f641830c800 JavaThread "AWT-XAWT" daemon [_thread_blocked, id=5551, stack(0x00007f63f4b81000,0x00007f63f4c82000)]
  0x00007f64182e7000 JavaThread "Java2D Disposer" daemon [_thread_blocked, id=5550, stack(0x00007f63f5093000,0x00007f63f5194000)]
  0x00007f64180c2000 JavaThread "Service Thread" daemon [_thread_blocked, id=5548, stack(0x00007f63f6bec000,0x00007f63f6ced000)]
  0x00007f64180bd000 JavaThread "C1 CompilerThread2" daemon [_thread_blocked, id=5547, stack(0x00007f63f6ced000,0x00007f63f6dee000)]
  0x00007f64180bb800 JavaThread "C2 CompilerThread1" daemon [_thread_blocked, id=5546, stack(0x00007f63f6dee000,0x00007f63f6eef000)]
  0x00007f64180b8800 JavaThread "C2 CompilerThread0" daemon [_thread_blocked, id=5545, stack(0x00007f63f6eef000,0x00007f63f6ff0000)]
  0x00007f64180b7000 JavaThread "Signal Dispatcher" daemon [_thread_blocked, id=5544, stack(0x00007f63f6ff0000,0x00007f63f70f1000)]
  0x00007f641807e800 JavaThread "Finalizer" daemon [_thread_blocked, id=5543, stack(0x00007f63f70f1000,0x00007f63f71f2000)]
  0x00007f641807c800 JavaThread "Reference Handler" daemon [_thread_blocked, id=5542, stack(0x00007f63f71f2000,0x00007f63f72f3000)]

Other Threads:
  0x00007f6418077800 VMThread [stack: 0x00007f63f72f3000,0x00007f63f73f4000] [id=5541]
  0x00007f64180c4800 WatcherThread [stack: 0x00007f63f6aeb000,0x00007f63f6bec000] [id=5549]

VM state:not at safepoint (normal execution)

VM Mutex/Monitor currently owned by a thread: None

Heap:
 PSYoungGen      total 280576K, used 99015K [0x00000000d6f00000, 0x00000000f2e00000, 0x0000000100000000)
  eden space 251392K, 33% used [0x00000000d6f00000,0x00000000dc099ba0,0x00000000e6480000)
  from space 29184K, 52% used [0x00000000e6480000,0x00000000e7398390,0x00000000e8100000)
  to   space 27648K, 0% used [0x00000000f1300000,0x00000000f1300000,0x00000000f2e00000)
 ParOldGen       total 84992K, used 55240K [0x0000000084c00000, 0x0000000089f00000, 0x00000000d6f00000)
  object space 84992K, 64% used [0x0000000084c00000,0x00000000881f22f8,0x0000000089f00000)
 Metaspace       used 20610K, capacity 20837K, committed 20992K, reserved 1069056K
  class space    used 1914K, capacity 1988K, committed 2048K, reserved 1048576K

Card table byte_map: [0x00007f641c6d9000,0x00007f641cab4000] byte_map_base: 0x00007f641c2b3000

Marking Bits: (ParMarkBitMap*) 0x00007f641eb85660
 Begin Bits: [0x00007f6405260000, 0x00007f6407130000)
 End Bits:   [0x00007f6407130000, 0x00007f6409000000)

Polling page: 0x00007f641f7c2000

CodeCache: size=245760Kb used=9598Kb max_used=9616Kb free=236161Kb
 bounds [0x00007f6409000000, 0x00007f6409980000, 0x00007f6418000000]
 total_blobs=3704 nmethods=2732 adapters=885
 compilation: enabled

Compilation events (10 events):
Event: 19.104 Thread 0x00007f64180bd000 3173       3       de.fhpotsdam.unfolding.interactions.MouseHandler::mouseEvent (185 bytes)
Event: 19.105 Thread 0x00007f64180bd000 nmethod 3173 0x00007f6409963a50 code [0x00007f6409963c00, 0x00007f64099641e8]
Event: 19.121 Thread 0x00007f64180bd000 3174       3       sun.awt.X11.XComponentPeer::handleMotionNotify (6 bytes)
Event: 19.121 Thread 0x00007f64180bd000 nmethod 3174 0x00007f6409964350 code [0x00007f64099644c0, 0x00007f6409964648]
Event: 19.271 Thread 0x00007f64180bd000 3175   !   3       sun.reflect.GeneratedMethodAccessor6::invoke (66 bytes)
Event: 19.271 Thread 0x00007f64180bd000 nmethod 3175 0x00007f64099646d0 code [0x00007f64099648c0, 0x00007f6409965018]
Event: 19.307 Thread 0x00007f64180bd000 3176       1       java.awt.Component::getTreeLock (4 bytes)
Event: 19.307 Thread 0x00007f64180bd000 nmethod 3176 0x00007f6409965410 code [0x00007f6409965560, 0x00007f6409965670]
Event: 19.814 Thread 0x00007f64180b8800 3177   !   4       de.fhpotsdam.unfolding.mapdisplay.Java2DMapDisplay::getVisibleKeys (763 bytes)
Event: 20.011 Thread 0x00007f64180b8800 nmethod 3177 0x00007f6409969f50 code [0x00007f640996a3a0, 0x00007f640996dfb0]

GC Heap History (10 events):
Event: 2.549 GC heap before
{Heap before GC invocations=5 (full 0):
 PSYoungGen      total 68608K, used 68592K [0x00000000d6f00000, 0x00000000db700000, 0x0000000100000000)
  eden space 63488K, 100% used [0x00000000d6f00000,0x00000000dad00000,0x00000000dad00000)
  from space 5120K, 99% used [0x00000000db200000,0x00000000db6fc190,0x00000000db700000)
  to   space 5120K, 0% used [0x00000000dad00000,0x00000000dad00000,0x00000000db200000)
 ParOldGen       total 84992K, used 28155K [0x0000000084c00000, 0x0000000089f00000, 0x00000000d6f00000)
  object space 84992K, 33% used [0x0000000084c00000,0x000000008677ee20,0x0000000089f00000)
 Metaspace       used 19010K, capacity 19219K, committed 19456K, reserved 1067008K
  class space    used 1843K, capacity 1921K, committed 2048K, reserved 1048576K
Event: 2.571 GC heap after
Heap after GC invocations=5 (full 0):
 PSYoungGen      total 68608K, used 5119K [0x00000000d6f00000, 0x00000000e2100000, 0x0000000100000000)
  eden space 63488K, 0% used [0x00000000d6f00000,0x00000000d6f00000,0x00000000dad00000)
  from space 5120K, 99% used [0x00000000dad00000,0x00000000db1ffc20,0x00000000db200000)
  to   space 27648K, 0% used [0x00000000e0600000,0x00000000e0600000,0x00000000e2100000)
 ParOldGen       total 84992K, used 45786K [0x0000000084c00000, 0x0000000089f00000, 0x00000000d6f00000)
  object space 84992K, 53% used [0x0000000084c00000,0x00000000878b6800,0x0000000089f00000)
 Metaspace       used 19010K, capacity 19219K, committed 19456K, reserved 1067008K
  class space    used 1843K, capacity 1921K, committed 2048K, reserved 1048576K
}
Event: 4.167 GC heap before
{Heap before GC invocations=6 (full 0):
 PSYoungGen      total 68608K, used 68607K [0x00000000d6f00000, 0x00000000e2100000, 0x0000000100000000)
  eden space 63488K, 100% used [0x00000000d6f00000,0x00000000dad00000,0x00000000dad00000)
  from space 5120K, 99% used [0x00000000dad00000,0x00000000db1ffc20,0x00000000db200000)
  to   space 27648K, 0% used [0x00000000e0600000,0x00000000e0600000,0x00000000e2100000)
 ParOldGen       total 84992K, used 45786K [0x0000000084c00000, 0x0000000089f00000, 0x00000000d6f00000)
  object space 84992K, 53% used [0x0000000084c00000,0x00000000878b6800,0x0000000089f00000)
 Metaspace       used 19516K, capacity 19705K, committed 19968K, reserved 1067008K
  class space    used 1872K, capacity 1954K, committed 2048K, reserved 1048576K
Event: 4.182 GC heap after
Heap after GC invocations=6 (full 0):
 PSYoungGen      total 152576K, used 9549K [0x00000000d6f00000, 0x00000000e1f00000, 0x0000000100000000)
  eden space 126976K, 0% used [0x00000000d6f00000,0x00000000d6f00000,0x00000000deb00000)
  from space 25600K, 37% used [0x00000000e0600000,0x00000000e0f53500,0x00000000e1f00000)
  to   space 26624K, 0% used [0x00000000deb00000,0x00000000deb00000,0x00000000e0500000)
 ParOldGen       total 84992K, used 45794K [0x0000000084c00000, 0x0000000089f00000, 0x00000000d6f00000)
  object space 84992K, 53% used [0x0000000084c00000,0x00000000878b8800,0x0000000089f00000)
 Metaspace       used 19516K, capacity 19705K, committed 19968K, reserved 1067008K
  class space    used 1872K, capacity 1954K, committed 2048K, reserved 1048576K
}
Event: 7.134 GC heap before
{Heap before GC invocations=7 (full 0):
 PSYoungGen      total 152576K, used 136525K [0x00000000d6f00000, 0x00000000e1f00000, 0x0000000100000000)
  eden space 126976K, 100% used [0x00000000d6f00000,0x00000000deb00000,0x00000000deb00000)
  from space 25600K, 37% used [0x00000000e0600000,0x00000000e0f53500,0x00000000e1f00000)
  to   space 26624K, 0% used [0x00000000deb00000,0x00000000deb00000,0x00000000e0500000)
 ParOldGen       total 84992K, used 45794K [0x0000000084c00000, 0x0000000089f00000, 0x00000000d6f00000)
  object space 84992K, 53% used [0x0000000084c00000,0x00000000878b8800,0x0000000089f00000)
 Metaspace       used 19788K, capacity 20031K, committed 20224K, reserved 1067008K
  class space    used 1874K, capacity 1955K, committed 2048K, reserved 1048576K
Event: 7.147 GC heap after
Heap after GC invocations=7 (full 0):
 PSYoungGen      total 153600K, used 17085K [0x00000000d6f00000, 0x00000000e9b00000, 0x0000000100000000)
  eden space 126976K, 0% used [0x00000000d6f00000,0x00000000d6f00000,0x00000000deb00000)
  from space 26624K, 64% used [0x00000000deb00000,0x00000000dfbaf740,0x00000000e0500000)
  to   space 26624K, 0% used [0x00000000e8100000,0x00000000e8100000,0x00000000e9b00000)
 ParOldGen       total 84992K, used 47787K [0x0000000084c00000, 0x0000000089f00000, 0x00000000d6f00000)
  object space 84992K, 56% used [0x0000000084c00000,0x0000000087aaad88,0x0000000089f00000)
 Metaspace       used 19788K, capacity 20031K, committed 20224K, reserved 1067008K
  class space    used 1874K, capacity 1955K, committed 2048K, reserved 1048576K
}
Event: 9.999 GC heap before
{Heap before GC invocations=8 (full 0):
 PSYoungGen      total 153600K, used 144061K [0x00000000d6f00000, 0x00000000e9b00000, 0x0000000100000000)
  eden space 126976K, 100% used [0x00000000d6f00000,0x00000000deb00000,0x00000000deb00000)
  from space 26624K, 64% used [0x00000000deb00000,0x00000000dfbaf740,0x00000000e0500000)
  to   space 26624K, 0% used [0x00000000e8100000,0x00000000e8100000,0x00000000e9b00000)
 ParOldGen       total 84992K, used 47787K [0x0000000084c00000, 0x0000000089f00000, 0x00000000d6f00000)
  object space 84992K, 56% used [0x0000000084c00000,0x0000000087aaad88,0x0000000089f00000)
 Metaspace       used 20265K, capacity 20453K, committed 20736K, reserved 1069056K
  class space    used 1912K, capacity 1988K, committed 2048K, reserved 1048576K
Event: 10.006 GC heap after
Heap after GC invocations=8 (full 0):
 PSYoungGen      total 278016K, used 22976K [0x00000000d6f00000, 0x00000000ea000000, 0x0000000100000000)
  eden space 251392K, 0% used [0x00000000d6f00000,0x00000000d6f00000,0x00000000e6480000)
  from space 26624K, 86% used [0x00000000e8100000,0x00000000e9770178,0x00000000e9b00000)
  to   space 29184K, 0% used [0x00000000e6480000,0x00000000e6480000,0x00000000e8100000)
 ParOldGen       total 84992K, used 47883K [0x0000000084c00000, 0x0000000089f00000, 0x00000000d6f00000)
  object space 84992K, 56% used [0x0000000084c00000,0x0000000087ac2d88,0x0000000089f00000)
 Metaspace       used 20265K, capacity 20453K, committed 20736K, reserved 1069056K
  class space    used 1912K, capacity 1988K, committed 2048K, reserved 1048576K
}
Event: 17.614 GC heap before
{Heap before GC invocations=9 (full 0):
 PSYoungGen      total 278016K, used 274368K [0x00000000d6f00000, 0x00000000ea000000, 0x0000000100000000)
  eden space 251392K, 100% used [0x00000000d6f00000,0x00000000e6480000,0x00000000e6480000)
  from space 26624K, 86% used [0x00000000e8100000,0x00000000e9770178,0x00000000e9b00000)
  to   space 29184K, 0% used [0x00000000e6480000,0x00000000e6480000,0x00000000e8100000)
 ParOldGen       total 84992K, used 47883K [0x0000000084c00000, 0x0000000089f00000, 0x00000000d6f00000)
  object space 84992K, 56% used [0x0000000084c00000,0x0000000087ac2d88,0x0000000089f00000)
 Metaspace       used 20569K, capacity 20773K, committed 20992K, reserved 1069056K
  class space    used 1912K, capacity 1988K, committed 2048K, reserved 1048576K
Event: 17.621 GC heap after
Heap after GC invocations=9 (full 0):
 PSYoungGen      total 280576K, used 15456K [0x00000000d6f00000, 0x00000000f2e00000, 0x0000000100000000)
  eden space 251392K, 0% used [0x00000000d6f00000,0x00000000d6f00000,0x00000000e6480000)
  from space 29184K, 52% used [0x00000000e6480000,0x00000000e7398390,0x00000000e8100000)
  to   space 27648K, 0% used [0x00000000f1300000,0x00000000f1300000,0x00000000f2e00000)
 ParOldGen       total 84992K, used 55240K [0x0000000084c00000, 0x0000000089f00000, 0x00000000d6f00000)
  object space 84992K, 64% used [0x0000000084c00000,0x00000000881f22f8,0x0000000089f00000)
 Metaspace       used 20569K, capacity 20773K, committed 20992K, reserved 1069056K
  class space    used 1912K, capacity 1988K, committed 2048K, reserved 1048576K
}

Deoptimization events (10 events):
Event: 9.616 Thread 0x00007f63bc008800 Uncommon trap: reason=unstable_if action=reinterpret pc=0x00007f640918b814 method=processing.opengl.Texture.bind()V @ 11
Event: 9.658 Thread 0x00007f63bc008800 Uncommon trap: reason=unstable_if action=reinterpret pc=0x00007f6409508324 method=de.fhpotsdam.unfolding.marker.SimplePointMarker.isInside(FFFF)Z @ 31
Event: 9.683 Thread 0x00007f63bc008800 Uncommon trap: reason=unstable_if action=reinterpret pc=0x00007f64095db56c method=de.fhpotsdam.unfolding.marker.SimpleLinesMarker.draw(Lprocessing/core/PGraphics;Ljava/util/List;)V @ 13
Event: 9.689 Thread 0x00007f63bc008800 Uncommon trap: reason=unstable_if action=reinterpret pc=0x00007f640938c1a0 method=processing.opengl.Texture.bind()V @ 11
Event: 9.700 Thread 0x00007f63bc008800 Uncommon trap: reason=unstable_if action=reinterpret pc=0x00007f64095abc70 method=de.fhpotsdam.unfolding.marker.SimpleLinesMarker.draw(Lprocessing/core/PGraphics;Ljava/util/List;)V @ 13
Event: 11.339 Thread 0x00007f63bc008800 Uncommon trap: reason=unstable_if action=reinterpret pc=0x00007f640975d740 method=java.util.ArrayList.forEach(Ljava/util/function/Consumer;)V @ 39
Event: 13.620 Thread 0x00007f63bc008800 Uncommon trap: reason=unstable_if action=reinterpret pc=0x00007f640987b97c method=processing.core.PFont.index(C)I @ 15
Event: 13.621 Thread 0x00007f63bc008800 Uncommon trap: reason=unstable_if action=reinterpret pc=0x00007f6409877e44 method=processing.core.PFont.index(C)I @ 15
Event: 15.589 Thread 0x00007f63bc008800 Uncommon trap: reason=unstable_if action=reinterpret pc=0x00007f640984b3e4 method=com.airport.AirportMap.showRouteAirport()V @ 91
Event: 20.124 Thread 0x00007f6418319800 Uncommon trap: reason=unstable_if action=reinterpret pc=0x00007f6409423dcc method=java.awt.font.FontRenderContext.equals(Ljava/awt/font/FontRenderContext;)Z @ 2

Internal exceptions (10 events):
Event: 1.186 Thread 0x00007f63bc008800 Implicit null exception at 0x00007f6409152ff5 to 0x00007f640915334d
Event: 2.066 Thread 0x00007f63bc008800 Exception <a 'java/lang/reflect/InvocationTargetException'> (0x00000000d8614598) thrown at [/HUDSON/workspace/8-2-build-linux-amd64/jdk8u51/3951/hotspot/src/share/vm/runtime/reflection.cpp, line 1080]
Event: 2.067 Thread 0x00007f63bc008800 Exception <a 'java/lang/reflect/InvocationTargetException'> (0x00000000d8614b08) thrown at [/HUDSON/workspace/8-2-build-linux-amd64/jdk8u51/3951/hotspot/src/share/vm/runtime/reflection.cpp, line 1080]
Event: 2.206 Thread 0x00007f63bc008800 Exception <a 'java/lang/reflect/InvocationTargetException'> (0x00000000d9936a18) thrown at [/HUDSON/workspace/8-2-build-linux-amd64/jdk8u51/3951/hotspot/src/share/vm/runtime/reflection.cpp, line 1080]
Event: 2.206 Thread 0x00007f63bc008800 Exception <a 'java/lang/reflect/InvocationTargetException'> (0x00000000d9936e28) thrown at [/HUDSON/workspace/8-2-build-linux-amd64/jdk8u51/3951/hotspot/src/share/vm/runtime/reflection.cpp, line 1080]
Event: 2.236 Thread 0x00007f63bc008800 Exception <a 'java/lang/reflect/InvocationTargetException'> (0x00000000d9deac20) thrown at [/HUDSON/workspace/8-2-build-linux-amd64/jdk8u51/3951/hotspot/src/share/vm/runtime/reflection.cpp, line 1080]
Event: 2.237 Thread 0x00007f63bc008800 Exception <a 'java/lang/reflect/InvocationTargetException'> (0x00000000d9deb030) thrown at [/HUDSON/workspace/8-2-build-linux-amd64/jdk8u51/3951/hotspot/src/share/vm/runtime/reflection.cpp, line 1080]
Event: 2.268 Thread 0x00007f63bc008800 Exception <a 'java/lang/reflect/InvocationTargetException'> (0x00000000da297468) thrown at [/HUDSON/workspace/8-2-build-linux-amd64/jdk8u51/3951/hotspot/src/share/vm/runtime/reflection.cpp, line 1080]
Event: 2.269 Thread 0x00007f63bc008800 Exception <a 'java/lang/reflect/InvocationTargetException'> (0x00000000da297878) thrown at [/HUDSON/workspace/8-2-build-linux-amd64/jdk8u51/3951/hotspot/src/share/vm/runtime/reflection.cpp, line 1080]
Event: 2.291 Thread 0x00007f63bc008800 Exception <a 'java/lang/reflect/InvocationTargetException'> (0x00000000da3831d0) thrown at [/HUDSON/workspace/8-2-build-linux-amd64/jdk8u51/3951/hotspot/src/share/vm/runtime/reflection.cpp, line 1080]

Events (10 events):
Event: 20.122 Thread 0x00007f63aa0b3000 Thread added: 0x00007f63aa0b3000
Event: 20.122 loading class sun/applet/AppletPanel$4
Event: 20.123 loading class sun/applet/AppletPanel$4 done
Event: 20.123 loading class java/awt/KeyboardFocusManager$2
Event: 20.123 loading class java/awt/KeyboardFocusManager$2 done
Event: 20.123 loading class sun/awt/SunToolkit$1
Event: 20.124 loading class sun/awt/SunToolkit$1 done
Event: 20.124 Thread 0x00007f6418319800 Uncommon trap: trap_request=0xffffff65 fr.pc=0x00007f6409423dcc
Event: 20.124 Thread 0x00007f6418319800 DEOPT PACKING pc=0x00007f6409423dcc sp=0x00007f63f4b7f420
Event: 20.124 Thread 0x00007f6418319800 DEOPT UNPACKING pc=0x00007f6409005229 sp=0x00007f63f4b7f378 mode 2


Dynamic libraries:
00400000-00401000 r-xp 00000000 fd:00 923311                             /usr/java/jdk1.8.0_51/bin/java
00600000-00601000 rw-p 00000000 fd:00 923311                             /usr/java/jdk1.8.0_51/bin/java
00f5b000-01011000 rw-p 00000000 00:00 0                                  [heap]
84c00000-89f00000 rw-p 00000000 00:00 0 
89f00000-d6f00000 ---p 00000000 00:00 0 
d6f00000-f2e00000 rw-p 00000000 00:00 0 
f2e00000-100000000 ---p 00000000 00:00 0 
100000000-100200000 rw-p 00000000 00:00 0 
100200000-140000000 ---p 00000000 00:00 0 
7f6374000000-7f63740b3000 rw-p 00000000 00:00 0 
7f63740b3000-7f6378000000 ---p 00000000 00:00 0 
7f637afd9000-7f637b199000 rw-s 00000000 00:05 55090                      /drm mm object (deleted)
7f637b199000-7f637b209000 rw-s 00000000 00:05 55103                      /drm mm object (deleted)
7f637b209000-7f637b279000 rw-s 00000000 00:05 56677                      /drm mm object (deleted)
7f637b279000-7f637b2e9000 rw-s 00000000 00:05 56676                      /drm mm object (deleted)
7f637b2e9000-7f637b359000 rw-s 00000000 00:05 56675                      /drm mm object (deleted)
7f637b359000-7f637b3c9000 rw-s 00000000 00:05 55676                      /drm mm object (deleted)
7f637b3c9000-7f637b439000 rw-s 00000000 00:05 55664                      /drm mm object (deleted)
7f637b439000-7f637b43b000 r--s 00000000 fd:00 658517                     /var/cache/fontconfig/87f5e051180a7a75f16eb6fe7dbd3749-le64.cache-4
7f637b43b000-7f637b446000 r--s 00000000 fd:00 658513                     /var/cache/fontconfig/b79f3aaa7d385a141ab53ec885cc22a8-le64.cache-4
7f637b446000-7f637b448000 r--s 00000000 fd:00 655410                     /var/cache/fontconfig/2e1514a9fdd499050989183bb65136db-le64.cache-4
7f637b448000-7f637b44a000 r--s 00000000 fd:00 658547                     /var/cache/fontconfig/3f821257dd33660ba7bbb45c32deb84c-le64.cache-4
7f637b44a000-7f637b44b000 r--s 00000000 fd:00 658546                     /var/cache/fontconfig/4e602040080c966cb821813a3e584564-le64.cache-4
7f637b44b000-7f637b44e000 r--s 00000000 fd:00 655413                     /var/cache/fontconfig/830f035fa84a65ce80e050178dbb630d-le64.cache-4
7f637b44e000-7f637b44f000 r--s 00000000 fd:00 658544                     /var/cache/fontconfig/81a173283b451552b599cfaafd6236bd-le64.cache-4
7f637b44f000-7f637b450000 r--s 00000000 fd:00 658543                     /var/cache/fontconfig/ac68f755438cc3dc5a526084839fc7ca-le64.cache-4
7f637b450000-7f637b451000 r--s 00000000 fd:00 658542                     /var/cache/fontconfig/f951a6bc01c50d58ac4af16a0108457e-le64.cache-4
7f637b451000-7f637b452000 r--s 00000000 fd:00 658541                     /var/cache/fontconfig/8cab66d8f642305e525ba3e322d0979c-le64.cache-4
7f637b452000-7f637b453000 r--s 00000000 fd:00 658540                     /var/cache/fontconfig/12513961c6e7090f8648812f9eaf65d6-le64.cache-4
7f637b453000-7f637b456000 r--s 00000000 fd:00 658539                     /var/cache/fontconfig/e26bf336397aae6fcef4d3803472adec-le64.cache-4
7f637b456000-7f637b457000 r--s 00000000 fd:00 658538                     /var/cache/fontconfig/f132fa2327207a6ac3298c0518879731-le64.cache-4
7f637b457000-7f637b458000 r--s 00000000 fd:00 660001                     /var/cache/fontconfig/6fcb01a03a016cc71057b587cdea6709-le64.cache-4
7f637b458000-7f637b45c000 r--s 00000000 fd:00 658536                     /var/cache/fontconfig/8aa05f52519ebacbdf5713e01a6153b0-le64.cache-4
7f637b45c000-7f637b45d000 r--s 00000000 fd:00 658535                     /var/cache/fontconfig/b887eea8f1b96e1d899b44ed6681fc27-le64.cache-4
7f637b45d000-7f637b45e000 r--s 00000000 fd:00 655407                     /var/cache/fontconfig/860639f272b8b4b3094f9e399e41bccd-le64.cache-4
7f637b45e000-7f637b45f000 r--s 00000000 fd:00 658533                     /var/cache/fontconfig/5d33f04e74a97395cf88bbd83847f1f1-le64.cache-4
7f637b45f000-7f637b460000 r--s 00000000 fd:00 658532                     /var/cache/fontconfig/df893b4576ad6107f9397134092c4059-le64.cache-4
7f637b460000-7f637b461000 r--s 00000000 fd:00 658531                     /var/cache/fontconfig/1e1e03b57ed9f0c723c5aeafda46c3fb-le64.cache-4
7f637b461000-7f637b462000 r--s 00000000 fd:00 658530                     /var/cache/fontconfig/900402270e15d763a6e008bb2d4c7686-le64.cache-4
7f637b462000-7f637b463000 r--s 00000000 fd:00 655414                     /var/cache/fontconfig/47f48679023f44a4d1e44699a69464f6-le64.cache-4
7f637b463000-7f637b468000 r--s 00000000 fd:00 657459                     /var/cache/fontconfig/b67b32625a2bb51b023d3814a918f351-le64.cache-4
7f637b468000-7f637b46a000 r--s 00000000 fd:00 658524                     /var/cache/fontconfig/d3379abda271c4acd2ad0c01f565d0b0-le64.cache-4
7f637b46e000-7f637b4de000 rw-s 00000000 00:05 55660                      /drm mm object (deleted)
7f637b4de000-7f637b54e000 rw-s 00000000 00:05 55658                      /drm mm object (deleted)
7f637b54e000-7f637b5be000 rw-s 00000000 00:05 55657                      /drm mm object (deleted)
7f637b6be000-7f637b73e000 rw-p 00000000 00:00 0 
7f637b73e000-7f637b8be000 ---p 00000000 00:00 0 
7f637b9c6000-7f637ba36000 rw-s 00000000 00:05 52704                      /drm mm object (deleted)
7f637ba36000-7f637baa6000 rw-s 00000000 00:05 55106                      /drm mm object (deleted)
7f637baa6000-7f637bb16000 rw-s 00000000 00:05 55105                      /drm mm object (deleted)
7f637bb16000-7f637bb86000 rw-s 00000000 00:05 55104                      /drm mm object (deleted)
7f637bb86000-7f637bb87000 r--s 00000000 fd:00 655409                     /var/cache/fontconfig/2881ed3fd21ca306ddad6f9b0dd3189f-le64.cache-4
7f637bb87000-7f637bb9a000 r--s 00000000 fd:00 658519                     /var/cache/fontconfig/614d1caaa4d7914789410f6367de37ca-le64.cache-4
7f637bb9a000-7f637bba5000 r--s 00000000 fd:00 655766                     /var/cache/fontconfig/12b26b760a24f8b4feb03ad48a333a72-le64.cache-4
7f637bc10000-7f637bc80000 rw-s 00000000 00:05 55656                      /drm mm object (deleted)
7f637bc80000-7f637bcf0000 rw-s 00000000 00:05 55087                      /drm mm object (deleted)
7f637bcf0000-7f637bd60000 rw-s 00000000 00:05 56674                      /drm mm object (deleted)
7f637bd60000-7f637bdd0000 rw-s 00000000 00:05 56673                      /drm mm object (deleted)
7f637bdd0000-7f637be40000 rw-s 00000000 00:05 52703                      /drm mm object (deleted)
7f637be40000-7f637beb0000 rw-s 00000000 00:05 55655                      /drm mm object (deleted)
7f637beb0000-7f637bf20000 rw-s 00000000 00:05 55654                      /drm mm object (deleted)
7f637bf20000-7f637bf90000 rw-s 00000000 00:05 52702                      /drm mm object (deleted)
7f637bf90000-7f637c000000 rw-s 00000000 00:05 56672                      /drm mm object (deleted)
7f637c000000-7f637c097000 rw-p 00000000 00:00 0 
7f637c097000-7f6380000000 ---p 00000000 00:00 0 
7f6380000000-7f63800a0000 rw-p 00000000 00:00 0 
7f63800a0000-7f6384000000 ---p 00000000 00:00 0 
7f6384000000-7f6384021000 rw-p 00000000 00:00 0 
7f6384021000-7f6388000000 ---p 00000000 00:00 0 
7f6388000000-7f6388021000 rw-p 00000000 00:00 0 
7f6388021000-7f638c000000 ---p 00000000 00:00 0 
7f638c000000-7f638c021000 rw-p 00000000 00:00 0 
7f638c021000-7f6390000000 ---p 00000000 00:00 0 
7f6390000000-7f6390021000 rw-p 00000000 00:00 0 
7f6390021000-7f6394000000 ---p 00000000 00:00 0 
7f6394000000-7f639402b000 rw-p 00000000 00:00 0 
7f639402b000-7f6398000000 ---p 00000000 00:00 0 
7f6398000000-7f6398001000 r--s 00000000 fd:00 655412                     /var/cache/fontconfig/3c3fb04d32a5211b073874b125d29701-le64.cache-4
7f6398001000-7f6398008000 r--s 00000000 fd:00 655408                     /var/cache/fontconfig/a4412f743c4d1c8e7d1a441b64ec7319-le64.cache-4
7f639803a000-7f63980aa000 rw-s 00000000 00:05 56671                      /drm mm object (deleted)
7f63980aa000-7f639811a000 rw-s 00000000 00:05 56670                      /drm mm object (deleted)
7f639811a000-7f639818a000 rw-s 00000000 00:05 55653                      /drm mm object (deleted)
7f639818a000-7f63981fa000 rw-s 00000000 00:05 55086                      /drm mm object (deleted)
7f63981fa000-7f639826a000 rw-s 00000000 00:05 55085                      /drm mm object (deleted)
7f639826a000-7f63982da000 rw-s 00000000 00:05 56669                      /drm mm object (deleted)
7f63982da000-7f639834a000 rw-s 00000000 00:05 55652                      /drm mm object (deleted)
7f639834a000-7f63983ba000 rw-s 00000000 00:05 56668                      /drm mm object (deleted)
7f63983ba000-7f639842a000 rw-s 00000000 00:05 55084                      /drm mm object (deleted)
7f639842a000-7f639849a000 rw-s 00000000 00:05 55083                      /drm mm object (deleted)
7f639849a000-7f639850a000 rw-s 00000000 00:05 55082                      /drm mm object (deleted)
7f639850a000-7f639857a000 rw-s 00000000 00:05 52701                      /drm mm object (deleted)
7f639857a000-7f63985ea000 rw-s 00000000 00:05 55081                      /drm mm object (deleted)
7f63985ea000-7f639865a000 rw-s 00000000 00:05 55080                      /drm mm object (deleted)
7f639865a000-7f63986ca000 rw-s 00000000 00:05 55079                      /drm mm object (deleted)
7f63986ca000-7f639873a000 rw-s 00000000 00:05 56667                      /drm mm object (deleted)
7f639873a000-7f63987aa000 rw-s 00000000 00:05 56666                      /drm mm object (deleted)
7f63987aa000-7f639881a000 rw-s 00000000 00:05 52700                      /drm mm object (deleted)
7f639881a000-7f639888a000 rw-s 00000000 00:05 52699                      /drm mm object (deleted)
7f639888a000-7f63988fa000 rw-s 00000000 00:05 52698                      /drm mm object (deleted)
7f63988fa000-7f639896a000 rw-s 00000000 00:05 55651                      /drm mm object (deleted)
7f639896a000-7f63989da000 rw-s 00000000 00:05 55650                      /drm mm object (deleted)
7f63989da000-7f6398a4a000 rw-s 00000000 00:05 55649                      /drm mm object (deleted)
7f6398a4a000-7f6398aba000 rw-s 00000000 00:05 52697                      /drm mm object (deleted)
7f6398aba000-7f6398b2a000 rw-s 00000000 00:05 52696                      /drm mm object (deleted)
7f6398b2a000-7f6398b9a000 rw-s 00000000 00:05 52695                      /drm mm object (deleted)
7f6398b9a000-7f6398c0a000 rw-s 00000000 00:05 52694                      /drm mm object (deleted)
7f6398c0a000-7f6398c7a000 rw-s 00000000 00:05 56665                      /drm mm object (deleted)
7f6398c7a000-7f6398cea000 rw-s 00000000 00:05 56664                      /drm mm object (deleted)
7f6398cea000-7f6398d5a000 rw-s 00000000 00:05 52693                      /drm mm object (deleted)
7f6398d5a000-7f6398dca000 rw-s 00000000 00:05 52692                      /drm mm object (deleted)
7f6398dca000-7f6398e3a000 rw-s 00000000 00:05 55077                      /drm mm object (deleted)
7f6398e3a000-7f6398eaa000 rw-s 00000000 00:05 55076                      /drm mm object (deleted)
7f6398eaa000-7f6398f1a000 rw-s 00000000 00:05 55075                      /drm mm object (deleted)
7f6398f1a000-7f6398f8a000 rw-s 00000000 00:05 56662                      /drm mm object (deleted)
7f6398f8a000-7f6398ffa000 rw-s 00000000 00:05 56661                      /drm mm object (deleted)
7f6398ffa000-7f639906a000 rw-s 00000000 00:05 56660                      /drm mm object (deleted)
7f639906a000-7f63990da000 rw-s 00000000 00:05 56659                      /drm mm object (deleted)
7f63990da000-7f639914a000 rw-s 00000000 00:05 56658                      /drm mm object (deleted)
7f639914a000-7f63991ba000 rw-s 00000000 00:05 52686                      /drm mm object (deleted)
7f63991ba000-7f639922a000 rw-s 00000000 00:05 52678                      /drm mm object (deleted)
7f639922a000-7f639929a000 rw-s 00000000 00:05 52669                      /drm mm object (deleted)
7f639929a000-7f639930a000 rw-s 00000000 00:05 55071                      /drm mm object (deleted)
7f639930a000-7f639930d000 ---p 00000000 00:00 0 
7f639930d000-7f639940b000 rw-p 00000000 00:00 0 
7f639940b000-7f639940e000 ---p 00000000 00:00 0 
7f639940e000-7f639950c000 rw-p 00000000 00:00 0 
7f639950c000-7f639950f000 ---p 00000000 00:00 0 
7f639950f000-7f639960d000 rw-p 00000000 00:00 0 
7f639960d000-7f6399610000 ---p 00000000 00:00 0 
7f6399610000-7f639970e000 rw-p 00000000 00:00 0 
7f639970e000-7f6399711000 ---p 00000000 00:00 0 
7f6399711000-7f639980f000 rw-p 00000000 00:00 0                          [stack:5646]
7f639980f000-7f6399826000 r-xp 00000000 fd:00 793921                     /usr/lib64/libresolv-2.20.so
7f6399826000-7f6399a25000 ---p 00017000 fd:00 793921                     /usr/lib64/libresolv-2.20.so
7f6399a25000-7f6399a26000 r--p 00016000 fd:00 793921                     /usr/lib64/libresolv-2.20.so
7f6399a26000-7f6399a27000 rw-p 00017000 fd:00 793921                     /usr/lib64/libresolv-2.20.so
7f6399a27000-7f6399a29000 rw-p 00000000 00:00 0 
7f6399a29000-7f6399a2e000 r-xp 00000000 fd:00 793841                     /usr/lib64/libnss_dns-2.20.so
7f6399a2e000-7f6399c2d000 ---p 00005000 fd:00 793841                     /usr/lib64/libnss_dns-2.20.so
7f6399c2d000-7f6399c2e000 r--p 00004000 fd:00 793841                     /usr/lib64/libnss_dns-2.20.so
7f6399c2e000-7f6399c2f000 rw-p 00005000 fd:00 793841                     /usr/lib64/libnss_dns-2.20.so
7f6399c2f000-7f6399c31000 r-xp 00000000 fd:00 795035                     /usr/lib64/libnss_mdns4_minimal.so.2
7f6399c31000-7f6399e30000 ---p 00002000 fd:00 795035                     /usr/lib64/libnss_mdns4_minimal.so.2
7f6399e30000-7f6399e31000 r--p 00001000 fd:00 795035                     /usr/lib64/libnss_mdns4_minimal.so.2
7f6399e31000-7f6399e32000 rw-p 00002000 fd:00 795035                     /usr/lib64/libnss_mdns4_minimal.so.2
7f6399e32000-7f6399ea2000 rw-s 10323e000 00:06 458                       /dev/dri/card0
7f6399ea2000-7f639a062000 rw-s 00000000 00:05 55002                      /drm mm object (deleted)
7f639a062000-7f639a065000 ---p 00000000 00:00 0 
7f639a065000-7f639a163000 rw-p 00000000 00:00 0 
7f639a163000-7f639a166000 ---p 00000000 00:00 0 
7f639a166000-7f639a264000 rw-p 00000000 00:00 0 
7f639a264000-7f639a267000 ---p 00000000 00:00 0 
7f639a267000-7f639a365000 rw-p 00000000 00:00 0 
7f639a365000-7f639a368000 ---p 00000000 00:00 0 
7f639a368000-7f639a466000 rw-p 00000000 00:00 0 
7f639a466000-7f639a626000 rw-s 00000000 00:05 55636                      /drm mm object (deleted)
7f639a626000-7f639a627000 r--s 00000000 fd:00 658526                     /var/cache/fontconfig/e61abf8156cc476151baa07d67337cae-le64.cache-4
7f639a627000-7f639a628000 r--s 00000000 fd:00 658523                     /var/cache/fontconfig/b4d0b56f766d89640448751fcd18ec1e-le64.cache-4
7f639a666000-7f639a6d6000 rw-s 00000000 00:05 55648                      /drm mm object (deleted)
7f639a6d6000-7f639a746000 rw-s 00000000 00:05 55074                      /drm mm object (deleted)
7f639a746000-7f639a7b6000 rw-s 00000000 00:05 55073                      /drm mm object (deleted)
7f639a7b6000-7f639a826000 rw-s 00000000 00:05 55072                      /drm mm object (deleted)
7f639a826000-7f639aa26000 rw-p 00000000 00:00 0 
7f639aa26000-7f639ac26000 rw-s 00000000 00:05 56643                      /drm mm object (deleted)
7f639ac26000-7f639ae26000 rw-s 00000000 00:05 52658                      /drm mm object (deleted)
7f639ae26000-7f639ae3b000 r-xp 00000000 fd:00 795455                     /usr/lib64/libz.so.1.2.8
7f639ae3b000-7f639b03a000 ---p 00015000 fd:00 795455                     /usr/lib64/libz.so.1.2.8
7f639b03a000-7f639b03b000 r--p 00014000 fd:00 795455                     /usr/lib64/libz.so.1.2.8
7f639b03b000-7f639b03c000 rw-p 00015000 fd:00 795455                     /usr/lib64/libz.so.1.2.8
7f639b03c000-7f639b04b000 r-xp 00000000 fd:00 794528                     /usr/lib64/libbz2.so.1.0.6
7f639b04b000-7f639b24a000 ---p 0000f000 fd:00 794528                     /usr/lib64/libbz2.so.1.0.6
7f639b24a000-7f639b24b000 r--p 0000e000 fd:00 794528                     /usr/lib64/libbz2.so.1.0.6
7f639b24b000-7f639b24c000 rw-p 0000f000 fd:00 794528                     /usr/lib64/libbz2.so.1.0.6
7f639b24c000-7f639b270000 r-xp 00000000 fd:00 794956                     /usr/lib64/liblzma.so.5.0.99
7f639b270000-7f639b46f000 ---p 00024000 fd:00 794956                     /usr/lib64/liblzma.so.5.0.99
7f639b46f000-7f639b470000 r--p 00023000 fd:00 794956                     /usr/lib64/liblzma.so.5.0.99
7f639b470000-7f639b471000 rw-p 00024000 fd:00 794956                     /usr/lib64/liblzma.so.5.0.99
7f639b471000-7f639b486000 r-xp 00000000 fd:00 791716                     /usr/lib64/libelf-0.163.so
7f639b486000-7f639b686000 ---p 00015000 fd:00 791716                     /usr/lib64/libelf-0.163.so
7f639b686000-7f639b687000 r--p 00015000 fd:00 791716                     /usr/lib64/libelf-0.163.so
7f639b687000-7f639b688000 rw-p 00016000 fd:00 791716                     /usr/lib64/libelf-0.163.so
7f639b688000-7f639b6ce000 r-xp 00000000 fd:00 791730                     /usr/lib64/libdw-0.163.so
7f639b6ce000-7f639b8ce000 ---p 00046000 fd:00 791730                     /usr/lib64/libdw-0.163.so
7f639b8ce000-7f639b8d0000 r--p 00046000 fd:00 791730                     /usr/lib64/libdw-0.163.so
7f639b8d0000-7f639b8d1000 rw-p 00048000 fd:00 791730                     /usr/lib64/libdw-0.163.so
7f639b8d1000-7f639b8d3000 r-xp 00000000 fd:00 794452                     /usr/lib64/libXinerama.so.1.0.0
7f639b8d3000-7f639bad2000 ---p 00002000 fd:00 794452                     /usr/lib64/libXinerama.so.1.0.0
7f639bad2000-7f639bad3000 r--p 00001000 fd:00 794452                     /usr/lib64/libXinerama.so.1.0.0
7f639bad3000-7f639bad4000 rw-p 00002000 fd:00 794452                     /usr/lib64/libXinerama.so.1.0.0
7f639bad4000-7f639badc000 r-xp 00000000 fd:00 795090                     /usr/lib64/libpciaccess.so.0.11.1
7f639badc000-7f639bcdc000 ---p 00008000 fd:00 795090                     /usr/lib64/libpciaccess.so.0.11.1
7f639bcdc000-7f639bcdd000 r--p 00008000 fd:00 795090                     /usr/lib64/libpciaccess.so.0.11.1
7f639bcdd000-7f639bcde000 rw-p 00009000 fd:00 795090                     /usr/lib64/libpciaccess.so.0.11.1
7f639bcde000-7f639bdce000 r-xp 00000000 fd:00 794051                     /usr/lib64/libstdc++.so.6.0.20
7f639bdce000-7f639bfce000 ---p 000f0000 fd:00 794051                     /usr/lib64/libstdc++.so.6.0.20
7f639bfce000-7f639bfd6000 r--p 000f0000 fd:00 794051                     /usr/lib64/libstdc++.so.6.0.20
7f639bfd6000-7f639bfd8000 rw-p 000f8000 fd:00 794051                     /usr/lib64/libstdc++.so.6.0.20
7f639bfd8000-7f639bfed000 rw-p 00000000 00:00 0 
7f639bfed000-7f639bff9000 r-xp 00000000 fd:00 793461                     /usr/lib64/libdrm_radeon.so.1.0.1
7f639bff9000-7f639c1f8000 ---p 0000c000 fd:00 793461                     /usr/lib64/libdrm_radeon.so.1.0.1
7f639c1f8000-7f639c1f9000 r--p 0000b000 fd:00 793461                     /usr/lib64/libdrm_radeon.so.1.0.1
7f639c1f9000-7f639c1fa000 rw-p 0000c000 fd:00 793461                     /usr/lib64/libdrm_radeon.so.1.0.1
7f639c1fa000-7f639c200000 r-xp 00000000 fd:00 793460                     /usr/lib64/libdrm_nouveau.so.2.0.0
7f639c200000-7f639c3ff000 ---p 00006000 fd:00 793460                     /usr/lib64/libdrm_nouveau.so.2.0.0
7f639c3ff000-7f639c400000 r--p 00005000 fd:00 793460                     /usr/lib64/libdrm_nouveau.so.2.0.0
7f639c400000-7f639c401000 rw-p 00006000 fd:00 793460                     /usr/lib64/libdrm_nouveau.so.2.0.0
7f639c401000-7f639c422000 r-xp 00000000 fd:00 793459                     /usr/lib64/libdrm_intel.so.1.0.0
7f639c422000-7f639c621000 ---p 00021000 fd:00 793459                     /usr/lib64/libdrm_intel.so.1.0.0
7f639c621000-7f639c622000 r--p 00020000 fd:00 793459                     /usr/lib64/libdrm_intel.so.1.0.0
7f639c622000-7f639c623000 rw-p 00021000 fd:00 793459                     /usr/lib64/libdrm_intel.so.1.0.0
7f639c623000-7f639cb62000 r-xp 00000000 fd:00 1050474                    /usr/lib64/dri/i965_dri.so
7f639cb62000-7f639cd62000 ---p 0053f000 fd:00 1050474                    /usr/lib64/dri/i965_dri.so
7f639cd62000-7f639cd7d000 r--p 0053f000 fd:00 1050474                    /usr/lib64/dri/i965_dri.so
7f639cd7d000-7f639cd83000 rw-p 0055a000 fd:00 1050474                    /usr/lib64/dri/i965_dri.so
7f639cd83000-7f639cd8d000 rw-p 00000000 00:00 0 
7f639cd8d000-7f639cd93000 r-xp 00000000 fd:00 791009                     /usr/lib64/libGLESv2.so.2.0.0
7f639cd93000-7f639cf92000 ---p 00006000 fd:00 791009                     /usr/lib64/libGLESv2.so.2.0.0
7f639cf92000-7f639cf93000 r--p 00005000 fd:00 791009                     /usr/lib64/libGLESv2.so.2.0.0
7f639cf93000-7f639cf94000 rw-p 00006000 fd:00 791009                     /usr/lib64/libGLESv2.so.2.0.0
7f639cf94000-7f639cfd9000 r-xp 00000000 00:25 56611                      /tmp/jogamp_0000/file_cache/jln1737611225665352766/jln169008000841955853/libjogl_mobile.so
7f639cfd9000-7f639d1d9000 ---p 00045000 00:25 56611                      /tmp/jogamp_0000/file_cache/jln1737611225665352766/jln169008000841955853/libjogl_mobile.so
7f639d1d9000-7f639d1da000 rw-p 00045000 00:25 56611                      /tmp/jogamp_0000/file_cache/jln1737611225665352766/jln169008000841955853/libjogl_mobile.so
7f639d1da000-7f639d1e1000 r-xp 00000000 fd:00 793503                     /usr/lib64/libffi.so.6.0.2
7f639d1e1000-7f639d3e0000 ---p 00007000 fd:00 793503                     /usr/lib64/libffi.so.6.0.2
7f639d3e0000-7f639d3e1000 r--p 00006000 fd:00 793503                     /usr/lib64/libffi.so.6.0.2
7f639d3e1000-7f639d3e2000 rw-p 00007000 fd:00 793503                     /usr/lib64/libffi.so.6.0.2
7f639d3e2000-7f639d3f1000 r-xp 00000000 fd:00 795338                     /usr/lib64/libwayland-server.so.0.1.0
7f639d3f1000-7f639d5f1000 ---p 0000f000 fd:00 795338                     /usr/lib64/libwayland-server.so.0.1.0
7f639d5f1000-7f639d5f3000 r--p 0000f000 fd:00 795338                     /usr/lib64/libwayland-server.so.0.1.0
7f639d5f3000-7f639d5f4000 rw-p 00011000 fd:00 795338                     /usr/lib64/libwayland-server.so.0.1.0
7f639d5f4000-7f639d600000 r-xp 00000000 fd:00 795335                     /usr/lib64/libwayland-client.so.0.3.0
7f639d600000-7f639d7ff000 ---p 0000c000 fd:00 795335                     /usr/lib64/libwayland-client.so.0.3.0
7f639d7ff000-7f639d801000 r--p 0000b000 fd:00 795335                     /usr/lib64/libwayland-client.so.0.3.0
7f639d801000-7f639d802000 rw-p 0000d000 fd:00 795335                     /usr/lib64/libwayland-client.so.0.3.0
7f639d802000-7f639d80f000 r-xp 00000000 fd:00 790748                     /usr/lib64/libgbm.so.1.0.0
7f639d80f000-7f639da0e000 ---p 0000d000 fd:00 790748                     /usr/lib64/libgbm.so.1.0.0
7f639da0e000-7f639da0f000 r--p 0000c000 fd:00 790748                     /usr/lib64/libgbm.so.1.0.0
7f639da0f000-7f639da10000 rw-p 0000d000 fd:00 790748                     /usr/lib64/libgbm.so.1.0.0
7f639da10000-7f639da38000 r-xp 00000000 fd:00 790750                     /usr/lib64/libEGL.so.1.0.0
7f639da38000-7f639dc37000 ---p 00028000 fd:00 790750                     /usr/lib64/libEGL.so.1.0.0
7f639dc37000-7f639dc38000 r--p 00027000 fd:00 790750                     /usr/lib64/libEGL.so.1.0.0
7f639dc38000-7f639dc39000 rw-p 00028000 fd:00 790750                     /usr/lib64/libEGL.so.1.0.0
7f639dc39000-7f639dc3a000 rw-p 00000000 00:00 0 
7f639dc3a000-7f639dcdf000 r-xp 00000000 00:25 56610                      /tmp/jogamp_0000/file_cache/jln1737611225665352766/jln169008000841955853/libjogl_desktop.so
7f639dcdf000-7f639dedf000 ---p 000a5000 00:25 56610                      /tmp/jogamp_0000/file_cache/jln1737611225665352766/jln169008000841955853/libjogl_desktop.so
7f639dedf000-7f639dee0000 rw-p 000a5000 00:25 56610                      /tmp/jogamp_0000/file_cache/jln1737611225665352766/jln169008000841955853/libjogl_desktop.so
7f639dee0000-7f639df4c000 r-xp 00000000 fd:00 789062                     /usr/lib64/libpcre.so.1.2.3
7f639df4c000-7f639e14b000 ---p 0006c000 fd:00 789062                     /usr/lib64/libpcre.so.1.2.3
7f639e14b000-7f639e14c000 r--p 0006b000 fd:00 789062                     /usr/lib64/libpcre.so.1.2.3
7f639e14c000-7f639e14d000 rw-p 0006c000 fd:00 789062                     /usr/lib64/libpcre.so.1.2.3
7f639e14d000-7f639e159000 r-xp 00000000 fd:00 793458                     /usr/lib64/libdrm.so.2.4.0
7f639e159000-7f639e358000 ---p 0000c000 fd:00 793458                     /usr/lib64/libdrm.so.2.4.0
7f639e358000-7f639e359000 r--p 0000b000 fd:00 793458                     /usr/lib64/libdrm.so.2.4.0
7f639e359000-7f639e35a000 rw-p 0000c000 fd:00 793458                     /usr/lib64/libdrm.so.2.4.0
7f639e35a000-7f639e35b000 r-xp 00000000 fd:00 794265                     /usr/lib64/libxshmfence.so.1.0.0
7f639e35b000-7f639e55b000 ---p 00001000 fd:00 794265                     /usr/lib64/libxshmfence.so.1.0.0
7f639e55b000-7f639e55c000 r--p 00001000 fd:00 794265                     /usr/lib64/libxshmfence.so.1.0.0
7f639e55c000-7f639e55d000 rw-p 00002000 fd:00 794265                     /usr/lib64/libxshmfence.so.1.0.0
7f639e55d000-7f639e562000 r-xp 00000000 fd:00 794231                     /usr/lib64/libxcb-sync.so.1.0.0
7f639e562000-7f639e762000 ---p 00005000 fd:00 794231                     /usr/lib64/libxcb-sync.so.1.0.0
7f639e762000-7f639e763000 r--p 00005000 fd:00 794231                     /usr/lib64/libxcb-sync.so.1.0.0
7f639e763000-7f639e764000 rw-p 00006000 fd:00 794231                     /usr/lib64/libxcb-sync.so.1.0.0
7f639e764000-7f639e767000 r-xp 00000000 fd:00 794228                     /usr/lib64/libxcb-shape.so.0.0.0
7f639e767000-7f639e966000 ---p 00003000 fd:00 794228                     /usr/lib64/libxcb-shape.so.0.0.0
7f639e966000-7f639e967000 r--p 00002000 fd:00 794228                     /usr/lib64/libxcb-shape.so.0.0.0
7f639e967000-7f639e968000 rw-p 00003000 fd:00 794228                     /usr/lib64/libxcb-shape.so.0.0.0
7f639e968000-7f639e971000 r-xp 00000000 fd:00 794224                     /usr/lib64/libxcb-render.so.0.0.0
7f639e971000-7f639eb70000 ---p 00009000 fd:00 794224                     /usr/lib64/libxcb-render.so.0.0.0
7f639eb70000-7f639eb71000 r--p 00008000 fd:00 794224                     /usr/lib64/libxcb-render.so.0.0.0
7f639eb71000-7f639eb72000 rw-p 00009000 fd:00 794224                     /usr/lib64/libxcb-render.so.0.0.0
7f639eb72000-7f639eb78000 r-xp 00000000 fd:00 794237                     /usr/lib64/libxcb-xfixes.so.0.0.0
7f639eb78000-7f639ed78000 ---p 00006000 fd:00 794237                     /usr/lib64/libxcb-xfixes.so.0.0.0
7f639ed78000-7f639ed79000 r--p 00006000 fd:00 794237                     /usr/lib64/libxcb-xfixes.so.0.0.0
7f639ed79000-7f639ed7a000 rw-p 00007000 fd:00 794237                     /usr/lib64/libxcb-xfixes.so.0.0.0
7f639ed7a000-7f639ed86000 r-xp 00000000 fd:00 794219                     /usr/lib64/libxcb-randr.so.0.1.0
7f639ed86000-7f639ef86000 ---p 0000c000 fd:00 794219                     /usr/lib64/libxcb-randr.so.0.1.0
7f639ef86000-7f639ef87000 r--p 0000c000 fd:00 794219                     /usr/lib64/libxcb-randr.so.0.1.0
7f639ef87000-7f639ef88000 rw-p 0000d000 fd:00 794219                     /usr/lib64/libxcb-randr.so.0.1.0
7f639ef88000-7f639ef8a000 r-xp 00000000 fd:00 794218                     /usr/lib64/libxcb-present.so.0.0.0
7f639ef8a000-7f639f189000 ---p 00002000 fd:00 794218                     /usr/lib64/libxcb-present.so.0.0.0
7f639f189000-7f639f18a000 r--p 00001000 fd:00 794218                     /usr/lib64/libxcb-present.so.0.0.0
7f639f18a000-7f639f18b000 rw-p 00002000 fd:00 794218                     /usr/lib64/libxcb-present.so.0.0.0
7f639f18b000-7f639f18d000 r-xp 00000000 fd:00 794210                     /usr/lib64/libxcb-dri3.so.0.0.0
7f639f18d000-7f639f38c000 ---p 00002000 fd:00 794210                     /usr/lib64/libxcb-dri3.so.0.0.0
7f639f38c000-7f639f38d000 r--p 00001000 fd:00 794210                     /usr/lib64/libxcb-dri3.so.0.0.0
7f639f38d000-7f639f38e000 rw-p 00002000 fd:00 794210                     /usr/lib64/libxcb-dri3.so.0.0.0
7f639f38e000-7f639f392000 r-xp 00000000 fd:00 794208                     /usr/lib64/libxcb-dri2.so.0.0.0
7f639f392000-7f639f591000 ---p 00004000 fd:00 794208                     /usr/lib64/libxcb-dri2.so.0.0.0
7f639f591000-7f639f592000 r--p 00003000 fd:00 794208                     /usr/lib64/libxcb-dri2.so.0.0.0
7f639f592000-7f639f593000 rw-p 00004000 fd:00 794208                     /usr/lib64/libxcb-dri2.so.0.0.0
7f639f593000-7f639f5aa000 r-xp 00000000 fd:00 794213                     /usr/lib64/libxcb-glx.so.0.0.0
7f639f5aa000-7f639f7a9000 ---p 00017000 fd:00 794213                     /usr/lib64/libxcb-glx.so.0.0.0
7f639f7a9000-7f639f7ab000 r--p 00016000 fd:00 794213                     /usr/lib64/libxcb-glx.so.0.0.0
7f639f7ab000-7f639f7ac000 rw-p 00018000 fd:00 794213                     /usr/lib64/libxcb-glx.so.0.0.0
7f639f7ac000-7f639f7ad000 r-xp 00000000 fd:00 794438                     /usr/lib64/libX11-xcb.so.1.0.0
7f639f7ad000-7f639f9ac000 ---p 00001000 fd:00 794438                     /usr/lib64/libX11-xcb.so.1.0.0
7f639f9ac000-7f639f9ad000 r--p 00000000 fd:00 794438                     /usr/lib64/libX11-xcb.so.1.0.0
7f639f9ad000-7f639f9ae000 rw-p 00001000 fd:00 794438                     /usr/lib64/libX11-xcb.so.1.0.0
7f639f9ae000-7f639f9b0000 r-xp 00000000 fd:00 794444                     /usr/lib64/libXdamage.so.1.1.0
7f639f9b0000-7f639fbaf000 ---p 00002000 fd:00 794444                     /usr/lib64/libXdamage.so.1.1.0
7f639fbaf000-7f639fbb0000 r--p 00001000 fd:00 794444                     /usr/lib64/libXdamage.so.1.1.0
7f639fbb0000-7f639fbb1000 rw-p 00002000 fd:00 794444                     /usr/lib64/libXdamage.so.1.1.0
7f639fbb1000-7f639fbd2000 r-xp 00000000 fd:00 794341                     /usr/lib64/libselinux.so.1
7f639fbd2000-7f639fdd2000 ---p 00021000 fd:00 794341                     /usr/lib64/libselinux.so.1
7f639fdd2000-7f639fdd3000 r--p 00021000 fd:00 794341                     /usr/lib64/libselinux.so.1
7f639fdd3000-7f639fdd4000 rw-p 00022000 fd:00 794341                     /usr/lib64/libselinux.so.1
7f639fdd4000-7f639fdd6000 rw-p 00000000 00:00 0 
7f639fdd6000-7f639fdfb000 r-xp 00000000 fd:00 790371                     /usr/lib64/libglapi.so.0.0.0
7f639fdfb000-7f639fffb000 ---p 00025000 fd:00 790371                     /usr/lib64/libglapi.so.0.0.0
7f639fffb000-7f639fffe000 r--p 00025000 fd:00 790371                     /usr/lib64/libglapi.so.0.0.0
7f639fffe000-7f639ffff000 rw-p 00028000 fd:00 790371                     /usr/lib64/libglapi.so.0.0.0
7f639ffff000-7f63a0000000 rw-p 00000000 00:00 0 
7f63a0000000-7f63a0021000 rw-p 00000000 00:00 0 
7f63a0021000-7f63a4000000 ---p 00000000 00:00 0 
7f63a4000000-7f63a6ec2000 rw-p 00000000 00:00 0 
7f63a6ec2000-7f63a8000000 ---p 00000000 00:00 0 
7f63a8000000-7f63aa505000 rw-p 00000000 00:00 0 
7f63aa505000-7f63ac000000 ---p 00000000 00:00 0 
7f63ac000000-7f63ad572000 rw-p 00000000 00:00 0 
7f63ad572000-7f63b0000000 ---p 00000000 00:00 0 
7f63b0000000-7f63b0021000 rw-p 00000000 00:00 0 
7f63b0021000-7f63b4000000 ---p 00000000 00:00 0 
7f63b4000000-7f63b4033000 rw-p 00000000 00:00 0 
7f63b4033000-7f63b8000000 ---p 00000000 00:00 0 
7f63b8000000-7f63b8023000 rw-p 00000000 00:00 0 
7f63b8023000-7f63bc000000 ---p 00000000 00:00 0 
7f63bc000000-7f63bc02c000 rw-p 00000000 00:00 0 
7f63bc02c000-7f63c0000000 ---p 00000000 00:00 0 
7f63c0000000-7f63c0021000 rw-p 00000000 00:00 0 
7f63c0021000-7f63c4000000 ---p 00000000 00:00 0 
7f63c4000000-7f63c4021000 rw-p 00000000 00:00 0 
7f63c4021000-7f63c8000000 ---p 00000000 00:00 0 
7f63c8000000-7f63c85bf000 rw-p 00000000 00:00 0 
7f63c85bf000-7f63cc000000 ---p 00000000 00:00 0 
7f63cc000000-7f63cc021000 rw-p 00000000 00:00 0 
7f63cc021000-7f63d0000000 ---p 00000000 00:00 0 
7f63d0000000-7f63d0eb9000 rw-p 00000000 00:00 0 
7f63d0eb9000-7f63d4000000 ---p 00000000 00:00 0 
7f63d4000000-7f63d4904000 rw-p 00000000 00:00 0 
7f63d4904000-7f63d8000000 ---p 00000000 00:00 0 
7f63d8000000-7f63d8021000 rw-p 00000000 00:00 0 
7f63d8021000-7f63dc000000 ---p 00000000 00:00 0 
7f63dc000000-7f63dc003000 r--s 00000000 fd:00 655405                     /var/cache/fontconfig/7ee6df7a8311986241317a58487e0145-le64.cache-4
7f63dc003000-7f63dc005000 r--s 00000000 fd:00 658521                     /var/cache/fontconfig/99a1ce9f8b6a0434aadb01d3779b0780-le64.cache-4
7f63dc005000-7f63dc075000 rw-s 1031ce000 00:06 458                       /dev/dri/card0
7f63dc075000-7f63dc115000 rw-s 10312e000 00:06 458                       /dev/dri/card0
7f63dc115000-7f63dc1b5000 rw-s 10308e000 00:06 458                       /dev/dri/card0
7f63dc1b5000-7f63dc1db000 r-xp 00000000 fd:00 794665                     /usr/lib64/libexpat.so.1.6.0
7f63dc1db000-7f63dc3db000 ---p 00026000 fd:00 794665                     /usr/lib64/libexpat.so.1.6.0
7f63dc3db000-7f63dc3de000 r--p 00026000 fd:00 794665                     /usr/lib64/libexpat.so.1.6.0
7f63dc3de000-7f63dc3df000 rw-p 00029000 fd:00 794665                     /usr/lib64/libexpat.so.1.6.0
7f63dc3df000-7f63dc475000 r-xp 00000000 fd:00 790746                     /usr/lib64/libGL.so.1.2.0
7f63dc475000-7f63dc674000 ---p 00096000 fd:00 790746                     /usr/lib64/libGL.so.1.2.0
7f63dc674000-7f63dc677000 r--p 00095000 fd:00 790746                     /usr/lib64/libGL.so.1.2.0
7f63dc677000-7f63dc678000 rw-p 00098000 fd:00 790746                     /usr/lib64/libGL.so.1.2.0
7f63dc678000-7f63dc879000 rw-p 00000000 00:00 0 
7f63dc879000-7f63dca79000 rw-p 00000000 00:00 0 
7f63dca79000-7f63dca80000 r-xp 00000000 00:25 56613                      /tmp/jogamp_0000/file_cache/jln1737611225665352766/jln169008000841955853/libnativewindow_x11.so
7f63dca80000-7f63dcc7f000 ---p 00007000 00:25 56613                      /tmp/jogamp_0000/file_cache/jln1737611225665352766/jln169008000841955853/libnativewindow_x11.so
7f63dcc7f000-7f63dcc80000 rw-p 00006000 00:25 56613                      /tmp/jogamp_0000/file_cache/jln1737611225665352766/jln169008000841955853/libnativewindow_x11.so
7f63dcc80000-7f63dcc85000 r-xp 00000000 fd:00 794465                     /usr/lib64/libXxf86vm.so.1.0.0
7f63dcc85000-7f63dce84000 ---p 00005000 fd:00 794465                     /usr/lib64/libXxf86vm.so.1.0.0
7f63dce84000-7f63dce85000 r--p 00004000 fd:00 794465                     /usr/lib64/libXxf86vm.so.1.0.0
7f63dce85000-7f63dce86000 rw-p 00005000 fd:00 794465                     /usr/lib64/libXxf86vm.so.1.0.0
7f63dce86000-7f63dce88000 r-xp 00000000 00:25 56612                      /tmp/jogamp_0000/file_cache/jln1737611225665352766/jln169008000841955853/libnativewindow_awt.so
7f63dce88000-7f63dd087000 ---p 00002000 00:25 56612                      /tmp/jogamp_0000/file_cache/jln1737611225665352766/jln169008000841955853/libnativewindow_awt.so
7f63dd087000-7f63dd088000 rw-p 00001000 00:25 56612                      /tmp/jogamp_0000/file_cache/jln1737611225665352766/jln169008000841955853/libnativewindow_awt.so
7f63dd088000-7f63dd089000 r-xp 00000000 fd:00 924971                     /usr/java/jdk1.8.0_51/jre/lib/amd64/libjawt.so
7f63dd089000-7f63dd288000 ---p 00001000 fd:00 924971                     /usr/java/jdk1.8.0_51/jre/lib/amd64/libjawt.so
7f63dd288000-7f63dd289000 rw-p 00000000 fd:00 924971                     /usr/java/jdk1.8.0_51/jre/lib/amd64/libjawt.so
7f63dd289000-7f63dd28b000 r-xp 00000000 00:25 56609                      /tmp/jogamp_0000/file_cache/jln1737611225665352766/jln169008000841955853/libgluegen-rt.so
7f63dd28b000-7f63dd48a000 ---p 00002000 00:25 56609                      /tmp/jogamp_0000/file_cache/jln1737611225665352766/jln169008000841955853/libgluegen-rt.so
7f63dd48a000-7f63dd48b000 rw-p 00001000 00:25 56609                      /tmp/jogamp_0000/file_cache/jln1737611225665352766/jln169008000841955853/libgluegen-rt.so
7f63dd48b000-7f63dd48e000 ---p 00000000 00:00 0 
7f63dd48e000-7f63dd78c000 rw-p 00000000 00:00 0                          [stack:5567]
7f63dd78c000-7f63dd78f000 ---p 00000000 00:00 0 
7f63dd78f000-7f63dda8d000 rw-p 00000000 00:00 0                          [stack:5557]
7f63dda8d000-7f63e4000000 r--p 00000000 fd:00 796295                     /usr/lib/locale/locale-archive
7f63e4000000-7f63e4021000 rw-p 00000000 00:00 0 
7f63e4021000-7f63e8000000 ---p 00000000 00:00 0 
7f63e8000000-7f63e8021000 rw-p 00000000 00:00 0 
7f63e8021000-7f63ec000000 ---p 00000000 00:00 0 
7f63ec000000-7f63ec021000 rw-p 00000000 00:00 0 
7f63ec021000-7f63f0000000 ---p 00000000 00:00 0 
7f63f0000000-7f63f0021000 rw-p 00000000 00:00 0 
7f63f0021000-7f63f4000000 ---p 00000000 00:00 0 
7f63f4000000-7f63f4002000 r--s 00000000 fd:00 658520                     /var/cache/fontconfig/f9d379b867d7c69c85310a4f24e5228f-le64.cache-4
7f63f4002000-7f63f4007000 r--s 00000000 fd:00 655411                     /var/cache/fontconfig/a289f7e03715303a9a1b010d74c00c6a-le64.cache-4
7f63f4007000-7f63f4008000 r--s 00000000 fd:00 658512                     /var/cache/fontconfig/3640555adad8a8f6978400293cfce7ab-le64.cache-4
7f63f4008000-7f63f400a000 r--s 00000000 fd:00 655813                     /var/cache/fontconfig/b3043b29744cf0a429678d296f5e4026-le64.cache-4
7f63f400a000-7f63f400e000 r--s 00000000 fd:00 656196                     /var/cache/fontconfig/beeeeb3dfe132a8a0633a017c99ce0c0-le64.cache-4
7f63f4036000-7f63f4037000 rw-p 00000000 00:00 0 
7f63f4037000-7f63f403f000 rw-s 00000000 00:05 56657                      /drm mm object (deleted)
7f63f403f000-7f63f4040000 rw-s 00000000 00:05 52651                      /memfd:xshmfence (deleted)
7f63f4040000-7f63f4048000 rw-s 00000000 00:05 55093                      /drm mm object (deleted)
7f63f4048000-7f63f4050000 rw-s 00000000 00:05 55092                      /drm mm object (deleted)
7f63f4050000-7f63f4051000 rw-s 00000000 00:05 52645                      /drm mm object (deleted)
7f63f4051000-7f63f4059000 rw-s 00000000 00:05 55000                      /drm mm object (deleted)
7f63f4059000-7f63f405a000 rw-s 00000000 00:05 55631                      /drm mm object (deleted)
7f63f405a000-7f63f405b000 rw-s 00000000 00:05 55626                      /drm mm object (deleted)
7f63f405b000-7f63f4063000 rw-s 00000000 00:05 55622                      /drm mm object (deleted)
7f63f4063000-7f63f4064000 rw-s 00000000 00:05 55619                      /drm mm object (deleted)
7f63f4064000-7f63f406c000 rw-s 00000000 00:05 55618                      /drm mm object (deleted)
7f63f406c000-7f63f407b000 r-xp 00000000 fd:00 794095                     /usr/lib64/libudev.so.1.6.1
7f63f407b000-7f63f407c000 r--p 0000e000 fd:00 794095                     /usr/lib64/libudev.so.1.6.1
7f63f407c000-7f63f407d000 rw-p 0000f000 fd:00 794095                     /usr/lib64/libudev.so.1.6.1
7f63f407d000-7f63f4085000 rw-s 00000000 00:05 52644                      /drm mm object (deleted)
7f63f4085000-7f63f408d000 rw-s 00000000 00:05 55608                      /drm mm object (deleted)
7f63f408d000-7f63f4095000 rw-s 00000000 00:05 55604                      /drm mm object (deleted)
7f63f4095000-7f63f409c000 r--s 00000000 fd:00 1050759                    /usr/lib64/gconv/gconv-modules.cache
7f63f409c000-7f63f409f000 ---p 00000000 00:00 0 
7f63f409f000-7f63f40d5000 rw-p 00000000 00:00 0                          [stack:5562]
7f63f40d5000-7f63f40d8000 ---p 00000000 00:00 0 
7f63f40d8000-7f63f41d6000 rw-p 00000000 00:00 0 
7f63f41d6000-7f63f423f000 r-xp 00000000 fd:00 924997                     /usr/java/jdk1.8.0_51/jre/lib/amd64/libt2k.so
7f63f423f000-7f63f443f000 ---p 00069000 fd:00 924997                     /usr/java/jdk1.8.0_51/jre/lib/amd64/libt2k.so
7f63f443f000-7f63f4446000 rw-p 00069000 fd:00 924997                     /usr/java/jdk1.8.0_51/jre/lib/amd64/libt2k.so
7f63f4446000-7f63f4456000 rw-p 00000000 00:00 0 
7f63f4456000-7f63f4467000 r-xp 00000000 fd:00 924986                     /usr/java/jdk1.8.0_51/jre/lib/amd64/libnio.so
7f63f4467000-7f63f4666000 ---p 00011000 fd:00 924986                     /usr/java/jdk1.8.0_51/jre/lib/amd64/libnio.so
7f63f4666000-7f63f4667000 rw-p 00010000 fd:00 924986                     /usr/java/jdk1.8.0_51/jre/lib/amd64/libnio.so
7f63f4667000-7f63f467d000 r-xp 00000000 fd:00 924985                     /usr/java/jdk1.8.0_51/jre/lib/amd64/libnet.so
7f63f467d000-7f63f487d000 ---p 00016000 fd:00 924985                     /usr/java/jdk1.8.0_51/jre/lib/amd64/libnet.so
7f63f487d000-7f63f487e000 rw-p 00016000 fd:00 924985                     /usr/java/jdk1.8.0_51/jre/lib/amd64/libnet.so
7f63f487e000-7f63f4881000 ---p 00000000 00:00 0 
7f63f4881000-7f63f497f000 rw-p 00000000 00:00 0                          [stack:5555]
7f63f497f000-7f63f4982000 ---p 00000000 00:00 0 
7f63f4982000-7f63f4a80000 rw-p 00000000 00:00 0                          [stack:5554]
7f63f4a80000-7f63f4a83000 ---p 00000000 00:00 0 
7f63f4a83000-7f63f4b81000 rw-p 00000000 00:00 0                          [stack:5553]
7f63f4b81000-7f63f4b84000 ---p 00000000 00:00 0 
7f63f4b84000-7f63f4c82000 rw-p 00000000 00:00 0                          [stack:5551]
7f63f4c82000-7f63f4c87000 r-xp 00000000 fd:00 794448                     /usr/lib64/libXfixes.so.3.1.0
7f63f4c87000-7f63f4e86000 ---p 00005000 fd:00 794448                     /usr/lib64/libXfixes.so.3.1.0
7f63f4e86000-7f63f4e87000 r--p 00004000 fd:00 794448                     /usr/lib64/libXfixes.so.3.1.0
7f63f4e87000-7f63f4e88000 rw-p 00005000 fd:00 794448                     /usr/lib64/libXfixes.so.3.1.0
7f63f4e88000-7f63f4e92000 r-xp 00000000 fd:00 794443                     /usr/lib64/libXcursor.so.1.0.2
7f63f4e92000-7f63f5091000 ---p 0000a000 fd:00 794443                     /usr/lib64/libXcursor.so.1.0.2
7f63f5091000-7f63f5092000 r--p 00009000 fd:00 794443                     /usr/lib64/libXcursor.so.1.0.2
7f63f5092000-7f63f5093000 rw-p 0000a000 fd:00 794443                     /usr/lib64/libXcursor.so.1.0.2
7f63f5093000-7f63f5096000 ---p 00000000 00:00 0 
7f63f5096000-7f63f5194000 rw-p 00000000 00:00 0                          [stack:5550]
7f63f5194000-7f63f51aa000 r-xp 00000000 fd:00 796531                     /usr/lib64/libgcc_s-4.9.2-20150212.so.1
7f63f51aa000-7f63f53a9000 ---p 00016000 fd:00 796531                     /usr/lib64/libgcc_s-4.9.2-20150212.so.1
7f63f53a9000-7f63f53aa000 r--p 00015000 fd:00 796531                     /usr/lib64/libgcc_s-4.9.2-20150212.so.1
7f63f53aa000-7f63f53ab000 rw-p 00016000 fd:00 796531                     /usr/lib64/libgcc_s-4.9.2-20150212.so.1
7f63f53ab000-7f63f5411000 r-xp 00000000 fd:00 924954                     /usr/java/jdk1.8.0_51/jre/lib/amd64/libfontmanager.so
7f63f5411000-7f63f5610000 ---p 00066000 fd:00 924954                     /usr/java/jdk1.8.0_51/jre/lib/amd64/libfontmanager.so
7f63f5610000-7f63f5614000 rw-p 00065000 fd:00 924954                     /usr/java/jdk1.8.0_51/jre/lib/amd64/libfontmanager.so
7f63f5614000-7f63f5625000 rw-p 00000000 00:00 0 
7f63f5625000-7f63f5627000 r-xp 00000000 fd:00 794441                     /usr/lib64/libXau.so.6.0.0
7f63f5627000-7f63f5827000 ---p 00002000 fd:00 794441                     /usr/lib64/libXau.so.6.0.0
7f63f5827000-7f63f5828000 r--p 00002000 fd:00 794441                     /usr/lib64/libXau.so.6.0.0
7f63f5828000-7f63f5829000 rw-p 00003000 fd:00 794441                     /usr/lib64/libXau.so.6.0.0
7f63f5829000-7f63f584a000 r-xp 00000000 fd:00 794244                     /usr/lib64/libxcb.so.1.1.0
7f63f584a000-7f63f5a49000 ---p 00021000 fd:00 794244                     /usr/lib64/libxcb.so.1.1.0
7f63f5a49000-7f63f5a4a000 r--p 00020000 fd:00 794244                     /usr/lib64/libxcb.so.1.1.0
7f63f5a4a000-7f63f5a4b000 rw-p 00021000 fd:00 794244                     /usr/lib64/libxcb.so.1.1.0
7f63f5a4b000-7f63f5a5a000 r-xp 00000000 fd:00 794451                     /usr/lib64/libXi.so.6.1.0
7f63f5a5a000-7f63f5c59000 ---p 0000f000 fd:00 794451                     /usr/lib64/libXi.so.6.1.0
7f63f5c59000-7f63f5c5a000 r--p 0000e000 fd:00 794451                     /usr/lib64/libXi.so.6.1.0
7f63f5c5a000-7f63f5c5b000 rw-p 0000f000 fd:00 794451                     /usr/lib64/libXi.so.6.1.0
7f63f5c5b000-7f63f5c60000 r-xp 00000000 fd:00 794459                     /usr/lib64/libXtst.so.6.1.0
7f63f5c60000-7f63f5e5f000 ---p 00005000 fd:00 794459                     /usr/lib64/libXtst.so.6.1.0
7f63f5e5f000-7f63f5e60000 r--p 00004000 fd:00 794459                     /usr/lib64/libXtst.so.6.1.0
7f63f5e60000-7f63f5e61000 rw-p 00005000 fd:00 794459                     /usr/lib64/libXtst.so.6.1.0
7f63f5e61000-7f63f5e6a000 r-xp 00000000 fd:00 794457                     /usr/lib64/libXrender.so.1.3.0
7f63f5e6a000-7f63f6069000 ---p 00009000 fd:00 794457                     /usr/lib64/libXrender.so.1.3.0
7f63f6069000-7f63f606a000 r--p 00008000 fd:00 794457                     /usr/lib64/libXrender.so.1.3.0
7f63f606a000-7f63f606b000 rw-p 00009000 fd:00 794457                     /usr/lib64/libXrender.so.1.3.0
7f63f606b000-7f63f61a7000 r-xp 00000000 fd:00 794439                     /usr/lib64/libX11.so.6.3.0
7f63f61a7000-7f63f63a6000 ---p 0013c000 fd:00 794439                     /usr/lib64/libX11.so.6.3.0
7f63f63a6000-7f63f63a8000 r--p 0013b000 fd:00 794439                     /usr/lib64/libX11.so.6.3.0
7f63f63a8000-7f63f63ad000 rw-p 0013d000 fd:00 794439                     /usr/lib64/libX11.so.6.3.0
7f63f63ad000-7f63f63ae000 rw-p 00000000 00:00 0 
7f63f63ae000-7f63f63bf000 r-xp 00000000 fd:00 794447                     /usr/lib64/libXext.so.6.4.0
7f63f63bf000-7f63f65be000 ---p 00011000 fd:00 794447                     /usr/lib64/libXext.so.6.4.0
7f63f65be000-7f63f65bf000 r--p 00010000 fd:00 794447                     /usr/lib64/libXext.so.6.4.0
7f63f65bf000-7f63f65c0000 rw-p 00011000 fd:00 794447                     /usr/lib64/libXext.so.6.4.0
7f63f65c0000-7f63f6614000 r-xp 00000000 fd:00 924948                     /usr/java/jdk1.8.0_51/jre/lib/amd64/libawt_xawt.so
7f63f6614000-7f63f6814000 ---p 00054000 fd:00 924948                     /usr/java/jdk1.8.0_51/jre/lib/amd64/libawt_xawt.so
7f63f6814000-7f63f6818000 rw-p 00054000 fd:00 924948                     /usr/java/jdk1.8.0_51/jre/lib/amd64/libawt_xawt.so
7f63f6818000-7f63f6819000 rw-p 00000000 00:00 0 
7f63f6819000-7f63f68bb000 r-xp 00000000 fd:00 924946                     /usr/java/jdk1.8.0_51/jre/lib/amd64/libawt.so
7f63f68bb000-7f63f6abb000 ---p 000a2000 fd:00 924946                     /usr/java/jdk1.8.0_51/jre/lib/amd64/libawt.so
7f63f6abb000-7f63f6ac7000 rw-p 000a2000 fd:00 924946                     /usr/java/jdk1.8.0_51/jre/lib/amd64/libawt.so
7f63f6ac7000-7f63f6aeb000 rw-p 00000000 00:00 0 
7f63f6aeb000-7f63f6aec000 ---p 00000000 00:00 0 
7f63f6aec000-7f63f6bec000 rw-p 00000000 00:00 0                          [stack:5549]
7f63f6bec000-7f63f6bef000 ---p 00000000 00:00 0 
7f63f6bef000-7f63f6ced000 rw-p 00000000 00:00 0                          [stack:5548]
7f63f6ced000-7f63f6cf0000 ---p 00000000 00:00 0 
7f63f6cf0000-7f63f6dee000 rw-p 00000000 00:00 0                          [stack:5547]
7f63f6dee000-7f63f6df1000 ---p 00000000 00:00 0 
7f63f6df1000-7f63f6eef000 rw-p 00000000 00:00 0                          [stack:5546]
7f63f6eef000-7f63f6ef2000 ---p 00000000 00:00 0 
7f63f6ef2000-7f63f6ff0000 rw-p 00000000 00:00 0                          [stack:5545]
7f63f6ff0000-7f63f6ff3000 ---p 00000000 00:00 0 
7f63f6ff3000-7f63f70f1000 rw-p 00000000 00:00 0                          [stack:5544]
7f63f70f1000-7f63f70f4000 ---p 00000000 00:00 0 
7f63f70f4000-7f63f71f2000 rw-p 00000000 00:00 0                          [stack:5543]
7f63f71f2000-7f63f71f5000 ---p 00000000 00:00 0 
7f63f71f5000-7f63f72f3000 rw-p 00000000 00:00 0                          [stack:5542]
7f63f72f3000-7f63f72f4000 ---p 00000000 00:00 0 
7f63f72f4000-7f63f8000000 rw-p 00000000 00:00 0                          [stack:5541]
7f63f8000000-7f63f8021000 rw-p 00000000 00:00 0 
7f63f8021000-7f63fc000000 ---p 00000000 00:00 0 
7f63fc000000-7f63fc021000 rw-p 00000000 00:00 0 
7f63fc021000-7f6400000000 ---p 00000000 00:00 0 
7f6400000000-7f6400021000 rw-p 00000000 00:00 0 
7f6400021000-7f6404000000 ---p 00000000 00:00 0 
7f6404000000-7f6404001000 rw-s 10308d000 00:06 458                       /dev/dri/card0
7f6404001000-7f6404002000 rw-s 00000000 00:05 55611                      /memfd:xshmfence (deleted)
7f6404002000-7f6404003000 rw-s 00000000 00:05 55605                      /drm mm object (deleted)
7f6404003000-7f6404004000 rw-s 00000000 00:05 56632                      /drm mm object (deleted)
7f6404004000-7f640400c000 rw-s 00000000 00:05 56625                      /drm mm object (deleted)
7f640400c000-7f6404014000 rw-s 00000000 00:05 56621                      /drm mm object (deleted)
7f6404014000-7f6404018000 r--s 00094000 fd:00 925091                     /usr/java/jdk1.8.0_51/jre/lib/jsse.jar
7f6404018000-7f640403a000 r--s 0038e000 fd:00 1329444                    /usr/java/jdk1.8.0_51/jre/lib/ext/cldrdata.jar
7f640403a000-7f6404045000 r--s 0021a000 fd:00 1329550                    /usr/java/jdk1.8.0_51/jre/lib/ext/localedata.jar
7f6404045000-7f6404076000 rw-p 00000000 00:00 0 
7f6404076000-7f640407c000 r--s 00033000 fd:02 23593367                   /home/hansmelo/workspace/airports-routes-brasil/lib/unfolding.0.9.7-uscd.jar
7f640407c000-7f6404081000 r--s 00309000 fd:02 23593366                   /home/hansmelo/workspace/airports-routes-brasil/lib/sqlite-jdbc-3.7.2.jar
7f6404081000-7f64040a4000 r--s 002ec000 fd:02 23593356                   /home/hansmelo/workspace/airports-routes-brasil/lib/jogl-all.jar
7f64040a4000-7f6404438000 rw-p 00000000 00:00 0 
7f6404438000-7f6404610000 r--s 03cc6000 fd:00 925116                     /usr/java/jdk1.8.0_51/jre/lib/rt.jar
7f6404610000-7f6409000000 rw-p 00000000 00:00 0 
7f6409000000-7f6409980000 rwxp 00000000 00:00 0 
7f6409980000-7f6418000000 ---p 00000000 00:00 0 
7f6418000000-7f6418375000 rw-p 00000000 00:00 0 
7f6418375000-7f641c000000 ---p 00000000 00:00 0 
7f641c000000-7f641c001000 rwxp 00000000 00:00 0 
7f641c001000-7f641c043000 rw-p 00000000 00:00 0 
7f641c043000-7f641c044000 ---p 00000000 00:00 0 
7f641c044000-7f641c144000 rw-p 00000000 00:00 0                          [stack:5540]
7f641c144000-7f641c145000 ---p 00000000 00:00 0 
7f641c145000-7f641c245000 rw-p 00000000 00:00 0                          [stack:5539]
7f641c245000-7f641c246000 ---p 00000000 00:00 0 
7f641c246000-7f641c346000 rw-p 00000000 00:00 0                          [stack:5538]
7f641c346000-7f641c347000 ---p 00000000 00:00 0 
7f641c347000-7f641c471000 rw-p 00000000 00:00 0                          [stack:5537]
7f641c471000-7f641c6d9000 ---p 00000000 00:00 0 
7f641c6d9000-7f641c703000 rw-p 00000000 00:00 0 
7f641c703000-7f641c96a000 ---p 00000000 00:00 0 
7f641c96a000-7f641ca4a000 rw-p 00000000 00:00 0 
7f641ca4a000-7f641cab3000 ---p 00000000 00:00 0 
7f641cab3000-7f641cada000 rw-p 00000000 00:00 0 
7f641cada000-7f641ce74000 ---p 00000000 00:00 0 
7f641ce74000-7f641ce8e000 r-xp 00000000 fd:00 925000                     /usr/java/jdk1.8.0_51/jre/lib/amd64/libzip.so
7f641ce8e000-7f641d08e000 ---p 0001a000 fd:00 925000                     /usr/java/jdk1.8.0_51/jre/lib/amd64/libzip.so
7f641d08e000-7f641d08f000 rw-p 0001a000 fd:00 925000                     /usr/java/jdk1.8.0_51/jre/lib/amd64/libzip.so
7f641d08f000-7f641d09b000 r-xp 00000000 fd:00 793842                     /usr/lib64/libnss_files-2.20.so
7f641d09b000-7f641d29a000 ---p 0000c000 fd:00 793842                     /usr/lib64/libnss_files-2.20.so
7f641d29a000-7f641d29b000 r--p 0000b000 fd:00 793842                     /usr/lib64/libnss_files-2.20.so
7f641d29b000-7f641d29c000 rw-p 0000c000 fd:00 793842                     /usr/lib64/libnss_files-2.20.so
7f641d29c000-7f641d2c6000 r-xp 00000000 fd:00 924964                     /usr/java/jdk1.8.0_51/jre/lib/amd64/libjava.so
7f641d2c6000-7f641d4c6000 ---p 0002a000 fd:00 924964                     /usr/java/jdk1.8.0_51/jre/lib/amd64/libjava.so
7f641d4c6000-7f641d4c8000 rw-p 0002a000 fd:00 924964                     /usr/java/jdk1.8.0_51/jre/lib/amd64/libjava.so
7f641d4c8000-7f641d4d5000 r-xp 00000000 fd:00 924999                     /usr/java/jdk1.8.0_51/jre/lib/amd64/libverify.so
7f641d4d5000-7f641d6d5000 ---p 0000d000 fd:00 924999                     /usr/java/jdk1.8.0_51/jre/lib/amd64/libverify.so
7f641d6d5000-7f641d6d7000 rw-p 0000d000 fd:00 924999                     /usr/java/jdk1.8.0_51/jre/lib/amd64/libverify.so
7f641d6d7000-7f641d6de000 r-xp 00000000 fd:00 793964                     /usr/lib64/librt-2.20.so
7f641d6de000-7f641d8dd000 ---p 00007000 fd:00 793964                     /usr/lib64/librt-2.20.so
7f641d8dd000-7f641d8de000 r--p 00006000 fd:00 793964                     /usr/lib64/librt-2.20.so
7f641d8de000-7f641d8df000 rw-p 00007000 fd:00 793964                     /usr/lib64/librt-2.20.so
7f641d8df000-7f641d9e6000 r-xp 00000000 fd:00 793447                     /usr/lib64/libm-2.20.so
7f641d9e6000-7f641dbe5000 ---p 00107000 fd:00 793447                     /usr/lib64/libm-2.20.so
7f641dbe5000-7f641dbe6000 r--p 00106000 fd:00 793447                     /usr/lib64/libm-2.20.so
7f641dbe6000-7f641dbe7000 rw-p 00107000 fd:00 793447                     /usr/lib64/libm-2.20.so
7f641dbe7000-7f641e895000 r-xp 00000000 fd:00 925004                     /usr/java/jdk1.8.0_51/jre/lib/amd64/server/libjvm.so
7f641e895000-7f641ea95000 ---p 00cae000 fd:00 925004                     /usr/java/jdk1.8.0_51/jre/lib/amd64/server/libjvm.so
7f641ea95000-7f641eb6c000 rw-p 00cae000 fd:00 925004                     /usr/java/jdk1.8.0_51/jre/lib/amd64/server/libjvm.so
7f641eb6c000-7f641ebb0000 rw-p 00000000 00:00 0 
7f641ebb0000-7f641ed63000 r-xp 00000000 fd:00 793314                     /usr/lib64/libc-2.20.so
7f641ed63000-7f641ef63000 ---p 001b3000 fd:00 793314                     /usr/lib64/libc-2.20.so
7f641ef63000-7f641ef67000 r--p 001b3000 fd:00 793314                     /usr/lib64/libc-2.20.so
7f641ef67000-7f641ef69000 rw-p 001b7000 fd:00 793314                     /usr/lib64/libc-2.20.so
7f641ef69000-7f641ef6d000 rw-p 00000000 00:00 0 
7f641ef6d000-7f641ef70000 r-xp 00000000 fd:00 793424                     /usr/lib64/libdl-2.20.so
7f641ef70000-7f641f16f000 ---p 00003000 fd:00 793424                     /usr/lib64/libdl-2.20.so
7f641f16f000-7f641f170000 r--p 00002000 fd:00 793424                     /usr/lib64/libdl-2.20.so
7f641f170000-7f641f171000 rw-p 00003000 fd:00 793424                     /usr/lib64/libdl-2.20.so
7f641f171000-7f641f186000 r-xp 00000000 fd:00 1057343                    /usr/java/jdk1.8.0_51/lib/amd64/jli/libjli.so
7f641f186000-7f641f386000 ---p 00015000 fd:00 1057343                    /usr/java/jdk1.8.0_51/lib/amd64/jli/libjli.so
7f641f386000-7f641f387000 rw-p 00015000 fd:00 1057343                    /usr/java/jdk1.8.0_51/lib/amd64/jli/libjli.so
7f641f387000-7f641f39e000 r-xp 00000000 fd:00 793846                     /usr/lib64/libpthread-2.20.so
7f641f39e000-7f641f59d000 ---p 00017000 fd:00 793846                     /usr/lib64/libpthread-2.20.so
7f641f59d000-7f641f59e000 r--p 00016000 fd:00 793846                     /usr/lib64/libpthread-2.20.so
7f641f59e000-7f641f59f000 rw-p 00017000 fd:00 793846                     /usr/lib64/libpthread-2.20.so
7f641f59f000-7f641f5a3000 rw-p 00000000 00:00 0 
7f641f5a3000-7f641f5c4000 r-xp 00000000 fd:00 796293                     /usr/lib64/ld-2.20.so
7f641f5c4000-7f641f5c5000 rw-s 00000000 00:05 56622                      /drm mm object (deleted)
7f641f5c5000-7f641f5c6000 rw-s 10308c000 00:06 458                       /dev/dri/card0
7f641f5c6000-7f641f5c7000 r--p 00000000 00:00 0 
7f641f5c7000-7f641f5ce000 r--s 00059000 fd:02 23593364                   /home/hansmelo/workspace/airports-routes-brasil/lib/log4j-1.2.15.jar
7f641f5ce000-7f641f5cf000 r--s 00005000 fd:02 23593358                   /home/hansmelo/workspace/airports-routes-brasil/lib/libTUIO.jar
7f641f5cf000-7f641f5d0000 r--s 00007000 fd:02 23593357                   /home/hansmelo/workspace/airports-routes-brasil/lib/json4processing.jar
7f641f5d0000-7f641f5d1000 r--s 0002d000 fd:02 23593354                   /home/hansmelo/workspace/airports-routes-brasil/lib/jogl-all-natives-windows-i586.jar
7f641f5d1000-7f641f5d3000 r--s 00034000 fd:02 23593352                   /home/hansmelo/workspace/airports-routes-brasil/lib/jogl-all-natives-windows-amd64.jar
7f641f5d3000-7f641f5d4000 r--s 00064000 fd:02 23593350                   /home/hansmelo/workspace/airports-routes-brasil/lib/jogl-all-natives-macosx-universal.jar
7f641f5d4000-7f641f69f000 rw-p 00000000 00:00 0 
7f641f69f000-7f641f6a2000 ---p 00000000 00:00 0 
7f641f6a2000-7f641f7a4000 rw-p 00000000 00:00 0                          [stack:5536]
7f641f7a4000-7f641f7a5000 r--s 0002d000 fd:02 23593349                   /home/hansmelo/workspace/airports-routes-brasil/lib/jogl-all-natives-linux-i586.jar
7f641f7a5000-7f641f7a6000 r--s 00023000 fd:02 23593347                   /home/hansmelo/workspace/airports-routes-brasil/lib/jogl-all-natives-linux-armv6hf.jar
7f641f7a6000-7f641f7a7000 r--s 0002f000 fd:02 23593346                   /home/hansmelo/workspace/airports-routes-brasil/lib/jogl-all-natives-linux-amd64.jar
7f641f7a7000-7f641f7ad000 r--s 00041000 fd:02 23593344                   /home/hansmelo/workspace/airports-routes-brasil/lib/gluegen-rt.jar
7f641f7ad000-7f641f7ae000 r--s 00001000 fd:02 23593342                   /home/hansmelo/workspace/airports-routes-brasil/lib/gluegen-rt-natives-windows-i586.jar
7f641f7ae000-7f641f7af000 r--s 00001000 fd:02 23593333                   /home/hansmelo/workspace/airports-routes-brasil/lib/gluegen-rt-natives-windows-amd64.jar
7f641f7af000-7f641f7b0000 r--s 00001000 fd:02 23593331                   /home/hansmelo/workspace/airports-routes-brasil/lib/gluegen-rt-natives-macosx-universal.jar
7f641f7b0000-7f641f7b2000 r--s 00000000 fd:02 23593329                   /home/hansmelo/workspace/airports-routes-brasil/lib/gluegen-rt-natives-linux-i586.jar
7f641f7b2000-7f641f7b3000 r--s 00000000 fd:02 23593328                   /home/hansmelo/workspace/airports-routes-brasil/lib/gluegen-rt-natives-linux-armv6hf.jar
7f641f7b3000-7f641f7b5000 r--s 00000000 fd:02 23593326                   /home/hansmelo/workspace/airports-routes-brasil/lib/gluegen-rt-natives-linux-amd64.jar
7f641f7b5000-7f641f7b9000 r--s 0009a000 fd:02 23593232                   /home/hansmelo/workspace/airports-routes-brasil/lib/core.jar
7f641f7b9000-7f641f7c1000 rw-s 00000000 00:25 56590                      /tmp/hsperfdata_hansmelo/5531
7f641f7c1000-7f641f7c2000 rw-p 00000000 00:00 0 
7f641f7c2000-7f641f7c3000 r--p 00000000 00:00 0 
7f641f7c3000-7f641f7c4000 rw-p 00000000 00:00 0 
7f641f7c4000-7f641f7c5000 r--p 00021000 fd:00 796293                     /usr/lib64/ld-2.20.so
7f641f7c5000-7f641f7c6000 rw-p 00022000 fd:00 796293                     /usr/lib64/ld-2.20.so
7f641f7c6000-7f641f7c7000 rw-p 00000000 00:00 0 
7ffecbc58000-7ffecbc7a000 rw-p 00000000 00:00 0                          [stack]
7ffecbd71000-7ffecbd73000 r--p 00000000 00:00 0                          [vvar]
7ffecbd73000-7ffecbd75000 r-xp 00000000 00:00 0                          [vdso]
ffffffffff600000-ffffffffff601000 r-xp 00000000 00:00 0                  [vsyscall]

VM Arguments:
jvm_args: -Djava.security.policy=java.policy.applet -Dfile.encoding=UTF-8 
java_command: sun.applet.AppletViewer com.airport.AirportMap1456604015731.html
java_class_path (initial): /home/hansmelo/workspace/airports-routes-brasil/bin:/home/hansmelo/workspace/airports-routes-brasil/lib/core.jar:/home/hansmelo/workspace/airports-routes-brasil/lib/gluegen-rt-natives-linux-amd64.jar:/home/hansmelo/workspace/airports-routes-brasil/lib/gluegen-rt-natives-linux-armv6hf.jar:/home/hansmelo/workspace/airports-routes-brasil/lib/gluegen-rt-natives-linux-i586.jar:/home/hansmelo/workspace/airports-routes-brasil/lib/gluegen-rt-natives-macosx-universal.jar:/home/hansmelo/workspace/airports-routes-brasil/lib/gluegen-rt-natives-windows-amd64.jar:/home/hansmelo/workspace/airports-routes-brasil/lib/gluegen-rt-natives-windows-i586.jar:/home/hansmelo/workspace/airports-routes-brasil/lib/gluegen-rt.jar:/home/hansmelo/workspace/airports-routes-brasil/lib/jogl-all-natives-linux-amd64.jar:/home/hansmelo/workspace/airports-routes-brasil/lib/jogl-all-natives-linux-armv6hf.jar:/home/hansmelo/workspace/airports-routes-brasil/lib/jogl-all-natives-linux-i586.jar:/home/hansmelo/workspace/airports-routes-brasil/lib/jogl-all-natives-macosx-universal.jar:/home/hansmelo/workspace/airports-routes-brasil/lib/jogl-all-natives-windows-amd64.jar:/home/hansmelo/workspace/airports-routes-brasil/lib/jogl-all-natives-windows-i586.jar:/home/hansmelo/workspace/airports-routes-brasil/lib/jogl-all.jar:/home/hansmelo/workspace/airports-routes-brasil/lib/json4processing.jar:/home/hansmelo/workspace/airports-routes-brasil/lib/libTUIO.jar:/home/hansmelo/workspace/airports-routes-brasil/lib/log4j-1.2.15.jar:/home/hansmelo/workspace/airports-routes-brasil/lib/sqlite-jdbc-3.7.2.jar:/home/hansmelo/workspace/airports-routes-brasil/lib/unfolding.0.9.7-uscd.jar
Launcher Type: SUN_STANDARD

Environment Variables:
PATH=/usr/lib64/qt-3.3/bin:/home/hansmelo/.rvm/gems/ruby-2.2.1/bin:/home/hansmelo/.rvm/gems/ruby-2.2.1@global/bin:/home/hansmelo/.rvm/rubies/ruby-2.2.1/bin:/usr/local/bin:/usr/local/sbin:/usr/bin:/usr/sbin:/bin:/sbin:/home/hansmelo/.rvm/bin:/opt/gradle/latest/bin:/home/hansmelo/.rvm/bin:/home/hansmelo/lein:/home/hansmelo/.local/bin:/home/hansmelo/bin:/opt/gradle/latest/bin:/home/hansmelo/.rvm/bin:/home/hansmelo/lein
USERNAME=hansmelo
SHELL=/bin/bash
DISPLAY=:0

Signal Handlers:
SIGSEGV: [libjvm.so+0xaad540], sa_mask[0]=11111111011111111101111111111110, sa_flags=SA_RESTART|SA_SIGINFO
SIGBUS: [libjvm.so+0xaad540], sa_mask[0]=11111111011111111101111111111110, sa_flags=SA_RESTART|SA_SIGINFO
SIGFPE: [libjvm.so+0x90b6b0], sa_mask[0]=11111111011111111101111111111110, sa_flags=SA_RESTART|SA_SIGINFO
SIGPIPE: [libjvm.so+0x90b6b0], sa_mask[0]=11111111011111111101111111111110, sa_flags=SA_RESTART|SA_SIGINFO
SIGXFSZ: [libjvm.so+0x90b6b0], sa_mask[0]=11111111011111111101111111111110, sa_flags=SA_RESTART|SA_SIGINFO
SIGILL: [libjvm.so+0x90b6b0], sa_mask[0]=11111111011111111101111111111110, sa_flags=SA_RESTART|SA_SIGINFO
SIGUSR1: SIG_DFL, sa_mask[0]=00000000000000000000000000000000, sa_flags=none
SIGUSR2: [libjvm.so+0x90ccf0], sa_mask[0]=00100000000000000000000000000000, sa_flags=SA_RESTART|SA_SIGINFO
SIGHUP: [libjvm.so+0x90e040], sa_mask[0]=11111111011111111101111111111110, sa_flags=SA_RESTART|SA_SIGINFO
SIGINT: [libjvm.so+0x90e040], sa_mask[0]=11111111011111111101111111111110, sa_flags=SA_RESTART|SA_SIGINFO
SIGTERM: [libjvm.so+0x90e040], sa_mask[0]=11111111011111111101111111111110, sa_flags=SA_RESTART|SA_SIGINFO
SIGQUIT: [libjvm.so+0x90e040], sa_mask[0]=11111111011111111101111111111110, sa_flags=SA_RESTART|SA_SIGINFO


---------------  S Y S T E M  ---------------

OS:Fedora release 21 (Twenty One)

uname:Linux 4.1.13-100.fc21.x86_64 #1 SMP Tue Nov 10 13:13:20 UTC 2015 x86_64
libc:glibc 2.20 NPTL 2.20 
rlimit: STACK 8192k, CORE 0k, NPROC 4096, NOFILE 4096, AS infinity
load average:1.69 1.42 1.32

/proc/meminfo:
MemTotal:        8069844 kB
MemFree:         4482412 kB
MemAvailable:    5430688 kB
Buffers:           79940 kB
Cached:          1268384 kB
SwapCached:            0 kB
Active:          2404532 kB
Inactive:         948776 kB
Active(anon):    2007080 kB
Inactive(anon):   419348 kB
Active(file):     397452 kB
Inactive(file):   529428 kB
Unevictable:          44 kB
Mlocked:              44 kB
SwapTotal:       8126460 kB
SwapFree:        8126460 kB
Dirty:              4648 kB
Writeback:             0 kB
AnonPages:       2004880 kB
Mapped:           376552 kB
Shmem:            421452 kB
Slab:             109928 kB
SReclaimable:      63684 kB
SUnreclaim:        46244 kB
KernelStack:        8720 kB
PageTables:        34696 kB
NFS_Unstable:          0 kB
Bounce:                0 kB
WritebackTmp:          0 kB
CommitLimit:    12161380 kB
Committed_AS:    5800436 kB
VmallocTotal:   34359738367 kB
VmallocUsed:      579476 kB
VmallocChunk:   34358423548 kB
HardwareCorrupted:     0 kB
AnonHugePages:         0 kB
HugePages_Total:       0
HugePages_Free:        0
HugePages_Rsvd:        0
HugePages_Surp:        0
Hugepagesize:       2048 kB
DirectMap4k:      142080 kB
DirectMap2M:     2897920 kB
DirectMap1G:     6291456 kB


CPU:total 4 (2 cores per cpu, 2 threads per core) family 6 model 69 stepping 1, cmov, cx8, fxsr, mmx, sse, sse2, sse3, ssse3, sse4.1, sse4.2, popcnt, avx, avx2, aes, clmul, erms, lzcnt, ht, tsc, tscinvbit, bmi1, bmi2

/proc/cpuinfo:
processor	: 0
vendor_id	: GenuineIntel
cpu family	: 6
model		: 69
model name	: Intel(R) Core(TM) i7-4500U CPU @ 1.80GHz
stepping	: 1
microcode	: 0x1c
cpu MHz		: 1883.156
cache size	: 4096 KB
physical id	: 0
siblings	: 4
core id		: 0
cpu cores	: 2
apicid		: 0
initial apicid	: 0
fpu		: yes
fpu_exception	: yes
cpuid level	: 13
wp		: yes
flags		: fpu vme de pse tsc msr pae mce cx8 apic sep mtrr pge mca cmov pat pse36 clflush dts acpi mmx fxsr sse sse2 ss ht tm pbe syscall nx pdpe1gb rdtscp lm constant_tsc arch_perfmon pebs bts rep_good nopl xtopology nonstop_tsc aperfmperf eagerfpu pni pclmulqdq dtes64 monitor ds_cpl vmx est tm2 ssse3 fma cx16 xtpr pdcm pcid sse4_1 sse4_2 movbe popcnt tsc_deadline_timer aes xsave avx f16c rdrand lahf_lm abm ida arat epb pln pts dtherm tpr_shadow vnmi flexpriority ept vpid fsgsbase tsc_adjust bmi1 avx2 smep bmi2 erms invpcid xsaveopt
bugs		:
bogomips	: 4788.83
clflush size	: 64
cache_alignment	: 64
address sizes	: 39 bits physical, 48 bits virtual
power management:

processor	: 1
vendor_id	: GenuineIntel
cpu family	: 6
model		: 69
model name	: Intel(R) Core(TM) i7-4500U CPU @ 1.80GHz
stepping	: 1
microcode	: 0x1c
cpu MHz		: 2325.468
cache size	: 4096 KB
physical id	: 0
siblings	: 4
core id		: 0
cpu cores	: 2
apicid		: 1
initial apicid	: 1
fpu		: yes
fpu_exception	: yes
cpuid level	: 13
wp		: yes
flags		: fpu vme de pse tsc msr pae mce cx8 apic sep mtrr pge mca cmov pat pse36 clflush dts acpi mmx fxsr sse sse2 ss ht tm pbe syscall nx pdpe1gb rdtscp lm constant_tsc arch_perfmon pebs bts rep_good nopl xtopology nonstop_tsc aperfmperf eagerfpu pni pclmulqdq dtes64 monitor ds_cpl vmx est tm2 ssse3 fma cx16 xtpr pdcm pcid sse4_1 sse4_2 movbe popcnt tsc_deadline_timer aes xsave avx f16c rdrand lahf_lm abm ida arat epb pln pts dtherm tpr_shadow vnmi flexpriority ept vpid fsgsbase tsc_adjust bmi1 avx2 smep bmi2 erms invpcid xsaveopt
bugs		:
bogomips	: 4788.83
clflush size	: 64
cache_alignment	: 64
address sizes	: 39 bits physical, 48 bits virtual
power management:

processor	: 2
vendor_id	: GenuineIntel
cpu family	: 6
model		: 69
model name	: Intel(R) Core(TM) i7-4500U CPU @ 1.80GHz
stepping	: 1
microcode	: 0x1c
cpu MHz		: 2697.937
cache size	: 4096 KB
physical id	: 0
siblings	: 4
core id		: 1
cpu cores	: 2
apicid		: 2
initial apicid	: 2
fpu		: yes
fpu_exception	: yes
cpuid level	: 13
wp		: yes
flags		: fpu vme de pse tsc msr pae mce cx8 apic sep mtrr pge mca cmov pat pse36 clflush dts acpi mmx fxsr sse sse2 ss ht tm pbe syscall nx pdpe1gb rdtscp lm constant_tsc arch_perfmon pebs bts rep_good nopl xtopology nonstop_tsc aperfmperf eagerfpu pni pclmulqdq dtes64 monitor ds_cpl vmx est tm2 ssse3 fma cx16 xtpr pdcm pcid sse4_1 sse4_2 movbe popcnt tsc_deadline_timer aes xsave avx f16c rdrand lahf_lm abm ida arat epb pln pts dtherm tpr_shadow vnmi flexpriority ept vpid fsgsbase tsc_adjust bmi1 avx2 smep bmi2 erms invpcid xsaveopt
bugs		:
bogomips	: 4788.83
clflush size	: 64
cache_alignment	: 64
address sizes	: 39 bits physical, 48 bits virtual
power management:

processor	: 3
vendor_id	: GenuineIntel
cpu family	: 6
model		: 69
model name	: Intel(R) Core(TM) i7-4500U CPU @ 1.80GHz
stepping	: 1
microcode	: 0x1c
cpu MHz		: 2433.656
cache size	: 4096 KB
physical id	: 0
siblings	: 4
core id		: 1
cpu cores	: 2
apicid		: 3
initial apicid	: 3
fpu		: yes
fpu_exception	: yes
cpuid level	: 13
wp		: yes
flags		: fpu vme de pse tsc msr pae mce cx8 apic sep mtrr pge mca cmov pat pse36 clflush dts acpi mmx fxsr sse sse2 ss ht tm pbe syscall nx pdpe1gb rdtscp lm constant_tsc arch_perfmon pebs bts rep_good nopl xtopology nonstop_tsc aperfmperf eagerfpu pni pclmulqdq dtes64 monitor ds_cpl vmx est tm2 ssse3 fma cx16 xtpr pdcm pcid sse4_1 sse4_2 movbe popcnt tsc_deadline_timer aes xsave avx f16c rdrand lahf_lm abm ida arat epb pln pts dtherm tpr_shadow vnmi flexpriority ept vpid fsgsbase tsc_adjust bmi1 avx2 smep bmi2 erms invpcid xsaveopt
bugs		:
bogomips	: 4788.83
clflush size	: 64
cache_alignment	: 64
address sizes	: 39 bits physical, 48 bits virtual
power management:



Memory: 4k page, physical 8069844k(4482412k free), swap 8126460k(8126460k free)

vm_info: Java HotSpot(TM) 64-Bit Server VM (25.51-b03) for linux-amd64 JRE (1.8.0_51-b16), built on Jun  8 2015 19:28:07 by "java_re" with gcc 4.3.0 20080428 (Red Hat 4.3.0-8)

time: Sat Feb 27 17:13:55 2016
elapsed time: 20 seconds (0d 0h 0m 20s)

